-------------------------------------------------------------------------------
Test set: com.apiTests.runner.RunCucumberTest
-------------------------------------------------------------------------------
Tests run: 39, Failures: 2, Errors: 0, Skipped: 0, Time elapsed: 34.783 s <<< FAILURE! - in com.apiTests.runner.RunCucumberTest
Get Detections.Detection controller service, filter classificationTyp #10  Time elapsed: 0.597 s  <<< FAILURE!
org.opentest4j.AssertionFailedError: No matching classification type found for: YETKİLİ
	at org.junit.jupiter.api.AssertionUtils.fail(AssertionUtils.java:38)
	at org.junit.jupiter.api.Assertions.fail(Assertions.java:135)
	at com.apiTests.requests.serviceRequests.detection_controller.ClassificationTypesTests.ClassificationType(ClassificationTypesTests.java:107)
	at com.apiTests.requests.serviceRequests.detection_controller.ClassificationTypesTests.ClassificationType(ClassificationTypesTests.java:66)
	at com.apiTests.serviceSteps.serviceTestSteps.detectionController.GetDetectionsSteps.setGetDetectionClassificationType(GetDetectionsSteps.java:31)
	at ✽.the user need to enter classificationType: "YETKİLİ"(file:///C:/Users/ALIRIZA/Desktop/api-test-otomasyonu/src/test/resources/features/02-detection-controller/01_GetDetections.feature:18)

Get Detections.Detection controller service, filter finishTime  Time elapsed: 0.757 s  <<< FAILURE!
org.opentest4j.AssertionFailedError: The start time is null but the finish time is not null: This situation is not possible!
	at org.junit.jupiter.api.AssertionUtils.fail(AssertionUtils.java:38)
	at org.junit.jupiter.api.Assertions.fail(Assertions.java:135)
	at com.apiTests.requests.serviceRequests.detection_controller.GetDetectionsTests.filterTime(GetDetectionsTests.java:294)
	at com.apiTests.requests.serviceRequests.detection_controller.GetDetectionsTests.GetDetections(GetDetectionsTests.java:108)
	at com.apiTests.serviceSteps.serviceTestSteps.detectionController.GetDetectionsSteps.getDetections(GetDetectionsSteps.java:80)
	at ✽.the user gets Detections for "0" and "10"(file:///C:/Users/ALIRIZA/Desktop/api-test-otomasyonu/src/test/resources/features/02-detection-controller/01_GetDetections.feature:84)

