<?xml version="1.0" encoding="UTF-8"?>
<testsuite xmlns:xsi="http://www.w3.org/2001/XMLSchema-instance" xsi:noNamespaceSchemaLocation="https://maven.apache.org/surefire/maven-surefire-plugin/xsd/surefire-test-report-3.0.xsd" version="3.0" name="com.apiTests.runner.RunCucumberTest" time="34.783" tests="39" errors="0" skipped="0" failures="2">
  <properties>
[...]
</properties>
  <testcase name="User tries to log in with a valid username and an invalid password #1" classname="User Login" time="2.571">
    <system-out><![CDATA[2024-12-05T14:06:41.245994800Z main ERROR Policies has no parameter that matches element Delete
2024-12-05 17:06:44.816 [main] INFO  com.apiTests.requests.serviceRequests.user_controller.LoginTests - Response received: User is unauthorized
2024-12-05 17:06:44.816 [main] INFO  com.apiTests.requests.serviceRequests.user_controller.LoginTests - Status Code: 401
2024-12-05 17:06:44.816 [main] ERROR com.apiTests.requests.serviceRequests.user_controller.LoginTests - Unexpected content type: text/plain;charset=UTF-8
2024-12-05 17:06:44.832 [main] INFO  com.apiTests.serviceSteps.serviceTestSteps.userController.LoginSteps - The system has not logged in with a valid username and invalid password
]]></system-out>
  </testcase>
  <testcase name="User tries to log in with a valid username and an invalid password #2" classname="User Login" time="0.284">
    <system-out><![CDATA[2024-12-05 17:06:45.195 [main] INFO  com.apiTests.requests.serviceRequests.user_controller.LoginTests - Response received: User is unauthorized
2024-12-05 17:06:45.195 [main] INFO  com.apiTests.requests.serviceRequests.user_controller.LoginTests - Status Code: 401
2024-12-05 17:06:45.195 [main] ERROR com.apiTests.requests.serviceRequests.user_controller.LoginTests - Unexpected content type: text/plain;charset=UTF-8
2024-12-05 17:06:45.195 [main] INFO  com.apiTests.serviceSteps.serviceTestSteps.userController.LoginSteps - The system has not logged in with a valid username and invalid password
]]></system-out>
  </testcase>
  <testcase name="User tries to log in with a valid username and an invalid password #3" classname="User Login" time="0.506">
    <system-out><![CDATA[2024-12-05 17:06:45.716 [main] INFO  com.apiTests.requests.serviceRequests.user_controller.LoginTests - Response received: User is unauthorized
2024-12-05 17:06:45.716 [main] INFO  com.apiTests.requests.serviceRequests.user_controller.LoginTests - Status Code: 401
2024-12-05 17:06:45.716 [main] ERROR com.apiTests.requests.serviceRequests.user_controller.LoginTests - Unexpected content type: text/plain;charset=UTF-8
2024-12-05 17:06:45.716 [main] INFO  com.apiTests.serviceSteps.serviceTestSteps.userController.LoginSteps - The system has not logged in with a valid username and invalid password
]]></system-out>
  </testcase>
  <testcase name="User tries to log in with a valid username and an invalid password #4" classname="User Login" time="0.282">
    <system-out><![CDATA[2024-12-05 17:06:46.005 [main] INFO  com.apiTests.requests.serviceRequests.user_controller.LoginTests - Response received: User is unauthorized
2024-12-05 17:06:46.006 [main] INFO  com.apiTests.requests.serviceRequests.user_controller.LoginTests - Status Code: 401
2024-12-05 17:06:46.006 [main] ERROR com.apiTests.requests.serviceRequests.user_controller.LoginTests - Unexpected content type: text/plain;charset=UTF-8
2024-12-05 17:06:46.007 [main] INFO  com.apiTests.serviceSteps.serviceTestSteps.userController.LoginSteps - The system has not logged in with a valid username and invalid password
]]></system-out>
  </testcase>
  <testcase name="User tries to log in with a valid username and an invalid password #5" classname="User Login" time="0.305">
    <system-out><![CDATA[2024-12-05 17:06:46.305 [main] INFO  com.apiTests.requests.serviceRequests.user_controller.LoginTests - Response received: User is unauthorized
2024-12-05 17:06:46.305 [main] INFO  com.apiTests.requests.serviceRequests.user_controller.LoginTests - Status Code: 401
2024-12-05 17:06:46.305 [main] ERROR com.apiTests.requests.serviceRequests.user_controller.LoginTests - Unexpected content type: text/plain;charset=UTF-8
2024-12-05 17:06:46.321 [main] INFO  com.apiTests.serviceSteps.serviceTestSteps.userController.LoginSteps - The system has not logged in with a valid username and invalid password
]]></system-out>
  </testcase>
  <testcase name="User tries to log in with a valid username and an empty password" classname="User Login" time="0.311">
    <system-out><![CDATA[2024-12-05 17:06:46.623 [main] INFO  com.apiTests.requests.serviceRequests.user_controller.LoginTests - Response received: User is unauthorized
2024-12-05 17:06:46.623 [main] INFO  com.apiTests.requests.serviceRequests.user_controller.LoginTests - Status Code: 401
2024-12-05 17:06:46.623 [main] ERROR com.apiTests.requests.serviceRequests.user_controller.LoginTests - Unexpected content type: text/plain;charset=UTF-8
2024-12-05 17:06:46.625 [main] INFO  com.apiTests.serviceSteps.serviceTestSteps.userController.LoginSteps - The system has not logged in with a valid username and empty password
]]></system-out>
  </testcase>
  <testcase name="User tries to log in with a valid username and password" classname="User Login" time="1.079">
    <system-out><![CDATA[2024-12-05 17:06:46.940 [main] INFO  com.apiTests.requests.serviceRequests.user_controller.LoginTests - Response received: {"user":{"name":"Sistem Yöneticisi","surname":"ASELSAN","username":"aselsan","detail":{"identityNumber":null,"email":null,"phoneNumber":null,"rank":null,"profilePicture":null,"supervisor":{"name":null,"surname":null}},"pushToken":null,"userLevelId":5,"userLevelName":"Aselsan","id":10},"tokenDetails":{"accessToken":"eyJ0eXAiOiJKV1QiLCJhbGciOiJIUzUxMiJ9.eyJzdWIiOiIxOSIsImF1ZCI6ImFjY2VzcyIsInVzciI6IlNpc3RlbSBZw7ZuZXRpY2lzaSBBU0VMU0FOIiwiaXNzIjoiYXNlbHNhbi5rYXJkZWxlbiIsInJqdGkiOiI5YzU0OWY3NC0xMDdhLTQzYTEtOGE3ZC1iMzQxNWE2Yzk4NTAiLCJleHAiOjE3MzM0MDgyMDUsImlhdCI6MTczMzQwNzYwNSwianRpIjoiODZmMTA3ZWItOTJkYy00Mzg0LWI1YWMtOTNjY2MyYWI4NDdmIn0.xndnVjlsWetieNG9Wa7mmUyf8eX3XE4ptHH_0bTw5bHUacft0BIafoAn-MD7_r-ewibIb2R09CkBhfwihfaVIA","refreshToken":"eyJ0eXAiOiJKV1QiLCJhbGciOiJIUzUxMiJ9.eyJzdWIiOiIxOSIsImF1ZCI6InJlZnJlc2giLCJpc3MiOiJhc2Vsc2FuLmthcmRlbGVuIiwiZXhwIjoxNzMzNDQzNjA1LCJpYXQiOjE3MzM0MDc2MDUsImp0aSI6IjljNTQ5Zjc0LTEwN2EtNDNhMS04YTdkLWIzNDE1YTZjOTg1MCJ9.nCVNRDp4roDK8I1cNDxkuRwxT0nq_tDTQqGywqcsJR60bGyNnjCZUCfp7gl7yfyjJUGIhB8I0aN60rhNS5jQdg"},"authorities":["right.detection.createdetection","right.detection.map","right.detection.detail","right.detection.detail.read","right.detection.detail.update","right.detection.filter","right.detection.sort","right.detection.sosmessage","right.task.filter","right.task.sort","right.task.detail","right.task.detail.read","right.task.detail.starttask","right.sensor.list","right.sensor.map","right.sensor.filter","right.sensor.sort","right.profile.read","right.detection","right.task","right.sensor","right.profile","right.detection.incominglist","right.task.outgoinglist","right.detection.outgoinglist","right.task.incominglist","right.task.attachments.list","right.alarm","right.alarm.list","right.alarm.map","right.alarm.filter","right.profile.usermanagement","right.profile.usermanagement.groupauthorization","right.profile.usermanagement.usergroup","right.sensor.detail","right.sensor.detail.read","right.sensor.detail.livestream"]}
2024-12-05 17:06:46.940 [main] INFO  com.apiTests.requests.serviceRequests.user_controller.LoginTests - Status Code: 200
2024-12-05 17:06:47.702 [main] INFO  com.apiTests.serviceSteps.serviceTestSteps.userController.LoginSteps - The system has been logged in with a valid username and password
2024-12-05 17:06:47.705 [main] INFO  com.apiTests.serviceSteps.serviceTestSteps.userController.LoginSteps - The username in the response matches the request
2024-12-05 17:06:47.707 [main] INFO  com.apiTests.requests.HelperMethod - The content was successfully written to the file: src/test/resources/txtFiles/accessToken.txt
2024-12-05 17:06:47.708 [main] INFO  com.apiTests.serviceSteps.serviceTestSteps.userController.LoginSteps - The Access Token has been saved: eyJ0eXAiOiJKV1QiLCJhbGciOiJIUzUxMiJ9.eyJzdWIiOiIxOSIsImF1ZCI6ImFjY2VzcyIsInVzciI6IlNpc3RlbSBZw7ZuZXRpY2lzaSBBU0VMU0FOIiwiaXNzIjoiYXNlbHNhbi5rYXJkZWxlbiIsInJqdGkiOiI5YzU0OWY3NC0xMDdhLTQzYTEtOGE3ZC1iMzQxNWE2Yzk4NTAiLCJleHAiOjE3MzM0MDgyMDUsImlhdCI6MTczMzQwNzYwNSwianRpIjoiODZmMTA3ZWItOTJkYy00Mzg0LWI1YWMtOTNjY2MyYWI4NDdmIn0.xndnVjlsWetieNG9Wa7mmUyf8eX3XE4ptHH_0bTw5bHUacft0BIafoAn-MD7_r-ewibIb2R09CkBhfwihfaVIA
]]></system-out>
  </testcase>
  <testcase name="User tries to log in with a valid username and an hashed password, and a false query" classname="User Login" time="0.408">
    <system-out><![CDATA[2024-12-05 17:06:48.081 [main] INFO  com.apiTests.requests.serviceRequests.user_controller.LoginTests - Response received: {"user":{"name":"Sistem Yöneticisi","surname":"ASELSAN","username":"aselsan","detail":{"identityNumber":null,"email":null,"phoneNumber":null,"rank":null,"profilePicture":null,"supervisor":{"name":null,"surname":null}},"pushToken":null,"userLevelId":5,"userLevelName":"Aselsan","id":10},"tokenDetails":{"accessToken":"eyJ0eXAiOiJKV1QiLCJhbGciOiJIUzUxMiJ9.eyJzdWIiOiIxOSIsImF1ZCI6ImFjY2VzcyIsInVzciI6IlNpc3RlbSBZw7ZuZXRpY2lzaSBBU0VMU0FOIiwiaXNzIjoiYXNlbHNhbi5rYXJkZWxlbiIsInJqdGkiOiIxZmVlM2QxMS1mZDE4LTQ3NzEtOTZmMi00ZTI2MDhkYWNjOWMiLCJleHAiOjE3MzM0MDgyMDcsImlhdCI6MTczMzQwNzYwNywianRpIjoiOWZlYzkwMjMtMjY3MC00ZTllLThiMzEtMTE2NzJiMzc3ZTA3In0.VpgQDF-OJqmNkEDH6yiOi7qvkA5ko6td8de7biv2ltYqdwMeX6U97z0GP93WN1U-d-dz8ohAldtWh1ZFMvXJ2g","refreshToken":"eyJ0eXAiOiJKV1QiLCJhbGciOiJIUzUxMiJ9.eyJzdWIiOiIxOSIsImF1ZCI6InJlZnJlc2giLCJpc3MiOiJhc2Vsc2FuLmthcmRlbGVuIiwiZXhwIjoxNzMzNDQzNjA3LCJpYXQiOjE3MzM0MDc2MDcsImp0aSI6IjFmZWUzZDExLWZkMTgtNDc3MS05NmYyLTRlMjYwOGRhY2M5YyJ9.BgsNk73FxYy0rnvZbfDSHP_SBC44Eko9NL9LsCh43ZlXXeGFAYqPGsT2mJRcEpHlycTrgz6fmPhkoNnbMXkywg"},"authorities":["right.detection.createdetection","right.detection.map","right.detection.detail","right.detection.detail.read","right.detection.detail.update","right.detection.filter","right.detection.sort","right.detection.sosmessage","right.task.filter","right.task.sort","right.task.detail","right.task.detail.read","right.task.detail.starttask","right.sensor.list","right.sensor.map","right.sensor.filter","right.sensor.sort","right.profile.read","right.detection","right.task","right.sensor","right.profile","right.detection.incominglist","right.task.outgoinglist","right.detection.outgoinglist","right.task.incominglist","right.task.attachments.list","right.alarm","right.alarm.list","right.alarm.map","right.alarm.filter","right.profile.usermanagement","right.profile.usermanagement.groupauthorization","right.profile.usermanagement.usergroup","right.sensor.detail","right.sensor.detail.read","right.sensor.detail.livestream"]}
2024-12-05 17:06:48.083 [main] INFO  com.apiTests.requests.serviceRequests.user_controller.LoginTests - Status Code: 200
2024-12-05 17:06:48.112 [main] INFO  com.apiTests.serviceSteps.serviceTestSteps.userController.LoginSteps - The system has been logged in with a valid username and hashed password when query parameter is false
2024-12-05 17:06:48.113 [main] INFO  com.apiTests.serviceSteps.serviceTestSteps.userController.LoginSteps - The username in the response matches the request
2024-12-05 17:06:48.115 [main] INFO  com.apiTests.serviceSteps.serviceTestSteps.userController.LoginSteps - The Access Token has been saved: eyJ0eXAiOiJKV1QiLCJhbGciOiJIUzUxMiJ9.eyJzdWIiOiIxOSIsImF1ZCI6ImFjY2VzcyIsInVzciI6IlNpc3RlbSBZw7ZuZXRpY2lzaSBBU0VMU0FOIiwiaXNzIjoiYXNlbHNhbi5rYXJkZWxlbiIsInJqdGkiOiIxZmVlM2QxMS1mZDE4LTQ3NzEtOTZmMi00ZTI2MDhkYWNjOWMiLCJleHAiOjE3MzM0MDgyMDcsImlhdCI6MTczMzQwNzYwNywianRpIjoiOWZlYzkwMjMtMjY3MC00ZTllLThiMzEtMTE2NzJiMzc3ZTA3In0.VpgQDF-OJqmNkEDH6yiOi7qvkA5ko6td8de7biv2ltYqdwMeX6U97z0GP93WN1U-d-dz8ohAldtWh1ZFMvXJ2g
]]></system-out>
  </testcase>
  <testcase name="User tries to log in with a valid username and an hashed password, and a true query" classname="User Login" time="0.369">
    <system-out><![CDATA[2024-12-05 17:06:48.496 [main] INFO  com.apiTests.requests.serviceRequests.user_controller.LoginTests - Response received: User is unauthorized
2024-12-05 17:06:48.496 [main] INFO  com.apiTests.requests.serviceRequests.user_controller.LoginTests - Status Code: 401
2024-12-05 17:06:48.496 [main] ERROR com.apiTests.requests.serviceRequests.user_controller.LoginTests - Unexpected content type: text/plain;charset=UTF-8
2024-12-05 17:06:48.496 [main] INFO  com.apiTests.serviceSteps.serviceTestSteps.userController.LoginSteps - The system has not logged in with a valid username, hashed password, and a true query
]]></system-out>
  </testcase>
  <testcase name="User logs into the system, then refresh the access token" classname="User Renew Access Token" time="0.678">
    <system-out><![CDATA[2024-12-05 17:06:48.825 [main] INFO  com.apiTests.requests.serviceRequests.user_controller.LoginTests - Response received: {"user":{"name":"Sistem Yöneticisi","surname":"ASELSAN","username":"aselsan","detail":{"identityNumber":null,"email":null,"phoneNumber":null,"rank":null,"profilePicture":null,"supervisor":{"name":null,"surname":null}},"pushToken":null,"userLevelId":5,"userLevelName":"Aselsan","id":10},"tokenDetails":{"accessToken":"eyJ0eXAiOiJKV1QiLCJhbGciOiJIUzUxMiJ9.eyJzdWIiOiIxOSIsImF1ZCI6ImFjY2VzcyIsInVzciI6IlNpc3RlbSBZw7ZuZXRpY2lzaSBBU0VMU0FOIiwiaXNzIjoiYXNlbHNhbi5rYXJkZWxlbiIsInJqdGkiOiIxN2QyOGViMy04OGMzLTQ0MzUtYWMzOC03OTliNTdiNzk4OTMiLCJleHAiOjE3MzM0MDgyMDcsImlhdCI6MTczMzQwNzYwNywianRpIjoiMGVhMTBiZTMtMmIzMi00ODBkLTlhN2ItZjE3OTZkZTQxMGFiIn0.kuasCCNT2ziXD0aCa6fpdf8XAWkHSbPEfhoZiB09pF_J5GLwPri8w6i0d7x6KbdvpgYHrly-e-PLm4UT_U0Lxw","refreshToken":"eyJ0eXAiOiJKV1QiLCJhbGciOiJIUzUxMiJ9.eyJzdWIiOiIxOSIsImF1ZCI6InJlZnJlc2giLCJpc3MiOiJhc2Vsc2FuLmthcmRlbGVuIiwiZXhwIjoxNzMzNDQzNjA3LCJpYXQiOjE3MzM0MDc2MDcsImp0aSI6IjE3ZDI4ZWIzLTg4YzMtNDQzNS1hYzM4LTc5OWI1N2I3OTg5MyJ9.-A-hTz6tpBUSNpFE-zKp3_rV3S0h4mIryQMvwxw3mbs-D4omVItdESYeDke50lWnYE66Gez-CcsyopkPdZr3xA"},"authorities":["right.detection.createdetection","right.detection.map","right.detection.detail","right.detection.detail.read","right.detection.detail.update","right.detection.filter","right.detection.sort","right.detection.sosmessage","right.task.filter","right.task.sort","right.task.detail","right.task.detail.read","right.task.detail.starttask","right.sensor.list","right.sensor.map","right.sensor.filter","right.sensor.sort","right.profile.read","right.detection","right.task","right.sensor","right.profile","right.detection.incominglist","right.task.outgoinglist","right.detection.outgoinglist","right.task.incominglist","right.task.attachments.list","right.alarm","right.alarm.list","right.alarm.map","right.alarm.filter","right.profile.usermanagement","right.profile.usermanagement.groupauthorization","right.profile.usermanagement.usergroup","right.sensor.detail","right.sensor.detail.read","right.sensor.detail.livestream"]}
2024-12-05 17:06:48.826 [main] INFO  com.apiTests.requests.serviceRequests.user_controller.LoginTests - Status Code: 200
2024-12-05 17:06:48.848 [main] INFO  com.apiTests.serviceSteps.serviceTestSteps.userController.LoginSteps - The system has been logged in with a valid username and password
2024-12-05 17:06:48.849 [main] INFO  com.apiTests.serviceSteps.serviceTestSteps.userController.LoginSteps - The username in the response matches the request
2024-12-05 17:06:48.851 [main] INFO  com.apiTests.requests.HelperMethod - The content was successfully written to the file: src/test/resources/txtFiles/accessToken.txt
2024-12-05 17:06:48.851 [main] INFO  com.apiTests.serviceSteps.serviceTestSteps.userController.LoginSteps - The Access Token has been saved: eyJ0eXAiOiJKV1QiLCJhbGciOiJIUzUxMiJ9.eyJzdWIiOiIxOSIsImF1ZCI6ImFjY2VzcyIsInVzciI6IlNpc3RlbSBZw7ZuZXRpY2lzaSBBU0VMU0FOIiwiaXNzIjoiYXNlbHNhbi5rYXJkZWxlbiIsInJqdGkiOiIxN2QyOGViMy04OGMzLTQ0MzUtYWMzOC03OTliNTdiNzk4OTMiLCJleHAiOjE3MzM0MDgyMDcsImlhdCI6MTczMzQwNzYwNywianRpIjoiMGVhMTBiZTMtMmIzMi00ODBkLTlhN2ItZjE3OTZkZTQxMGFiIn0.kuasCCNT2ziXD0aCa6fpdf8XAWkHSbPEfhoZiB09pF_J5GLwPri8w6i0d7x6KbdvpgYHrly-e-PLm4UT_U0Lxw
2024-12-05 17:06:49.171 [main] INFO  com.apiTests.requests.serviceRequests.user_controller.RenewAccessTokenTests - Response received: {"accessToken":"eyJ0eXAiOiJKV1QiLCJhbGciOiJIUzUxMiJ9.eyJzdWIiOiIxOSIsImF1ZCI6ImFjY2VzcyIsInVzciI6IlNpc3RlbSBZw7ZuZXRpY2lzaSBBU0VMU0FOIiwiaXNzIjoiYXNlbHNhbi5rYXJkZWxlbiIsInJqdGkiOiIxN2QyOGViMy04OGMzLTQ0MzUtYWMzOC03OTliNTdiNzk4OTMiLCJleHAiOjE3MzM0MDgyMDgsImlhdCI6MTczMzQwNzYwOCwianRpIjoiY2RkNGY1ZDQtOWVjYy00YzFjLWIzMTYtZTQ3MTk2NGZhZTBkIn0._KMk3VJ61GJOqdI6h7qX_pHR4PlBTICn-0PhgNhHnlFoWP4wHW1h-skxz1dy2ZiPn3ah5nlJ9Yx5VkFV8BMs7g","refreshToken":null}
2024-12-05 17:06:49.172 [main] INFO  com.apiTests.requests.serviceRequests.user_controller.RenewAccessTokenTests - Status Code: 200
2024-12-05 17:06:49.183 [main] INFO  com.apiTests.requests.HelperMethod - The content was successfully written to the file: src/test/resources/txtFiles/accessToken.txt
2024-12-05 17:06:49.183 [main] INFO  com.apiTests.serviceSteps.serviceTestSteps.userController.RenewAccessTokenSteps - The access token is refreshed and saved: eyJ0eXAiOiJKV1QiLCJhbGciOiJIUzUxMiJ9.eyJzdWIiOiIxOSIsImF1ZCI6ImFjY2VzcyIsInVzciI6IlNpc3RlbSBZw7ZuZXRpY2lzaSBBU0VMU0FOIiwiaXNzIjoiYXNlbHNhbi5rYXJkZWxlbiIsInJqdGkiOiIxN2QyOGViMy04OGMzLTQ0MzUtYWMzOC03OTliNTdiNzk4OTMiLCJleHAiOjE3MzM0MDgyMDgsImlhdCI6MTczMzQwNzYwOCwianRpIjoiY2RkNGY1ZDQtOWVjYy00YzFjLWIzMTYtZTQ3MTk2NGZhZTBkIn0._KMk3VJ61GJOqdI6h7qX_pHR4PlBTICn-0PhgNhHnlFoWP4wHW1h-skxz1dy2ZiPn3ah5nlJ9Yx5VkFV8BMs7g
]]></system-out>
  </testcase>
  <testcase name="User logs into the system, then tries to refresh the access token, verifies error response #1" classname="User Renew Access Token" time="0.643">
    <system-out><![CDATA[2024-12-05 17:06:49.485 [main] INFO  com.apiTests.requests.serviceRequests.user_controller.LoginTests - Response received: {"user":{"name":"Sistem Yöneticisi","surname":"ASELSAN","username":"aselsan","detail":{"identityNumber":null,"email":null,"phoneNumber":null,"rank":null,"profilePicture":null,"supervisor":{"name":null,"surname":null}},"pushToken":null,"userLevelId":5,"userLevelName":"Aselsan","id":10},"tokenDetails":{"accessToken":"eyJ0eXAiOiJKV1QiLCJhbGciOiJIUzUxMiJ9.eyJzdWIiOiIxOSIsImF1ZCI6ImFjY2VzcyIsInVzciI6IlNpc3RlbSBZw7ZuZXRpY2lzaSBBU0VMU0FOIiwiaXNzIjoiYXNlbHNhbi5rYXJkZWxlbiIsInJqdGkiOiI0MzdlNGJhZS00YWFlLTRkNTUtODYzMi1kYzhkNDBiNTc1MzQiLCJleHAiOjE3MzM0MDgyMDgsImlhdCI6MTczMzQwNzYwOCwianRpIjoiMjliMmQ2YTYtMTM5My00NzJiLWEyNTgtZGY5OTZkZWJkY2Y4In0.4wPsu1JxsAGwHYKdMpZZDixP8hw02YV6suxNzg6MY6Ik-hEzNgWnyRM8fDBOvMI5FNDez8HdH2f6-DfZ4EU54w","refreshToken":"eyJ0eXAiOiJKV1QiLCJhbGciOiJIUzUxMiJ9.eyJzdWIiOiIxOSIsImF1ZCI6InJlZnJlc2giLCJpc3MiOiJhc2Vsc2FuLmthcmRlbGVuIiwiZXhwIjoxNzMzNDQzNjA4LCJpYXQiOjE3MzM0MDc2MDgsImp0aSI6IjQzN2U0YmFlLTRhYWUtNGQ1NS04NjMyLWRjOGQ0MGI1NzUzNCJ9.9Y-YuNQ1hdK_4w-IB8B1OkbBIwD_Mf0_D25IYewDnR2cyEWlNQ5NmE710rcwUc673sJHpTICvri_lwVla6NmWA"},"authorities":["right.detection.createdetection","right.detection.map","right.detection.detail","right.detection.detail.read","right.detection.detail.update","right.detection.filter","right.detection.sort","right.detection.sosmessage","right.task.filter","right.task.sort","right.task.detail","right.task.detail.read","right.task.detail.starttask","right.sensor.list","right.sensor.map","right.sensor.filter","right.sensor.sort","right.profile.read","right.detection","right.task","right.sensor","right.profile","right.detection.incominglist","right.task.outgoinglist","right.detection.outgoinglist","right.task.incominglist","right.task.attachments.list","right.alarm","right.alarm.list","right.alarm.map","right.alarm.filter","right.profile.usermanagement","right.profile.usermanagement.groupauthorization","right.profile.usermanagement.usergroup","right.sensor.detail","right.sensor.detail.read","right.sensor.detail.livestream"]}
2024-12-05 17:06:49.485 [main] INFO  com.apiTests.requests.serviceRequests.user_controller.LoginTests - Status Code: 200
2024-12-05 17:06:49.517 [main] INFO  com.apiTests.serviceSteps.serviceTestSteps.userController.LoginSteps - The system has been logged in with a valid username and password
2024-12-05 17:06:49.517 [main] INFO  com.apiTests.serviceSteps.serviceTestSteps.userController.LoginSteps - The username in the response matches the request
2024-12-05 17:06:49.533 [main] INFO  com.apiTests.requests.HelperMethod - The content was successfully written to the file: src/test/resources/txtFiles/accessToken.txt
2024-12-05 17:06:49.533 [main] INFO  com.apiTests.serviceSteps.serviceTestSteps.userController.LoginSteps - The Access Token has been saved: eyJ0eXAiOiJKV1QiLCJhbGciOiJIUzUxMiJ9.eyJzdWIiOiIxOSIsImF1ZCI6ImFjY2VzcyIsInVzciI6IlNpc3RlbSBZw7ZuZXRpY2lzaSBBU0VMU0FOIiwiaXNzIjoiYXNlbHNhbi5rYXJkZWxlbiIsInJqdGkiOiI0MzdlNGJhZS00YWFlLTRkNTUtODYzMi1kYzhkNDBiNTc1MzQiLCJleHAiOjE3MzM0MDgyMDgsImlhdCI6MTczMzQwNzYwOCwianRpIjoiMjliMmQ2YTYtMTM5My00NzJiLWEyNTgtZGY5OTZkZWJkY2Y4In0.4wPsu1JxsAGwHYKdMpZZDixP8hw02YV6suxNzg6MY6Ik-hEzNgWnyRM8fDBOvMI5FNDez8HdH2f6-DfZ4EU54w
2024-12-05 17:06:49.825 [main] INFO  com.apiTests.requests.serviceRequests.user_controller.RenewAccessTokenTests - Response received: 
2024-12-05 17:06:49.825 [main] INFO  com.apiTests.requests.serviceRequests.user_controller.RenewAccessTokenTests - Status Code: 401
2024-12-05 17:06:49.825 [main] INFO  com.apiTests.requests.serviceRequests.user_controller.RenewAccessTokenTests - Unexpected content type: 
2024-12-05 17:06:49.825 [main] INFO  com.apiTests.serviceSteps.serviceTestSteps.userController.RenewAccessTokenSteps - The access token is not refreshed and an error message is displayed
]]></system-out>
  </testcase>
  <testcase name="User logs into the system, then tries to refresh the access token, verifies error response #2" classname="User Renew Access Token" time="1.097">
    <system-out><![CDATA[2024-12-05 17:06:50.602 [main] INFO  com.apiTests.requests.serviceRequests.user_controller.LoginTests - Response received: {"user":{"name":"Sistem Yöneticisi","surname":"ASELSAN","username":"aselsan","detail":{"identityNumber":null,"email":null,"phoneNumber":null,"rank":null,"profilePicture":null,"supervisor":{"name":null,"surname":null}},"pushToken":null,"userLevelId":5,"userLevelName":"Aselsan","id":10},"tokenDetails":{"accessToken":"eyJ0eXAiOiJKV1QiLCJhbGciOiJIUzUxMiJ9.eyJzdWIiOiIxOSIsImF1ZCI6ImFjY2VzcyIsInVzciI6IlNpc3RlbSBZw7ZuZXRpY2lzaSBBU0VMU0FOIiwiaXNzIjoiYXNlbHNhbi5rYXJkZWxlbiIsInJqdGkiOiJlZmI0YWFmYy02NTVjLTQ0YzMtOWE3MS04ZWM5Y2M4ZjAzZTEiLCJleHAiOjE3MzM0MDgyMDksImlhdCI6MTczMzQwNzYwOSwianRpIjoiNWNmMWM2YjctNmZiNy00ZjJmLWFiZDQtOGM3ZWJlYTI2M2MzIn0.9E4N-3NtamQLhKXBsnC2mf_gVJwmVlyxsFsh_LI9koNHDmvPKEZZVHa7MWbh4tm7BP9I_21hB8sdB84vLHDRBg","refreshToken":"eyJ0eXAiOiJKV1QiLCJhbGciOiJIUzUxMiJ9.eyJzdWIiOiIxOSIsImF1ZCI6InJlZnJlc2giLCJpc3MiOiJhc2Vsc2FuLmthcmRlbGVuIiwiZXhwIjoxNzMzNDQzNjA5LCJpYXQiOjE3MzM0MDc2MDksImp0aSI6ImVmYjRhYWZjLTY1NWMtNDRjMy05YTcxLThlYzljYzhmMDNlMSJ9.q05xe84paLgccettjLoq42A2uikmr6PnpjWrbsa-iTTJhpPAd_exBJmTouGEQFOmahtQrNQo9hTxjJFEWAVUiw"},"authorities":["right.detection.createdetection","right.detection.map","right.detection.detail","right.detection.detail.read","right.detection.detail.update","right.detection.filter","right.detection.sort","right.detection.sosmessage","right.task.filter","right.task.sort","right.task.detail","right.task.detail.read","right.task.detail.starttask","right.sensor.list","right.sensor.map","right.sensor.filter","right.sensor.sort","right.profile.read","right.detection","right.task","right.sensor","right.profile","right.detection.incominglist","right.task.outgoinglist","right.detection.outgoinglist","right.task.incominglist","right.task.attachments.list","right.alarm","right.alarm.list","right.alarm.map","right.alarm.filter","right.profile.usermanagement","right.profile.usermanagement.groupauthorization","right.profile.usermanagement.usergroup","right.sensor.detail","right.sensor.detail.read","right.sensor.detail.livestream"]}
2024-12-05 17:06:50.603 [main] INFO  com.apiTests.requests.serviceRequests.user_controller.LoginTests - Status Code: 200
2024-12-05 17:06:50.628 [main] INFO  com.apiTests.serviceSteps.serviceTestSteps.userController.LoginSteps - The system has been logged in with a valid username and password
2024-12-05 17:06:50.630 [main] INFO  com.apiTests.serviceSteps.serviceTestSteps.userController.LoginSteps - The username in the response matches the request
2024-12-05 17:06:50.632 [main] INFO  com.apiTests.requests.HelperMethod - The content was successfully written to the file: src/test/resources/txtFiles/accessToken.txt
2024-12-05 17:06:50.632 [main] INFO  com.apiTests.serviceSteps.serviceTestSteps.userController.LoginSteps - The Access Token has been saved: eyJ0eXAiOiJKV1QiLCJhbGciOiJIUzUxMiJ9.eyJzdWIiOiIxOSIsImF1ZCI6ImFjY2VzcyIsInVzciI6IlNpc3RlbSBZw7ZuZXRpY2lzaSBBU0VMU0FOIiwiaXNzIjoiYXNlbHNhbi5rYXJkZWxlbiIsInJqdGkiOiJlZmI0YWFmYy02NTVjLTQ0YzMtOWE3MS04ZWM5Y2M4ZjAzZTEiLCJleHAiOjE3MzM0MDgyMDksImlhdCI6MTczMzQwNzYwOSwianRpIjoiNWNmMWM2YjctNmZiNy00ZjJmLWFiZDQtOGM3ZWJlYTI2M2MzIn0.9E4N-3NtamQLhKXBsnC2mf_gVJwmVlyxsFsh_LI9koNHDmvPKEZZVHa7MWbh4tm7BP9I_21hB8sdB84vLHDRBg
2024-12-05 17:06:50.922 [main] INFO  com.apiTests.requests.serviceRequests.user_controller.RenewAccessTokenTests - Response received: 
2024-12-05 17:06:50.924 [main] INFO  com.apiTests.requests.serviceRequests.user_controller.RenewAccessTokenTests - Status Code: 500
2024-12-05 17:06:50.925 [main] INFO  com.apiTests.requests.serviceRequests.user_controller.RenewAccessTokenTests - Unexpected content type: 
2024-12-05 17:06:50.926 [main] INFO  com.apiTests.serviceSteps.serviceTestSteps.userController.RenewAccessTokenSteps - The access token is not refreshed and an error message is displayed
]]></system-out>
  </testcase>
  <testcase name="User logs into the system and logs out with a valid access token" classname="User Logout" time="0.639">
    <system-out><![CDATA[2024-12-05 17:06:51.249 [main] INFO  com.apiTests.requests.serviceRequests.user_controller.LoginTests - Response received: {"user":{"name":"Sistem Yöneticisi","surname":"ASELSAN","username":"aselsan","detail":{"identityNumber":null,"email":null,"phoneNumber":null,"rank":null,"profilePicture":null,"supervisor":{"name":null,"surname":null}},"pushToken":null,"userLevelId":5,"userLevelName":"Aselsan","id":10},"tokenDetails":{"accessToken":"eyJ0eXAiOiJKV1QiLCJhbGciOiJIUzUxMiJ9.eyJzdWIiOiIxOSIsImF1ZCI6ImFjY2VzcyIsInVzciI6IlNpc3RlbSBZw7ZuZXRpY2lzaSBBU0VMU0FOIiwiaXNzIjoiYXNlbHNhbi5rYXJkZWxlbiIsInJqdGkiOiI2MjFlMWI3YS00NDg0LTQzZDgtOTMzYy01OGFhZTk0MDQ4OGMiLCJleHAiOjE3MzM0MDgyMTAsImlhdCI6MTczMzQwNzYxMCwianRpIjoiZDhjMmVlYWYtYjgzYy00MDY5LWE4MmUtY2UzYjJlOWNmNWQ3In0.V5CylsEZdHEJoB3G3R3sNRw9xT7z7imQI5X6hkKM0ImzQ-M-mlOwDZESKWwXp890tRwsyP5ligDKd8wYdAjb1w","refreshToken":"eyJ0eXAiOiJKV1QiLCJhbGciOiJIUzUxMiJ9.eyJzdWIiOiIxOSIsImF1ZCI6InJlZnJlc2giLCJpc3MiOiJhc2Vsc2FuLmthcmRlbGVuIiwiZXhwIjoxNzMzNDQzNjEwLCJpYXQiOjE3MzM0MDc2MTAsImp0aSI6IjYyMWUxYjdhLTQ0ODQtNDNkOC05MzNjLTU4YWFlOTQwNDg4YyJ9.jryx2oF1kPd2U0hiJykaZOdMFWiD0620_aadLfFHrFxM371hQ7gZmAiTaKsoY1m31fDlCq1ZuPNLN1Hj4qImYA"},"authorities":["right.detection.createdetection","right.detection.map","right.detection.detail","right.detection.detail.read","right.detection.detail.update","right.detection.filter","right.detection.sort","right.detection.sosmessage","right.task.filter","right.task.sort","right.task.detail","right.task.detail.read","right.task.detail.starttask","right.sensor.list","right.sensor.map","right.sensor.filter","right.sensor.sort","right.profile.read","right.detection","right.task","right.sensor","right.profile","right.detection.incominglist","right.task.outgoinglist","right.detection.outgoinglist","right.task.incominglist","right.task.attachments.list","right.alarm","right.alarm.list","right.alarm.map","right.alarm.filter","right.profile.usermanagement","right.profile.usermanagement.groupauthorization","right.profile.usermanagement.usergroup","right.sensor.detail","right.sensor.detail.read","right.sensor.detail.livestream"]}
2024-12-05 17:06:51.249 [main] INFO  com.apiTests.requests.serviceRequests.user_controller.LoginTests - Status Code: 200
2024-12-05 17:06:51.280 [main] INFO  com.apiTests.serviceSteps.serviceTestSteps.userController.LoginSteps - The system has been logged in with a valid username and password
2024-12-05 17:06:51.280 [main] INFO  com.apiTests.serviceSteps.serviceTestSteps.userController.LoginSteps - The username in the response matches the request
2024-12-05 17:06:51.280 [main] INFO  com.apiTests.requests.HelperMethod - The content was successfully written to the file: src/test/resources/txtFiles/accessToken.txt
2024-12-05 17:06:51.280 [main] INFO  com.apiTests.serviceSteps.serviceTestSteps.userController.LoginSteps - The Access Token has been saved: eyJ0eXAiOiJKV1QiLCJhbGciOiJIUzUxMiJ9.eyJzdWIiOiIxOSIsImF1ZCI6ImFjY2VzcyIsInVzciI6IlNpc3RlbSBZw7ZuZXRpY2lzaSBBU0VMU0FOIiwiaXNzIjoiYXNlbHNhbi5rYXJkZWxlbiIsInJqdGkiOiI2MjFlMWI3YS00NDg0LTQzZDgtOTMzYy01OGFhZTk0MDQ4OGMiLCJleHAiOjE3MzM0MDgyMTAsImlhdCI6MTczMzQwNzYxMCwianRpIjoiZDhjMmVlYWYtYjgzYy00MDY5LWE4MmUtY2UzYjJlOWNmNWQ3In0.V5CylsEZdHEJoB3G3R3sNRw9xT7z7imQI5X6hkKM0ImzQ-M-mlOwDZESKWwXp890tRwsyP5ligDKd8wYdAjb1w
2024-12-05 17:06:51.574 [main] INFO  com.apiTests.requests.serviceRequests.user_controller.LogoutTests - Response received: 
2024-12-05 17:06:51.575 [main] INFO  com.apiTests.requests.serviceRequests.user_controller.LogoutTests - Status Code: 200
2024-12-05 17:06:51.577 [main] INFO  com.apiTests.serviceSteps.serviceTestSteps.userController.LogoutSteps - The system has successfully logged the user out.
]]></system-out>
  </testcase>
  <testcase name="User logs into the system and tries to log out with an invalid token" classname="User Logout" time="0.673">
    <system-out><![CDATA[2024-12-05 17:06:51.874 [main] INFO  com.apiTests.requests.serviceRequests.user_controller.LoginTests - Response received: {"user":{"name":"Sistem Yöneticisi","surname":"ASELSAN","username":"aselsan","detail":{"identityNumber":null,"email":null,"phoneNumber":null,"rank":null,"profilePicture":null,"supervisor":{"name":null,"surname":null}},"pushToken":null,"userLevelId":5,"userLevelName":"Aselsan","id":10},"tokenDetails":{"accessToken":"eyJ0eXAiOiJKV1QiLCJhbGciOiJIUzUxMiJ9.eyJzdWIiOiIxOSIsImF1ZCI6ImFjY2VzcyIsInVzciI6IlNpc3RlbSBZw7ZuZXRpY2lzaSBBU0VMU0FOIiwiaXNzIjoiYXNlbHNhbi5rYXJkZWxlbiIsInJqdGkiOiI4MTRiMjU5ZS00MzY3LTRmZWQtYjlkNi03ZDA2YmIzZjZmMDQiLCJleHAiOjE3MzM0MDgyMTAsImlhdCI6MTczMzQwNzYxMCwianRpIjoiNzQyMjZiODktNmJhNC00ZWI2LWE5OWEtODZiOGZlNzNjYTVlIn0.s8vU5hwwmKWR49gIRSgED7ZQCiJFirKMJ_PVS0v-54DEQpkqOGqYYPbKz7HoKEpNun9I1Pf6FEDzsNb1ESJKsQ","refreshToken":"eyJ0eXAiOiJKV1QiLCJhbGciOiJIUzUxMiJ9.eyJzdWIiOiIxOSIsImF1ZCI6InJlZnJlc2giLCJpc3MiOiJhc2Vsc2FuLmthcmRlbGVuIiwiZXhwIjoxNzMzNDQzNjEwLCJpYXQiOjE3MzM0MDc2MTAsImp0aSI6IjgxNGIyNTllLTQzNjctNGZlZC1iOWQ2LTdkMDZiYjNmNmYwNCJ9.DG-f_Mc4oi_Ulo5HzwRJ3ocdr7jYGKuyyHBqJOk5PAGU1u0U3H7Vi5xI9OISmO0IzCo7A_oLXe0yuJMP_qMaWw"},"authorities":["right.detection.createdetection","right.detection.map","right.detection.detail","right.detection.detail.read","right.detection.detail.update","right.detection.filter","right.detection.sort","right.detection.sosmessage","right.task.filter","right.task.sort","right.task.detail","right.task.detail.read","right.task.detail.starttask","right.sensor.list","right.sensor.map","right.sensor.filter","right.sensor.sort","right.profile.read","right.detection","right.task","right.sensor","right.profile","right.detection.incominglist","right.task.outgoinglist","right.detection.outgoinglist","right.task.incominglist","right.task.attachments.list","right.alarm","right.alarm.list","right.alarm.map","right.alarm.filter","right.profile.usermanagement","right.profile.usermanagement.groupauthorization","right.profile.usermanagement.usergroup","right.sensor.detail","right.sensor.detail.read","right.sensor.detail.livestream"]}
2024-12-05 17:06:51.874 [main] INFO  com.apiTests.requests.serviceRequests.user_controller.LoginTests - Status Code: 200
2024-12-05 17:06:51.894 [main] INFO  com.apiTests.serviceSteps.serviceTestSteps.userController.LoginSteps - The system has been logged in with a valid username and password
2024-12-05 17:06:51.895 [main] INFO  com.apiTests.serviceSteps.serviceTestSteps.userController.LoginSteps - The username in the response matches the request
2024-12-05 17:06:51.896 [main] INFO  com.apiTests.requests.HelperMethod - The content was successfully written to the file: src/test/resources/txtFiles/accessToken.txt
2024-12-05 17:06:51.897 [main] INFO  com.apiTests.serviceSteps.serviceTestSteps.userController.LoginSteps - The Access Token has been saved: eyJ0eXAiOiJKV1QiLCJhbGciOiJIUzUxMiJ9.eyJzdWIiOiIxOSIsImF1ZCI6ImFjY2VzcyIsInVzciI6IlNpc3RlbSBZw7ZuZXRpY2lzaSBBU0VMU0FOIiwiaXNzIjoiYXNlbHNhbi5rYXJkZWxlbiIsInJqdGkiOiI4MTRiMjU5ZS00MzY3LTRmZWQtYjlkNi03ZDA2YmIzZjZmMDQiLCJleHAiOjE3MzM0MDgyMTAsImlhdCI6MTczMzQwNzYxMCwianRpIjoiNzQyMjZiODktNmJhNC00ZWI2LWE5OWEtODZiOGZlNzNjYTVlIn0.s8vU5hwwmKWR49gIRSgED7ZQCiJFirKMJ_PVS0v-54DEQpkqOGqYYPbKz7HoKEpNun9I1Pf6FEDzsNb1ESJKsQ
2024-12-05 17:06:52.247 [main] INFO  com.apiTests.requests.serviceRequests.user_controller.LogoutTests - Response received: 
2024-12-05 17:06:52.248 [main] INFO  com.apiTests.requests.serviceRequests.user_controller.LogoutTests - Status Code: 500
2024-12-05 17:06:52.248 [main] INFO  com.apiTests.serviceSteps.serviceTestSteps.userController.LogoutSteps - The system failed to log the user out.
]]></system-out>
  </testcase>
  <testcase name="Detection controller service" classname="Get Detections" time="0.813">
    <system-out><![CDATA[2024-12-05 17:06:52.581 [main] INFO  com.apiTests.requests.serviceRequests.user_controller.LoginTests - Response received: {"user":{"name":"Sistem Yöneticisi","surname":"ASELSAN","username":"aselsan","detail":{"identityNumber":null,"email":null,"phoneNumber":null,"rank":null,"profilePicture":null,"supervisor":{"name":null,"surname":null}},"pushToken":null,"userLevelId":5,"userLevelName":"Aselsan","id":10},"tokenDetails":{"accessToken":"eyJ0eXAiOiJKV1QiLCJhbGciOiJIUzUxMiJ9.eyJzdWIiOiIxOSIsImF1ZCI6ImFjY2VzcyIsInVzciI6IlNpc3RlbSBZw7ZuZXRpY2lzaSBBU0VMU0FOIiwiaXNzIjoiYXNlbHNhbi5rYXJkZWxlbiIsInJqdGkiOiJiYjdlZGUxZS03N2NjLTRhZTEtODhhYS0xZjJkMjQ0NGJjMjIiLCJleHAiOjE3MzM0MDgyMTEsImlhdCI6MTczMzQwNzYxMSwianRpIjoiOTY1OTljNDEtOTQ1NC00NzU4LThhZTUtYWMzZjM2NDcwMDZiIn0.0AsbVJWlLBEWmw3J3NRel49ia614pFT-acRtKdtLKNjikuo5PNOAzhbZ-JfKCcAaJDoiXY6zTQ07pEKzQdSdEg","refreshToken":"eyJ0eXAiOiJKV1QiLCJhbGciOiJIUzUxMiJ9.eyJzdWIiOiIxOSIsImF1ZCI6InJlZnJlc2giLCJpc3MiOiJhc2Vsc2FuLmthcmRlbGVuIiwiZXhwIjoxNzMzNDQzNjExLCJpYXQiOjE3MzM0MDc2MTEsImp0aSI6ImJiN2VkZTFlLTc3Y2MtNGFlMS04OGFhLTFmMmQyNDQ0YmMyMiJ9.bGuySNIiJ8p-cK4bmuoEYYrRJ7gVRiRQPOYF12HWnpBqqp13QyWh8q7OvLSPbiNF8qQnrQXvAepxvlQeEFofvQ"},"authorities":["right.detection.createdetection","right.detection.map","right.detection.detail","right.detection.detail.read","right.detection.detail.update","right.detection.filter","right.detection.sort","right.detection.sosmessage","right.task.filter","right.task.sort","right.task.detail","right.task.detail.read","right.task.detail.starttask","right.sensor.list","right.sensor.map","right.sensor.filter","right.sensor.sort","right.profile.read","right.detection","right.task","right.sensor","right.profile","right.detection.incominglist","right.task.outgoinglist","right.detection.outgoinglist","right.task.incominglist","right.task.attachments.list","right.alarm","right.alarm.list","right.alarm.map","right.alarm.filter","right.profile.usermanagement","right.profile.usermanagement.groupauthorization","right.profile.usermanagement.usergroup","right.sensor.detail","right.sensor.detail.read","right.sensor.detail.livestream"]}
2024-12-05 17:06:52.581 [main] INFO  com.apiTests.requests.serviceRequests.user_controller.LoginTests - Status Code: 200
2024-12-05 17:06:52.615 [main] INFO  com.apiTests.serviceSteps.serviceTestSteps.userController.LoginSteps - The system has been logged in with a valid username and password
2024-12-05 17:06:52.616 [main] INFO  com.apiTests.serviceSteps.serviceTestSteps.userController.LoginSteps - The username in the response matches the request
2024-12-05 17:06:52.618 [main] INFO  com.apiTests.requests.HelperMethod - The content was successfully written to the file: src/test/resources/txtFiles/accessToken.txt
2024-12-05 17:06:52.618 [main] INFO  com.apiTests.serviceSteps.serviceTestSteps.userController.LoginSteps - The Access Token has been saved: eyJ0eXAiOiJKV1QiLCJhbGciOiJIUzUxMiJ9.eyJzdWIiOiIxOSIsImF1ZCI6ImFjY2VzcyIsInVzciI6IlNpc3RlbSBZw7ZuZXRpY2lzaSBBU0VMU0FOIiwiaXNzIjoiYXNlbHNhbi5rYXJkZWxlbiIsInJqdGkiOiJiYjdlZGUxZS03N2NjLTRhZTEtODhhYS0xZjJkMjQ0NGJjMjIiLCJleHAiOjE3MzM0MDgyMTEsImlhdCI6MTczMzQwNzYxMSwianRpIjoiOTY1OTljNDEtOTQ1NC00NzU4LThhZTUtYWMzZjM2NDcwMDZiIn0.0AsbVJWlLBEWmw3J3NRel49ia614pFT-acRtKdtLKNjikuo5PNOAzhbZ-JfKCcAaJDoiXY6zTQ07pEKzQdSdEg
2024-12-05 17:06:53.058 [main] INFO  com.apiTests.requests.serviceRequests.detection_controller.GetDetectionsTests - Response received: [{"id":"00000000-0000-000a-0000-0192c3c926c7","hasImage":false,"description":"asdasd","detectionCreateTime":1729861592775,"detectionUpdateTime":1731060706014,"location":{"lat":0.0,"lng":0.0},"zone":{"id":-1,"name":"K11_"},"updated":true,"signature":"asdas","taskId":null,"taskStatus":null,"type":{"id":3,"name":"Vehicle"}},{"id":"00000000-0000-000a-0000-0192f605e9db","hasImage":false,"description":"upp","detectionCreateTime":1730704435675,"detectionUpdateTime":1730804907029,"location":{"lat":0.0,"lng":0.0},"zone":{"id":-1,"name":"K11_"},"updated":true,"signature":"upp","taskId":null,"taskStatus":null,"type":{"id":71,"name":"Unauthorized"}},{"id":"00000000-0000-000a-0000-0192b45e1551","hasImage":true,"description":"car58","detectionCreateTime":1729602917713,"detectionUpdateTime":1731060347446,"location":{"lat":44.62059838491688,"lng":33.761569193133305},"zone":{"id":-1,"name":"K11_"},"updated":true,"signature":"06uu321","taskId":null,"taskStatus":null,"type":{"id":3,"name":"Vehicle"}},{"id":"00000000-0000-000a-0000-01930b45f2a9","hasImage":false,"description":"da","detectionCreateTime":1731060953769,"detectionUpdateTime":1731060954753,"location":{"lat":39.96669068994513,"lng":32.76807441194585},"zone":{"id":-1,"name":"K11_"},"updated":true,"signature":"da","taskId":null,"taskStatus":null,"type":{"id":193,"name":"Alarm"}},{"id":"00000000-0000-000a-0000-01930b55fece","hasImage":false,"description":"y","detectionCreateTime":1731062005454,"detectionUpdateTime":null,"location":{"lat":39.031,"lng":35.252},"zone":{"id":-1,"name":"K11_"},"updated":false,"signature":"x","taskId":"957aa425-34a7-4889-8f01-37065a60a7fb","taskStatus":6,"type":{"id":193,"name":"Alarm"}},{"id":"00000000-0000-000a-0000-019319efe98b","hasImage":false,"description":"twicee","detectionCreateTime":1731306973579,"detectionUpdateTime":1731307112646,"location":{"lat":0.0,"lng":0.0},"zone":{"id":-1,"name":"K11_"},"updated":true,"signature":"twicee","taskId":null,"taskStatus":null,"type":{"id":255,"name":"Emergency"}},{"id":"00000000-0000-000a-0000-01931a1cc36b","hasImage":false,"description":"130","detectionCreateTime":1731309912939,"detectionUpdateTime":null,"location":{"lat":37.754223,"lng":33.569424},"zone":{"id":-1,"name":"K11_"},"updated":false,"signature":"130","taskId":null,"taskStatus":null,"type":{"id":255,"name":"Emergency"}},{"id":"00000000-0000-000a-0000-01931a1edcfd","hasImage":false,"description":"955","detectionCreateTime":1731310050557,"detectionUpdateTime":1731310153382,"location":{"lat":0.0,"lng":0.0},"zone":{"id":-1,"name":"K11_"},"updated":true,"signature":"955","taskId":null,"taskStatus":null,"type":{"id":71,"name":"Unauthorized"}},{"id":"00000000-0000-000a-0000-01931a33b2cd","hasImage":false,"description":"jqueryy","detectionCreateTime":1731311416013,"detectionUpdateTime":1731313234581,"location":{"lat":0.0,"lng":0.0},"zone":{"id":-1,"name":"K11_"},"updated":true,"signature":"jqueryy","taskId":null,"taskStatus":null,"type":{"id":255,"name":"Emergency"}},{"id":"00000000-0000-000a-0000-01931aae317d","hasImage":false,"description":"parent","detectionCreateTime":1731319443837,"detectionUpdateTime":null,"location":{"lat":37.754223,"lng":33.569424},"zone":{"id":-1,"name":"K11_"},"updated":false,"signature":"parent","taskId":null,"taskStatus":null,"type":{"id":255,"name":"Emergency"}}]
2024-12-05 17:06:53.059 [main] INFO  com.apiTests.requests.serviceRequests.detection_controller.GetDetectionsTests - Status Code: 200
2024-12-05 17:06:53.078 [main] ERROR com.apiTests.requests.serviceRequests.detection_controller.GetDetectionsTests - The classification type filter does not used!
2024-12-05 17:06:53.078 [main] ERROR com.apiTests.requests.serviceRequests.detection_controller.GetDetectionsTests - The zone filter does not used!
2024-12-05 17:06:53.079 [main] INFO  com.apiTests.requests.serviceRequests.detection_controller.GetDetectionsTests - The start time and the finish time filter do not used!
]]></system-out>
  </testcase>
  <testcase name="Detection controller service, filter classificationTyp #1" classname="Get Detections" time="1.031">
    <system-out><![CDATA[2024-12-05 17:06:53.391 [main] INFO  com.apiTests.requests.serviceRequests.user_controller.LoginTests - Response received: {"user":{"name":"Sistem Yöneticisi","surname":"ASELSAN","username":"aselsan","detail":{"identityNumber":null,"email":null,"phoneNumber":null,"rank":null,"profilePicture":null,"supervisor":{"name":null,"surname":null}},"pushToken":null,"userLevelId":5,"userLevelName":"Aselsan","id":10},"tokenDetails":{"accessToken":"eyJ0eXAiOiJKV1QiLCJhbGciOiJIUzUxMiJ9.eyJzdWIiOiIxOSIsImF1ZCI6ImFjY2VzcyIsInVzciI6IlNpc3RlbSBZw7ZuZXRpY2lzaSBBU0VMU0FOIiwiaXNzIjoiYXNlbHNhbi5rYXJkZWxlbiIsInJqdGkiOiIzYTc5ZGVkMy1kMDdjLTRiMTYtYTdmOC1iMTE1M2Q5MjQzN2UiLCJleHAiOjE3MzM0MDgyMTIsImlhdCI6MTczMzQwNzYxMiwianRpIjoiMzM5OGNhYzAtN2JkNy00OTZiLTk2ZjktOTdjYzg2ODlmNjZkIn0.qcX2LWR_csja78TxBHouU_f6Jiv4V75rcr8-O-mdEpSmA8T_gkqEs_YhGyrqpARAlcv496nptjd4Cp4Q_3oLug","refreshToken":"eyJ0eXAiOiJKV1QiLCJhbGciOiJIUzUxMiJ9.eyJzdWIiOiIxOSIsImF1ZCI6InJlZnJlc2giLCJpc3MiOiJhc2Vsc2FuLmthcmRlbGVuIiwiZXhwIjoxNzMzNDQzNjEyLCJpYXQiOjE3MzM0MDc2MTIsImp0aSI6IjNhNzlkZWQzLWQwN2MtNGIxNi1hN2Y4LWIxMTUzZDkyNDM3ZSJ9.B3fhhUWvMnJI79eumABe2z3HcLC_IqLdyczgNfDj_zrQ0XXEMUFCfQeg2EPSTjv1D94JBHWA5-OUBAL0tmwCjQ"},"authorities":["right.detection.createdetection","right.detection.map","right.detection.detail","right.detection.detail.read","right.detection.detail.update","right.detection.filter","right.detection.sort","right.detection.sosmessage","right.task.filter","right.task.sort","right.task.detail","right.task.detail.read","right.task.detail.starttask","right.sensor.list","right.sensor.map","right.sensor.filter","right.sensor.sort","right.profile.read","right.detection","right.task","right.sensor","right.profile","right.detection.incominglist","right.task.outgoinglist","right.detection.outgoinglist","right.task.incominglist","right.task.attachments.list","right.alarm","right.alarm.list","right.alarm.map","right.alarm.filter","right.profile.usermanagement","right.profile.usermanagement.groupauthorization","right.profile.usermanagement.usergroup","right.sensor.detail","right.sensor.detail.read","right.sensor.detail.livestream"]}
2024-12-05 17:06:53.392 [main] INFO  com.apiTests.requests.serviceRequests.user_controller.LoginTests - Status Code: 200
2024-12-05 17:06:53.411 [main] INFO  com.apiTests.serviceSteps.serviceTestSteps.userController.LoginSteps - The system has been logged in with a valid username and password
2024-12-05 17:06:53.412 [main] INFO  com.apiTests.serviceSteps.serviceTestSteps.userController.LoginSteps - The username in the response matches the request
2024-12-05 17:06:53.414 [main] INFO  com.apiTests.requests.HelperMethod - The content was successfully written to the file: src/test/resources/txtFiles/accessToken.txt
2024-12-05 17:06:53.414 [main] INFO  com.apiTests.serviceSteps.serviceTestSteps.userController.LoginSteps - The Access Token has been saved: eyJ0eXAiOiJKV1QiLCJhbGciOiJIUzUxMiJ9.eyJzdWIiOiIxOSIsImF1ZCI6ImFjY2VzcyIsInVzciI6IlNpc3RlbSBZw7ZuZXRpY2lzaSBBU0VMU0FOIiwiaXNzIjoiYXNlbHNhbi5rYXJkZWxlbiIsInJqdGkiOiIzYTc5ZGVkMy1kMDdjLTRiMTYtYTdmOC1iMTE1M2Q5MjQzN2UiLCJleHAiOjE3MzM0MDgyMTIsImlhdCI6MTczMzQwNzYxMiwianRpIjoiMzM5OGNhYzAtN2JkNy00OTZiLTk2ZjktOTdjYzg2ODlmNjZkIn0.qcX2LWR_csja78TxBHouU_f6Jiv4V75rcr8-O-mdEpSmA8T_gkqEs_YhGyrqpARAlcv496nptjd4Cp4Q_3oLug
2024-12-05 17:06:53.685 [main] INFO  com.apiTests.requests.serviceRequests.detection_controller.ClassificationTypesTests - Response received: [{"id":255,"name":"ACİL DURUM"},{"id":3,"name":"ARAÇ"},{"id":6,"name":"ARIZA"},{"id":4,"name":"DİĞER"},{"id":193,"name":"DOĞRU ALARM"},{"id":2,"name":"HAYVAN"},{"id":1,"name":"İNSAN"},{"id":16,"name":"SABOTAJ"},{"id":71,"name":"YETKİSİZ"}]
2024-12-05 17:06:53.685 [main] INFO  com.apiTests.requests.serviceRequests.detection_controller.ClassificationTypesTests - Status Code: 200
2024-12-05 17:06:53.685 [main] INFO  com.apiTests.requests.serviceRequests.detection_controller.ClassificationTypesTests - 0. Classification Type: ACİL DURUM
2024-12-05 17:06:53.700 [main] INFO  com.apiTests.requests.serviceRequests.detection_controller.ClassificationTypesTests - Classification type found: ACİL DURUM
2024-12-05 17:06:54.084 [main] INFO  com.apiTests.requests.serviceRequests.detection_controller.GetDetectionsTests - Response received: [{"id":"00000000-0000-000a-0000-019319efe98b","hasImage":false,"description":"twicee","detectionCreateTime":1731306973579,"detectionUpdateTime":1731307112646,"location":{"lat":0.0,"lng":0.0},"zone":{"id":-1,"name":"K11_"},"updated":true,"signature":"twicee","taskId":null,"taskStatus":null,"type":{"id":255,"name":"Emergency"}},{"id":"00000000-0000-000a-0000-01931a1cc36b","hasImage":false,"description":"130","detectionCreateTime":1731309912939,"detectionUpdateTime":null,"location":{"lat":37.754223,"lng":33.569424},"zone":{"id":-1,"name":"K11_"},"updated":false,"signature":"130","taskId":null,"taskStatus":null,"type":{"id":255,"name":"Emergency"}},{"id":"00000000-0000-000a-0000-01931a33b2cd","hasImage":false,"description":"jqueryy","detectionCreateTime":1731311416013,"detectionUpdateTime":1731313234581,"location":{"lat":0.0,"lng":0.0},"zone":{"id":-1,"name":"K11_"},"updated":true,"signature":"jqueryy","taskId":null,"taskStatus":null,"type":{"id":255,"name":"Emergency"}},{"id":"00000000-0000-000a-0000-01931aae317d","hasImage":false,"description":"parent","detectionCreateTime":1731319443837,"detectionUpdateTime":null,"location":{"lat":37.754223,"lng":33.569424},"zone":{"id":-1,"name":"K11_"},"updated":false,"signature":"parent","taskId":null,"taskStatus":null,"type":{"id":255,"name":"Emergency"}},{"id":"00000000-0000-000a-0000-01931ab09296","hasImage":false,"description":"parent","detectionCreateTime":1731319599766,"detectionUpdateTime":null,"location":{"lat":37.754223,"lng":33.569424},"zone":{"id":-1,"name":"K11_"},"updated":false,"signature":"parent","taskId":null,"taskStatus":null,"type":{"id":255,"name":"Emergency"}},{"id":"00000000-0000-000a-0000-01931ed56db1","hasImage":false,"description":"upt","detectionCreateTime":1731389124017,"detectionUpdateTime":1731389124967,"location":{"lat":37.754223,"lng":33.569424},"zone":{"id":-1,"name":"K11_"},"updated":true,"signature":"upt","taskId":null,"taskStatus":null,"type":{"id":255,"name":"Emergency"}},{"id":"00000000-0000-000a-0000-0193244ef1da","hasImage":false,"description":"Acil durum bildirimidir. Lütfen iletişime geçiniz.","detectionCreateTime":1731480973786,"detectionUpdateTime":1731480974803,"location":{"lat":40.7915734,"lng":29.5102751},"zone":{"id":-1,"name":"K11_"},"updated":true,"signature":null,"taskId":null,"taskStatus":null,"type":{"id":255,"name":"Emergency"}},{"id":"00000000-0000-000a-0000-019344208bc7","hasImage":false,"description":"Acil durum bildirimidir. Lütfen iletişime geçiniz.","detectionCreateTime":1732014803911,"detectionUpdateTime":null,"location":{"lat":39.9654525,"lng":32.7665023},"zone":{"id":-1,"name":"K11_"},"updated":false,"signature":null,"taskId":null,"taskStatus":null,"type":{"id":255,"name":"Emergency"}},{"id":"00000000-0000-000a-0000-019348cb3c01","hasImage":false,"description":"Acil durum bildirimidir. Lütfen iletişime geçiniz.","detectionCreateTime":1732093099009,"detectionUpdateTime":null,"location":{"lat":39.9654146,"lng":32.7658788},"zone":{"id":-1,"name":"K11_"},"updated":false,"signature":null,"taskId":null,"taskStatus":null,"type":{"id":255,"name":"Emergency"}},{"id":"00000000-0000-000a-0000-019348cc74e3","hasImage":false,"description":"Acil durum bildirimidir. Lütfen iletişime geçiniz.","detectionCreateTime":1732093179107,"detectionUpdateTime":null,"location":{"lat":39.9654187,"lng":32.7659529},"zone":{"id":-1,"name":"K11_"},"updated":false,"signature":null,"taskId":null,"taskStatus":null,"type":{"id":255,"name":"Emergency"}}]
2024-12-05 17:06:54.084 [main] INFO  com.apiTests.requests.serviceRequests.detection_controller.GetDetectionsTests - Status Code: 200
2024-12-05 17:06:54.099 [main] INFO  com.apiTests.requests.serviceRequests.detection_controller.GetDetectionsTests - 0. Detection: 00000000-0000-000a-0000-019319efe98b , Emergency
2024-12-05 17:06:54.099 [main] INFO  com.apiTests.requests.serviceRequests.detection_controller.GetDetectionsTests - 1. Detection: 00000000-0000-000a-0000-01931a1cc36b , Emergency
2024-12-05 17:06:54.115 [main] INFO  com.apiTests.requests.serviceRequests.detection_controller.GetDetectionsTests - 2. Detection: 00000000-0000-000a-0000-01931a33b2cd , Emergency
2024-12-05 17:06:54.115 [main] INFO  com.apiTests.requests.serviceRequests.detection_controller.GetDetectionsTests - 3. Detection: 00000000-0000-000a-0000-01931aae317d , Emergency
2024-12-05 17:06:54.115 [main] INFO  com.apiTests.requests.serviceRequests.detection_controller.GetDetectionsTests - 4. Detection: 00000000-0000-000a-0000-01931ab09296 , Emergency
2024-12-05 17:06:54.115 [main] INFO  com.apiTests.requests.serviceRequests.detection_controller.GetDetectionsTests - 5. Detection: 00000000-0000-000a-0000-01931ed56db1 , Emergency
2024-12-05 17:06:54.115 [main] INFO  com.apiTests.requests.serviceRequests.detection_controller.GetDetectionsTests - 6. Detection: 00000000-0000-000a-0000-0193244ef1da , Emergency
2024-12-05 17:06:54.115 [main] INFO  com.apiTests.requests.serviceRequests.detection_controller.GetDetectionsTests - 7. Detection: 00000000-0000-000a-0000-019344208bc7 , Emergency
2024-12-05 17:06:54.115 [main] INFO  com.apiTests.requests.serviceRequests.detection_controller.GetDetectionsTests - 8. Detection: 00000000-0000-000a-0000-019348cb3c01 , Emergency
2024-12-05 17:06:54.115 [main] INFO  com.apiTests.requests.serviceRequests.detection_controller.GetDetectionsTests - 9. Detection: 00000000-0000-000a-0000-019348cc74e3 , Emergency
2024-12-05 17:06:54.115 [main] ERROR com.apiTests.requests.serviceRequests.detection_controller.GetDetectionsTests - The zone filter does not used!
2024-12-05 17:06:54.115 [main] INFO  com.apiTests.requests.serviceRequests.detection_controller.GetDetectionsTests - The start time and the finish time filter do not used!
]]></system-out>
  </testcase>
  <testcase name="Detection controller service, filter classificationTyp #2" classname="Get Detections" time="1.004">
    <system-out><![CDATA[2024-12-05 17:06:54.406 [main] INFO  com.apiTests.requests.serviceRequests.user_controller.LoginTests - Response received: {"user":{"name":"Sistem Yöneticisi","surname":"ASELSAN","username":"aselsan","detail":{"identityNumber":null,"email":null,"phoneNumber":null,"rank":null,"profilePicture":null,"supervisor":{"name":null,"surname":null}},"pushToken":null,"userLevelId":5,"userLevelName":"Aselsan","id":10},"tokenDetails":{"accessToken":"eyJ0eXAiOiJKV1QiLCJhbGciOiJIUzUxMiJ9.eyJzdWIiOiIxOSIsImF1ZCI6ImFjY2VzcyIsInVzciI6IlNpc3RlbSBZw7ZuZXRpY2lzaSBBU0VMU0FOIiwiaXNzIjoiYXNlbHNhbi5rYXJkZWxlbiIsInJqdGkiOiI1MmZhY2JiOS00YWFkLTRiOTItYmE3Zi03MWU4NjI2ZWEzOTgiLCJleHAiOjE3MzM0MDgyMTMsImlhdCI6MTczMzQwNzYxMywianRpIjoiOWViZjEyYTctNmQzYy00ODg3LTk3OTAtMGJiOTA0OTNmOTQ0In0.PJmMULybx-CAalzIXJC0yP-x0I6RC6-Sa-j6BkGW42AveGYcDGDOGpch8ZcNipA2i4O2tlny2J1i5ZGkJeQapQ","refreshToken":"eyJ0eXAiOiJKV1QiLCJhbGciOiJIUzUxMiJ9.eyJzdWIiOiIxOSIsImF1ZCI6InJlZnJlc2giLCJpc3MiOiJhc2Vsc2FuLmthcmRlbGVuIiwiZXhwIjoxNzMzNDQzNjEzLCJpYXQiOjE3MzM0MDc2MTMsImp0aSI6IjUyZmFjYmI5LTRhYWQtNGI5Mi1iYTdmLTcxZTg2MjZlYTM5OCJ9._9umC7XPEkrwJxIvfT-w-aL-vAs58VomRnPe8gVLxp55z4R_5Bm13eTHoIWPknq94OLJRLqKxJ8r3xJx2O6RTQ"},"authorities":["right.detection.createdetection","right.detection.map","right.detection.detail","right.detection.detail.read","right.detection.detail.update","right.detection.filter","right.detection.sort","right.detection.sosmessage","right.task.filter","right.task.sort","right.task.detail","right.task.detail.read","right.task.detail.starttask","right.sensor.list","right.sensor.map","right.sensor.filter","right.sensor.sort","right.profile.read","right.detection","right.task","right.sensor","right.profile","right.detection.incominglist","right.task.outgoinglist","right.detection.outgoinglist","right.task.incominglist","right.task.attachments.list","right.alarm","right.alarm.list","right.alarm.map","right.alarm.filter","right.profile.usermanagement","right.profile.usermanagement.groupauthorization","right.profile.usermanagement.usergroup","right.sensor.detail","right.sensor.detail.read","right.sensor.detail.livestream"]}
2024-12-05 17:06:54.406 [main] INFO  com.apiTests.requests.serviceRequests.user_controller.LoginTests - Status Code: 200
2024-12-05 17:06:54.427 [main] INFO  com.apiTests.serviceSteps.serviceTestSteps.userController.LoginSteps - The system has been logged in with a valid username and password
2024-12-05 17:06:54.428 [main] INFO  com.apiTests.serviceSteps.serviceTestSteps.userController.LoginSteps - The username in the response matches the request
2024-12-05 17:06:54.430 [main] INFO  com.apiTests.requests.HelperMethod - The content was successfully written to the file: src/test/resources/txtFiles/accessToken.txt
2024-12-05 17:06:54.430 [main] INFO  com.apiTests.serviceSteps.serviceTestSteps.userController.LoginSteps - The Access Token has been saved: eyJ0eXAiOiJKV1QiLCJhbGciOiJIUzUxMiJ9.eyJzdWIiOiIxOSIsImF1ZCI6ImFjY2VzcyIsInVzciI6IlNpc3RlbSBZw7ZuZXRpY2lzaSBBU0VMU0FOIiwiaXNzIjoiYXNlbHNhbi5rYXJkZWxlbiIsInJqdGkiOiI1MmZhY2JiOS00YWFkLTRiOTItYmE3Zi03MWU4NjI2ZWEzOTgiLCJleHAiOjE3MzM0MDgyMTMsImlhdCI6MTczMzQwNzYxMywianRpIjoiOWViZjEyYTctNmQzYy00ODg3LTk3OTAtMGJiOTA0OTNmOTQ0In0.PJmMULybx-CAalzIXJC0yP-x0I6RC6-Sa-j6BkGW42AveGYcDGDOGpch8ZcNipA2i4O2tlny2J1i5ZGkJeQapQ
2024-12-05 17:06:54.736 [main] INFO  com.apiTests.requests.serviceRequests.detection_controller.ClassificationTypesTests - Response received: [{"id":255,"name":"ACİL DURUM"},{"id":3,"name":"ARAÇ"},{"id":6,"name":"ARIZA"},{"id":4,"name":"DİĞER"},{"id":193,"name":"DOĞRU ALARM"},{"id":2,"name":"HAYVAN"},{"id":1,"name":"İNSAN"},{"id":16,"name":"SABOTAJ"},{"id":71,"name":"YETKİSİZ"}]
2024-12-05 17:06:54.736 [main] INFO  com.apiTests.requests.serviceRequests.detection_controller.ClassificationTypesTests - Status Code: 200
2024-12-05 17:06:54.743 [main] INFO  com.apiTests.requests.serviceRequests.detection_controller.ClassificationTypesTests - 0. Classification Type: ACİL DURUM
2024-12-05 17:06:54.744 [main] INFO  com.apiTests.requests.serviceRequests.detection_controller.ClassificationTypesTests - 1. Classification Type: ARAÇ
2024-12-05 17:06:54.744 [main] INFO  com.apiTests.requests.serviceRequests.detection_controller.ClassificationTypesTests - Classification type found: ARAÇ
2024-12-05 17:06:55.103 [main] INFO  com.apiTests.requests.serviceRequests.detection_controller.GetDetectionsTests - Response received: [{"id":"00000000-0000-000a-0000-0192b45e1551","hasImage":true,"description":"car58","detectionCreateTime":1729602917713,"detectionUpdateTime":1731060347446,"location":{"lat":44.62059838491688,"lng":33.761569193133305},"zone":{"id":-1,"name":"K11_"},"updated":true,"signature":"06uu321","taskId":null,"taskStatus":null,"type":{"id":3,"name":"Vehicle"}},{"id":"00000000-0000-000a-0000-0193244b444c","hasImage":false,"description":"a12","detectionCreateTime":1731480732748,"detectionUpdateTime":1731480933232,"location":{"lat":39.031,"lng":35.252},"zone":{"id":-1,"name":"K11_"},"updated":true,"signature":"a1","taskId":null,"taskStatus":null,"type":{"id":3,"name":"Vehicle"}},{"id":"00000000-0000-000a-0000-0193495fbcce","hasImage":true,"description":"test99","detectionCreateTime":1732102831310,"detectionUpdateTime":1732107511335,"location":{"lat":36.905217757446,"lng":30.71423458363418},"zone":{"id":-1,"name":"K11_"},"updated":true,"signature":"55sss321","taskId":null,"taskStatus":null,"type":{"id":3,"name":"Vehicle"}},{"id":"00000000-0000-000a-0000-01922831a6cc","hasImage":true,"description":"25.09yvyvcuyfycyc444","detectionCreateTime":1727251195596,"detectionUpdateTime":1727251311845,"location":{"lat":37.890741763098944,"lng":32.50682470993759},"zone":{"id":-1,"name":"K11_"},"updated":true,"signature":"44eee32144","taskId":null,"taskStatus":null,"type":{"id":3,"name":"Vehicle"}},{"id":"00000000-0000-000a-0000-0192ae673531","hasImage":false,"description":"test55","detectionCreateTime":1729502852401,"detectionUpdateTime":1729502853582,"location":{"lat":39.57335835949759,"lng":32.16403650439132},"zone":{"id":-1,"name":"K11_"},"updated":true,"signature":"55sss321","taskId":null,"taskStatus":null,"type":{"id":3,"name":"Vehicle"}},{"id":"00000000-0000-000a-0000-0192ae74be63","hasImage":false,"description":"kib","detectionCreateTime":1729503739491,"detectionUpdateTime":1729503740669,"location":{"lat":35.268917427926674,"lng":33.85390382433425},"zone":{"id":-1,"name":"K11_"},"updated":true,"signature":"44eee321","taskId":null,"taskStatus":null,"type":{"id":3,"name":"Vehicle"}},{"id":"00000000-0000-000a-0000-0192c3c926c7","hasImage":false,"description":"asdasd","detectionCreateTime":1729861592775,"detectionUpdateTime":1731060706014,"location":{"lat":0.0,"lng":0.0},"zone":{"id":-1,"name":"K11_"},"updated":true,"signature":"asdas","taskId":null,"taskStatus":null,"type":{"id":3,"name":"Vehicle"}}]
2024-12-05 17:06:55.104 [main] INFO  com.apiTests.requests.serviceRequests.detection_controller.GetDetectionsTests - Status Code: 200
2024-12-05 17:06:55.114 [main] INFO  com.apiTests.requests.serviceRequests.detection_controller.GetDetectionsTests - 0. Detection: 00000000-0000-000a-0000-0192b45e1551 , Vehicle
2024-12-05 17:06:55.114 [main] INFO  com.apiTests.requests.serviceRequests.detection_controller.GetDetectionsTests - 1. Detection: 00000000-0000-000a-0000-0193244b444c , Vehicle
2024-12-05 17:06:55.114 [main] INFO  com.apiTests.requests.serviceRequests.detection_controller.GetDetectionsTests - 2. Detection: 00000000-0000-000a-0000-0193495fbcce , Vehicle
2024-12-05 17:06:55.115 [main] INFO  com.apiTests.requests.serviceRequests.detection_controller.GetDetectionsTests - 3. Detection: 00000000-0000-000a-0000-01922831a6cc , Vehicle
2024-12-05 17:06:55.115 [main] INFO  com.apiTests.requests.serviceRequests.detection_controller.GetDetectionsTests - 4. Detection: 00000000-0000-000a-0000-0192ae673531 , Vehicle
2024-12-05 17:06:55.115 [main] INFO  com.apiTests.requests.serviceRequests.detection_controller.GetDetectionsTests - 5. Detection: 00000000-0000-000a-0000-0192ae74be63 , Vehicle
2024-12-05 17:06:55.115 [main] INFO  com.apiTests.requests.serviceRequests.detection_controller.GetDetectionsTests - 6. Detection: 00000000-0000-000a-0000-0192c3c926c7 , Vehicle
2024-12-05 17:06:55.115 [main] ERROR com.apiTests.requests.serviceRequests.detection_controller.GetDetectionsTests - The zone filter does not used!
2024-12-05 17:06:55.115 [main] INFO  com.apiTests.requests.serviceRequests.detection_controller.GetDetectionsTests - The start time and the finish time filter do not used!
]]></system-out>
  </testcase>
  <testcase name="Detection controller service, filter classificationTyp #3" classname="Get Detections" time="0.985">
    <system-out><![CDATA[2024-12-05 17:06:55.409 [main] INFO  com.apiTests.requests.serviceRequests.user_controller.LoginTests - Response received: {"user":{"name":"Sistem Yöneticisi","surname":"ASELSAN","username":"aselsan","detail":{"identityNumber":null,"email":null,"phoneNumber":null,"rank":null,"profilePicture":null,"supervisor":{"name":null,"surname":null}},"pushToken":null,"userLevelId":5,"userLevelName":"Aselsan","id":10},"tokenDetails":{"accessToken":"eyJ0eXAiOiJKV1QiLCJhbGciOiJIUzUxMiJ9.eyJzdWIiOiIxOSIsImF1ZCI6ImFjY2VzcyIsInVzciI6IlNpc3RlbSBZw7ZuZXRpY2lzaSBBU0VMU0FOIiwiaXNzIjoiYXNlbHNhbi5rYXJkZWxlbiIsInJqdGkiOiJkNTAxNGZiOC1iMDIwLTRhNDMtOWE2MC0yYWUwMTkwMmQ4MjgiLCJleHAiOjE3MzM0MDgyMTQsImlhdCI6MTczMzQwNzYxNCwianRpIjoiNDY4YzJjNzMtODFlOC00OTk1LWIxYzItNWQxZjVlMWM0NDE0In0.dYfwlhQwehREqQ_llJGNfwGctI8o2q8AXl7f6kL9YYYkC8xtsgl9KOd6mUAuzv5gkBuNYXobeyyKWjjvFn_hWA","refreshToken":"eyJ0eXAiOiJKV1QiLCJhbGciOiJIUzUxMiJ9.eyJzdWIiOiIxOSIsImF1ZCI6InJlZnJlc2giLCJpc3MiOiJhc2Vsc2FuLmthcmRlbGVuIiwiZXhwIjoxNzMzNDQzNjE0LCJpYXQiOjE3MzM0MDc2MTQsImp0aSI6ImQ1MDE0ZmI4LWIwMjAtNGE0My05YTYwLTJhZTAxOTAyZDgyOCJ9.8C_MRJcQtHzOYw47htgSeWij8HOLnmSF1QGVlAluwCw_2s0pYjdmaAA06rSuA8VLLsb9UlsPO9hVQQHxaqmk6w"},"authorities":["right.detection.createdetection","right.detection.map","right.detection.detail","right.detection.detail.read","right.detection.detail.update","right.detection.filter","right.detection.sort","right.detection.sosmessage","right.task.filter","right.task.sort","right.task.detail","right.task.detail.read","right.task.detail.starttask","right.sensor.list","right.sensor.map","right.sensor.filter","right.sensor.sort","right.profile.read","right.detection","right.task","right.sensor","right.profile","right.detection.incominglist","right.task.outgoinglist","right.detection.outgoinglist","right.task.incominglist","right.task.attachments.list","right.alarm","right.alarm.list","right.alarm.map","right.alarm.filter","right.profile.usermanagement","right.profile.usermanagement.groupauthorization","right.profile.usermanagement.usergroup","right.sensor.detail","right.sensor.detail.read","right.sensor.detail.livestream"]}
2024-12-05 17:06:55.409 [main] INFO  com.apiTests.requests.serviceRequests.user_controller.LoginTests - Status Code: 200
2024-12-05 17:06:55.426 [main] INFO  com.apiTests.serviceSteps.serviceTestSteps.userController.LoginSteps - The system has been logged in with a valid username and password
2024-12-05 17:06:55.427 [main] INFO  com.apiTests.serviceSteps.serviceTestSteps.userController.LoginSteps - The username in the response matches the request
2024-12-05 17:06:55.428 [main] INFO  com.apiTests.requests.HelperMethod - The content was successfully written to the file: src/test/resources/txtFiles/accessToken.txt
2024-12-05 17:06:55.429 [main] INFO  com.apiTests.serviceSteps.serviceTestSteps.userController.LoginSteps - The Access Token has been saved: eyJ0eXAiOiJKV1QiLCJhbGciOiJIUzUxMiJ9.eyJzdWIiOiIxOSIsImF1ZCI6ImFjY2VzcyIsInVzciI6IlNpc3RlbSBZw7ZuZXRpY2lzaSBBU0VMU0FOIiwiaXNzIjoiYXNlbHNhbi5rYXJkZWxlbiIsInJqdGkiOiJkNTAxNGZiOC1iMDIwLTRhNDMtOWE2MC0yYWUwMTkwMmQ4MjgiLCJleHAiOjE3MzM0MDgyMTQsImlhdCI6MTczMzQwNzYxNCwianRpIjoiNDY4YzJjNzMtODFlOC00OTk1LWIxYzItNWQxZjVlMWM0NDE0In0.dYfwlhQwehREqQ_llJGNfwGctI8o2q8AXl7f6kL9YYYkC8xtsgl9KOd6mUAuzv5gkBuNYXobeyyKWjjvFn_hWA
2024-12-05 17:06:55.723 [main] INFO  com.apiTests.requests.serviceRequests.detection_controller.ClassificationTypesTests - Response received: [{"id":255,"name":"ACİL DURUM"},{"id":3,"name":"ARAÇ"},{"id":6,"name":"ARIZA"},{"id":4,"name":"DİĞER"},{"id":193,"name":"DOĞRU ALARM"},{"id":2,"name":"HAYVAN"},{"id":1,"name":"İNSAN"},{"id":16,"name":"SABOTAJ"},{"id":71,"name":"YETKİSİZ"}]
2024-12-05 17:06:55.723 [main] INFO  com.apiTests.requests.serviceRequests.detection_controller.ClassificationTypesTests - Status Code: 200
2024-12-05 17:06:55.725 [main] INFO  com.apiTests.requests.serviceRequests.detection_controller.ClassificationTypesTests - 0. Classification Type: ACİL DURUM
2024-12-05 17:06:55.726 [main] INFO  com.apiTests.requests.serviceRequests.detection_controller.ClassificationTypesTests - 1. Classification Type: ARAÇ
2024-12-05 17:06:55.726 [main] INFO  com.apiTests.requests.serviceRequests.detection_controller.ClassificationTypesTests - 2. Classification Type: ARIZA
2024-12-05 17:06:55.726 [main] INFO  com.apiTests.requests.serviceRequests.detection_controller.ClassificationTypesTests - Classification type found: ARIZA
2024-12-05 17:06:56.086 [main] INFO  com.apiTests.requests.serviceRequests.detection_controller.GetDetectionsTests - Response received: [{"id":"00000000-0000-000a-0000-019228acfc4f","hasImage":false,"description":"uvuguvugug","detectionCreateTime":1727259278415,"detectionUpdateTime":null,"location":{"lat":39.031,"lng":35.252},"zone":{"id":-1,"name":"K11_"},"updated":false,"signature":"hccuycyf","taskId":null,"taskStatus":null,"type":{"id":6,"name":"Malfunction"}},{"id":"00000000-0000-000a-0000-019298dfa639","hasImage":false,"description":"GSFB","detectionCreateTime":1729141646905,"detectionUpdateTime":null,"location":{"lat":37.754223,"lng":33.569424},"zone":{"id":-1,"name":"K11_"},"updated":false,"signature":"GSFB","taskId":null,"taskStatus":null,"type":{"id":6,"name":"Malfunction"}},{"id":"00000000-0000-000a-0000-019298c77934","hasImage":false,"description":"descccccccc","detectionCreateTime":1729140062516,"detectionUpdateTime":null,"location":{"lat":37.754223,"lng":33.569424},"zone":{"id":-1,"name":"K11_"},"updated":false,"signature":"siggggggggg","taskId":null,"taskStatus":null,"type":{"id":6,"name":"Malfunction"}},{"id":"00000000-0000-000a-0000-0192ae75e7b5","hasImage":false,"description":"84","detectionCreateTime":1729503815605,"detectionUpdateTime":1729503816809,"location":{"lat":36.92503693657357,"lng":37.55276414688582},"zone":{"id":-1,"name":"K11_"},"updated":true,"signature":"88uuu432","taskId":null,"taskStatus":null,"type":{"id":6,"name":"Malfunction"}}]
2024-12-05 17:06:56.086 [main] INFO  com.apiTests.requests.serviceRequests.detection_controller.GetDetectionsTests - Status Code: 200
2024-12-05 17:06:56.086 [main] INFO  com.apiTests.requests.serviceRequests.detection_controller.GetDetectionsTests - 0. Detection: 00000000-0000-000a-0000-019228acfc4f , Malfunction
2024-12-05 17:06:56.086 [main] INFO  com.apiTests.requests.serviceRequests.detection_controller.GetDetectionsTests - 1. Detection: 00000000-0000-000a-0000-019298dfa639 , Malfunction
2024-12-05 17:06:56.086 [main] INFO  com.apiTests.requests.serviceRequests.detection_controller.GetDetectionsTests - 2. Detection: 00000000-0000-000a-0000-019298c77934 , Malfunction
2024-12-05 17:06:56.086 [main] INFO  com.apiTests.requests.serviceRequests.detection_controller.GetDetectionsTests - 3. Detection: 00000000-0000-000a-0000-0192ae75e7b5 , Malfunction
2024-12-05 17:06:56.086 [main] ERROR com.apiTests.requests.serviceRequests.detection_controller.GetDetectionsTests - The zone filter does not used!
2024-12-05 17:06:56.086 [main] INFO  com.apiTests.requests.serviceRequests.detection_controller.GetDetectionsTests - The start time and the finish time filter do not used!
]]></system-out>
  </testcase>
  <testcase name="Detection controller service, filter classificationTyp #4" classname="Get Detections" time="0.974">
    <system-out><![CDATA[2024-12-05 17:06:56.383 [main] INFO  com.apiTests.requests.serviceRequests.user_controller.LoginTests - Response received: {"user":{"name":"Sistem Yöneticisi","surname":"ASELSAN","username":"aselsan","detail":{"identityNumber":null,"email":null,"phoneNumber":null,"rank":null,"profilePicture":null,"supervisor":{"name":null,"surname":null}},"pushToken":null,"userLevelId":5,"userLevelName":"Aselsan","id":10},"tokenDetails":{"accessToken":"eyJ0eXAiOiJKV1QiLCJhbGciOiJIUzUxMiJ9.eyJzdWIiOiIxOSIsImF1ZCI6ImFjY2VzcyIsInVzciI6IlNpc3RlbSBZw7ZuZXRpY2lzaSBBU0VMU0FOIiwiaXNzIjoiYXNlbHNhbi5rYXJkZWxlbiIsInJqdGkiOiJiMDNiMWYwYy1lNTJhLTQ2NmYtOTljMS0xZjNhNmFjMWZjZjgiLCJleHAiOjE3MzM0MDgyMTUsImlhdCI6MTczMzQwNzYxNSwianRpIjoiNDhmMGFiNDMtNGFhOC00YTZiLWE3MTktODUyODFiNjE4NDI0In0.3LlJrwVaogGIlc0J1jDJ2usbVDUISnw3MCSTPYe3OspL8LPRsw9IcIFMQbtb03mvORtTgQAtmWotEqyYWpjSjg","refreshToken":"eyJ0eXAiOiJKV1QiLCJhbGciOiJIUzUxMiJ9.eyJzdWIiOiIxOSIsImF1ZCI6InJlZnJlc2giLCJpc3MiOiJhc2Vsc2FuLmthcmRlbGVuIiwiZXhwIjoxNzMzNDQzNjE1LCJpYXQiOjE3MzM0MDc2MTUsImp0aSI6ImIwM2IxZjBjLWU1MmEtNDY2Zi05OWMxLTFmM2E2YWMxZmNmOCJ9.3FTxoKtcrPIbyRLDEAdy9eEy3y1uM5kS_m6BgYZlkVLjkAHezbSY_TLifo387GN0QEy7SwZCTLTMoVB-FTk7Ag"},"authorities":["right.detection.createdetection","right.detection.map","right.detection.detail","right.detection.detail.read","right.detection.detail.update","right.detection.filter","right.detection.sort","right.detection.sosmessage","right.task.filter","right.task.sort","right.task.detail","right.task.detail.read","right.task.detail.starttask","right.sensor.list","right.sensor.map","right.sensor.filter","right.sensor.sort","right.profile.read","right.detection","right.task","right.sensor","right.profile","right.detection.incominglist","right.task.outgoinglist","right.detection.outgoinglist","right.task.incominglist","right.task.attachments.list","right.alarm","right.alarm.list","right.alarm.map","right.alarm.filter","right.profile.usermanagement","right.profile.usermanagement.groupauthorization","right.profile.usermanagement.usergroup","right.sensor.detail","right.sensor.detail.read","right.sensor.detail.livestream"]}
2024-12-05 17:06:56.384 [main] INFO  com.apiTests.requests.serviceRequests.user_controller.LoginTests - Status Code: 200
2024-12-05 17:06:56.399 [main] INFO  com.apiTests.serviceSteps.serviceTestSteps.userController.LoginSteps - The system has been logged in with a valid username and password
2024-12-05 17:06:56.400 [main] INFO  com.apiTests.serviceSteps.serviceTestSteps.userController.LoginSteps - The username in the response matches the request
2024-12-05 17:06:56.402 [main] INFO  com.apiTests.requests.HelperMethod - The content was successfully written to the file: src/test/resources/txtFiles/accessToken.txt
2024-12-05 17:06:56.402 [main] INFO  com.apiTests.serviceSteps.serviceTestSteps.userController.LoginSteps - The Access Token has been saved: eyJ0eXAiOiJKV1QiLCJhbGciOiJIUzUxMiJ9.eyJzdWIiOiIxOSIsImF1ZCI6ImFjY2VzcyIsInVzciI6IlNpc3RlbSBZw7ZuZXRpY2lzaSBBU0VMU0FOIiwiaXNzIjoiYXNlbHNhbi5rYXJkZWxlbiIsInJqdGkiOiJiMDNiMWYwYy1lNTJhLTQ2NmYtOTljMS0xZjNhNmFjMWZjZjgiLCJleHAiOjE3MzM0MDgyMTUsImlhdCI6MTczMzQwNzYxNSwianRpIjoiNDhmMGFiNDMtNGFhOC00YTZiLWE3MTktODUyODFiNjE4NDI0In0.3LlJrwVaogGIlc0J1jDJ2usbVDUISnw3MCSTPYe3OspL8LPRsw9IcIFMQbtb03mvORtTgQAtmWotEqyYWpjSjg
2024-12-05 17:06:56.681 [main] INFO  com.apiTests.requests.serviceRequests.detection_controller.ClassificationTypesTests - Response received: [{"id":255,"name":"ACİL DURUM"},{"id":3,"name":"ARAÇ"},{"id":6,"name":"ARIZA"},{"id":4,"name":"DİĞER"},{"id":193,"name":"DOĞRU ALARM"},{"id":2,"name":"HAYVAN"},{"id":1,"name":"İNSAN"},{"id":16,"name":"SABOTAJ"},{"id":71,"name":"YETKİSİZ"}]
2024-12-05 17:06:56.681 [main] INFO  com.apiTests.requests.serviceRequests.detection_controller.ClassificationTypesTests - Status Code: 200
2024-12-05 17:06:56.683 [main] INFO  com.apiTests.requests.serviceRequests.detection_controller.ClassificationTypesTests - 0. Classification Type: ACİL DURUM
2024-12-05 17:06:56.683 [main] INFO  com.apiTests.requests.serviceRequests.detection_controller.ClassificationTypesTests - 1. Classification Type: ARAÇ
2024-12-05 17:06:56.683 [main] INFO  com.apiTests.requests.serviceRequests.detection_controller.ClassificationTypesTests - 2. Classification Type: ARIZA
2024-12-05 17:06:56.684 [main] INFO  com.apiTests.requests.serviceRequests.detection_controller.ClassificationTypesTests - 3. Classification Type: DİĞER
2024-12-05 17:06:56.684 [main] INFO  com.apiTests.requests.serviceRequests.detection_controller.ClassificationTypesTests - Classification type found: DİĞER
2024-12-05 17:06:57.073 [main] INFO  com.apiTests.requests.serviceRequests.detection_controller.GetDetectionsTests - Response received: []
2024-12-05 17:06:57.073 [main] INFO  com.apiTests.requests.serviceRequests.detection_controller.GetDetectionsTests - Status Code: 200
2024-12-05 17:06:57.077 [main] ERROR com.apiTests.requests.serviceRequests.detection_controller.GetDetectionsTests - Detection List is empty!
]]></system-out>
  </testcase>
  <testcase name="Detection controller service, filter classificationTyp #5" classname="Get Detections" time="0.999">
    <system-out><![CDATA[2024-12-05 17:06:57.360 [main] INFO  com.apiTests.requests.serviceRequests.user_controller.LoginTests - Response received: {"user":{"name":"Sistem Yöneticisi","surname":"ASELSAN","username":"aselsan","detail":{"identityNumber":null,"email":null,"phoneNumber":null,"rank":null,"profilePicture":null,"supervisor":{"name":null,"surname":null}},"pushToken":null,"userLevelId":5,"userLevelName":"Aselsan","id":10},"tokenDetails":{"accessToken":"eyJ0eXAiOiJKV1QiLCJhbGciOiJIUzUxMiJ9.eyJzdWIiOiIxOSIsImF1ZCI6ImFjY2VzcyIsInVzciI6IlNpc3RlbSBZw7ZuZXRpY2lzaSBBU0VMU0FOIiwiaXNzIjoiYXNlbHNhbi5rYXJkZWxlbiIsInJqdGkiOiJjNGFiMTliYy0zZGYwLTQ5MjMtODBjZC0xNzU1MTgzM2RkNDIiLCJleHAiOjE3MzM0MDgyMTYsImlhdCI6MTczMzQwNzYxNiwianRpIjoiNmZmOGU0ZWMtZGY1Ny00NThkLTliNTctNWM1N2YzZTU2Zjk3In0.Bv7dAXry9r32plKAxG86kJ76sydoc8oZIdBpVoCOIhqqZ55EM0vfdnHlYbLWWgIg5AzGo0KTEKBDQ1AIQ7J2sQ","refreshToken":"eyJ0eXAiOiJKV1QiLCJhbGciOiJIUzUxMiJ9.eyJzdWIiOiIxOSIsImF1ZCI6InJlZnJlc2giLCJpc3MiOiJhc2Vsc2FuLmthcmRlbGVuIiwiZXhwIjoxNzMzNDQzNjE2LCJpYXQiOjE3MzM0MDc2MTYsImp0aSI6ImM0YWIxOWJjLTNkZjAtNDkyMy04MGNkLTE3NTUxODMzZGQ0MiJ9.bM1pQ3IrPsG4c-3mwc6YUtKMfH7iYnUgbOG_ZhGT3IIqLsSK14aIoYi7eOpHDLP9ZSv_udcBG27TIl1njavaVQ"},"authorities":["right.detection.createdetection","right.detection.map","right.detection.detail","right.detection.detail.read","right.detection.detail.update","right.detection.filter","right.detection.sort","right.detection.sosmessage","right.task.filter","right.task.sort","right.task.detail","right.task.detail.read","right.task.detail.starttask","right.sensor.list","right.sensor.map","right.sensor.filter","right.sensor.sort","right.profile.read","right.detection","right.task","right.sensor","right.profile","right.detection.incominglist","right.task.outgoinglist","right.detection.outgoinglist","right.task.incominglist","right.task.attachments.list","right.alarm","right.alarm.list","right.alarm.map","right.alarm.filter","right.profile.usermanagement","right.profile.usermanagement.groupauthorization","right.profile.usermanagement.usergroup","right.sensor.detail","right.sensor.detail.read","right.sensor.detail.livestream"]}
2024-12-05 17:06:57.360 [main] INFO  com.apiTests.requests.serviceRequests.user_controller.LoginTests - Status Code: 200
2024-12-05 17:06:57.373 [main] INFO  com.apiTests.serviceSteps.serviceTestSteps.userController.LoginSteps - The system has been logged in with a valid username and password
2024-12-05 17:06:57.373 [main] INFO  com.apiTests.serviceSteps.serviceTestSteps.userController.LoginSteps - The username in the response matches the request
2024-12-05 17:06:57.373 [main] INFO  com.apiTests.requests.HelperMethod - The content was successfully written to the file: src/test/resources/txtFiles/accessToken.txt
2024-12-05 17:06:57.376 [main] INFO  com.apiTests.serviceSteps.serviceTestSteps.userController.LoginSteps - The Access Token has been saved: eyJ0eXAiOiJKV1QiLCJhbGciOiJIUzUxMiJ9.eyJzdWIiOiIxOSIsImF1ZCI6ImFjY2VzcyIsInVzciI6IlNpc3RlbSBZw7ZuZXRpY2lzaSBBU0VMU0FOIiwiaXNzIjoiYXNlbHNhbi5rYXJkZWxlbiIsInJqdGkiOiJjNGFiMTliYy0zZGYwLTQ5MjMtODBjZC0xNzU1MTgzM2RkNDIiLCJleHAiOjE3MzM0MDgyMTYsImlhdCI6MTczMzQwNzYxNiwianRpIjoiNmZmOGU0ZWMtZGY1Ny00NThkLTliNTctNWM1N2YzZTU2Zjk3In0.Bv7dAXry9r32plKAxG86kJ76sydoc8oZIdBpVoCOIhqqZ55EM0vfdnHlYbLWWgIg5AzGo0KTEKBDQ1AIQ7J2sQ
2024-12-05 17:06:57.661 [main] INFO  com.apiTests.requests.serviceRequests.detection_controller.ClassificationTypesTests - Response received: [{"id":255,"name":"ACİL DURUM"},{"id":3,"name":"ARAÇ"},{"id":6,"name":"ARIZA"},{"id":4,"name":"DİĞER"},{"id":193,"name":"DOĞRU ALARM"},{"id":2,"name":"HAYVAN"},{"id":1,"name":"İNSAN"},{"id":16,"name":"SABOTAJ"},{"id":71,"name":"YETKİSİZ"}]
2024-12-05 17:06:57.661 [main] INFO  com.apiTests.requests.serviceRequests.detection_controller.ClassificationTypesTests - Status Code: 200
2024-12-05 17:06:57.661 [main] INFO  com.apiTests.requests.serviceRequests.detection_controller.ClassificationTypesTests - 0. Classification Type: ACİL DURUM
2024-12-05 17:06:57.661 [main] INFO  com.apiTests.requests.serviceRequests.detection_controller.ClassificationTypesTests - 1. Classification Type: ARAÇ
2024-12-05 17:06:57.661 [main] INFO  com.apiTests.requests.serviceRequests.detection_controller.ClassificationTypesTests - 2. Classification Type: ARIZA
2024-12-05 17:06:57.661 [main] INFO  com.apiTests.requests.serviceRequests.detection_controller.ClassificationTypesTests - 3. Classification Type: DİĞER
2024-12-05 17:06:57.661 [main] INFO  com.apiTests.requests.serviceRequests.detection_controller.ClassificationTypesTests - 4. Classification Type: DOĞRU ALARM
2024-12-05 17:06:57.661 [main] INFO  com.apiTests.requests.serviceRequests.detection_controller.ClassificationTypesTests - Classification type found: DOĞRU ALARM
2024-12-05 17:06:58.057 [main] INFO  com.apiTests.requests.serviceRequests.detection_controller.GetDetectionsTests - Response received: [{"id":"00000000-0000-000a-0000-01930b45f2a9","hasImage":false,"description":"da","detectionCreateTime":1731060953769,"detectionUpdateTime":1731060954753,"location":{"lat":39.96669068994513,"lng":32.76807441194585},"zone":{"id":-1,"name":"K11_"},"updated":true,"signature":"da","taskId":null,"taskStatus":null,"type":{"id":193,"name":"Alarm"}},{"id":"00000000-0000-000a-0000-01930b55fece","hasImage":false,"description":"y","detectionCreateTime":1731062005454,"detectionUpdateTime":null,"location":{"lat":39.031,"lng":35.252},"zone":{"id":-1,"name":"K11_"},"updated":false,"signature":"x","taskId":"957aa425-34a7-4889-8f01-37065a60a7fb","taskStatus":6,"type":{"id":193,"name":"Alarm"}}]
2024-12-05 17:06:58.057 [main] INFO  com.apiTests.requests.serviceRequests.detection_controller.GetDetectionsTests - Status Code: 200
2024-12-05 17:06:58.075 [main] INFO  com.apiTests.requests.serviceRequests.detection_controller.GetDetectionsTests - 0. Detection: 00000000-0000-000a-0000-01930b45f2a9 , Alarm
2024-12-05 17:06:58.075 [main] INFO  com.apiTests.requests.serviceRequests.detection_controller.GetDetectionsTests - 1. Detection: 00000000-0000-000a-0000-01930b55fece , Alarm
2024-12-05 17:06:58.075 [main] ERROR com.apiTests.requests.serviceRequests.detection_controller.GetDetectionsTests - The zone filter does not used!
2024-12-05 17:06:58.076 [main] INFO  com.apiTests.requests.serviceRequests.detection_controller.GetDetectionsTests - The start time and the finish time filter do not used!
]]></system-out>
  </testcase>
  <testcase name="Detection controller service, filter classificationTyp #6" classname="Get Detections" time="1.119">
[...]
2024-12-05 17:07:14.944 [main] INFO  com.apiTests.requests.serviceRequests.detection_controller.GetDetectionsTests - Status Code: 200
2024-12-05 17:07:14.948 [main] ERROR com.apiTests.requests.serviceRequests.detection_controller.GetDetectionsTests - The classification type filter does not used!
2024-12-05 17:07:14.948 [main] ERROR com.apiTests.requests.serviceRequests.detection_controller.GetDetectionsTests - The zone filter does not used!
2024-12-05 17:07:14.948 [main] ERROR com.apiTests.requests.serviceRequests.detection_controller.GetDetectionsTests - The start time is null but the finish time is not null: This situation is not possible!
]]></system-out>
  </testcase>
  <testcase name="Detection controller service, filter createdByMe #1" classname="Get Detections" time="0.793">
    <system-out><![CDATA[2024-12-05 17:07:15.236 [main] INFO  com.apiTests.requests.serviceRequests.user_controller.LoginTests - Response received: {"user":{"name":"Sistem Yöneticisi","surname":"ASELSAN","username":"aselsan","detail":{"identityNumber":null,"email":null,"phoneNumber":null,"rank":null,"profilePicture":null,"supervisor":{"name":null,"surname":null}},"pushToken":null,"userLevelId":5,"userLevelName":"Aselsan","id":10},"tokenDetails":{"accessToken":"eyJ0eXAiOiJKV1QiLCJhbGciOiJIUzUxMiJ9.eyJzdWIiOiIxOSIsImF1ZCI6ImFjY2VzcyIsInVzciI6IlNpc3RlbSBZw7ZuZXRpY2lzaSBBU0VMU0FOIiwiaXNzIjoiYXNlbHNhbi5rYXJkZWxlbiIsInJqdGkiOiI5NGJhYjVmZS0xYmM3LTQzNjYtOTM3MS1mM2YzMjc4ZTNjNDEiLCJleHAiOjE3MzM0MDgyMzQsImlhdCI6MTczMzQwNzYzNCwianRpIjoiMDk1MTM3YjItYzUzOS00YTEwLWI4OGMtOTI4ZjI2NDY3MWMyIn0.NhO56LMH76qo0sXbKqwOVa_GA4Zb3VZV5w7ZGwxWg3TV7fY-i5Zm3soIVEhBG5p9SSHOqsKPDCLDnGzGz5fUYw","refreshToken":"eyJ0eXAiOiJKV1QiLCJhbGciOiJIUzUxMiJ9.eyJzdWIiOiIxOSIsImF1ZCI6InJlZnJlc2giLCJpc3MiOiJhc2Vsc2FuLmthcmRlbGVuIiwiZXhwIjoxNzMzNDQzNjM0LCJpYXQiOjE3MzM0MDc2MzQsImp0aSI6Ijk0YmFiNWZlLTFiYzctNDM2Ni05MzcxLWYzZjMyNzhlM2M0MSJ9.l0nb0PowdIzN1CqmCAhhR-q-6dPFxbSADFsRZZNrYTJgxY2ov_r9eGmABH-Ze8xmNLTx5Pd4kNJcTIlJvpO1Dg"},"authorities":["right.detection.createdetection","right.detection.map","right.detection.detail","right.detection.detail.read","right.detection.detail.update","right.detection.filter","right.detection.sort","right.detection.sosmessage","right.task.filter","right.task.sort","right.task.detail","right.task.detail.read","right.task.detail.starttask","right.sensor.list","right.sensor.map","right.sensor.filter","right.sensor.sort","right.profile.read","right.detection","right.task","right.sensor","right.profile","right.detection.incominglist","right.task.outgoinglist","right.detection.outgoinglist","right.task.incominglist","right.task.attachments.list","right.alarm","right.alarm.list","right.alarm.map","right.alarm.filter","right.profile.usermanagement","right.profile.usermanagement.groupauthorization","right.profile.usermanagement.usergroup","right.sensor.detail","right.sensor.detail.read","right.sensor.detail.livestream"]}
2024-12-05 17:07:15.236 [main] INFO  com.apiTests.requests.serviceRequests.user_controller.LoginTests - Status Code: 200
2024-12-05 17:07:15.250 [main] INFO  com.apiTests.serviceSteps.serviceTestSteps.userController.LoginSteps - The system has been logged in with a valid username and password
2024-12-05 17:07:15.251 [main] INFO  com.apiTests.serviceSteps.serviceTestSteps.userController.LoginSteps - The username in the response matches the request
2024-12-05 17:07:15.251 [main] INFO  com.apiTests.requests.HelperMethod - The content was successfully written to the file: src/test/resources/txtFiles/accessToken.txt
2024-12-05 17:07:15.251 [main] INFO  com.apiTests.serviceSteps.serviceTestSteps.userController.LoginSteps - The Access Token has been saved: eyJ0eXAiOiJKV1QiLCJhbGciOiJIUzUxMiJ9.eyJzdWIiOiIxOSIsImF1ZCI6ImFjY2VzcyIsInVzciI6IlNpc3RlbSBZw7ZuZXRpY2lzaSBBU0VMU0FOIiwiaXNzIjoiYXNlbHNhbi5rYXJkZWxlbiIsInJqdGkiOiI5NGJhYjVmZS0xYmM3LTQzNjYtOTM3MS1mM2YzMjc4ZTNjNDEiLCJleHAiOjE3MzM0MDgyMzQsImlhdCI6MTczMzQwNzYzNCwianRpIjoiMDk1MTM3YjItYzUzOS00YTEwLWI4OGMtOTI4ZjI2NDY3MWMyIn0.NhO56LMH76qo0sXbKqwOVa_GA4Zb3VZV5w7ZGwxWg3TV7fY-i5Zm3soIVEhBG5p9SSHOqsKPDCLDnGzGz5fUYw
2024-12-05 17:07:15.736 [main] INFO  com.apiTests.requests.serviceRequests.detection_controller.GetDetectionsTests - Response received: [{"id":"00000000-0000-000a-0000-0192f605e9db","hasImage":false,"description":"upp","detectionCreateTime":1730704435675,"detectionUpdateTime":1730804907029,"location":{"lat":0.0,"lng":0.0},"zone":{"id":-1,"name":"K11_"},"updated":true,"signature":"upp","taskId":null,"taskStatus":null,"type":{"id":71,"name":"Unauthorized"}},{"id":"00000000-0000-000a-0000-0192b45e1551","hasImage":true,"description":"car58","detectionCreateTime":1729602917713,"detectionUpdateTime":1731060347446,"location":{"lat":44.62059838491688,"lng":33.761569193133305},"zone":{"id":-1,"name":"K11_"},"updated":true,"signature":"06uu321","taskId":null,"taskStatus":null,"type":{"id":3,"name":"Vehicle"}},{"id":"00000000-0000-000a-0000-01930b45f2a9","hasImage":false,"description":"da","detectionCreateTime":1731060953769,"detectionUpdateTime":1731060954753,"location":{"lat":39.96669068994513,"lng":32.76807441194585},"zone":{"id":-1,"name":"K11_"},"updated":true,"signature":"da","taskId":null,"taskStatus":null,"type":{"id":193,"name":"Alarm"}},{"id":"00000000-0000-000a-0000-01930b55fece","hasImage":false,"description":"y","detectionCreateTime":1731062005454,"detectionUpdateTime":null,"location":{"lat":39.031,"lng":35.252},"zone":{"id":-1,"name":"K11_"},"updated":false,"signature":"x","taskId":"957aa425-34a7-4889-8f01-37065a60a7fb","taskStatus":6,"type":{"id":193,"name":"Alarm"}},{"id":"00000000-0000-000a-0000-019319efe98b","hasImage":false,"description":"twicee","detectionCreateTime":1731306973579,"detectionUpdateTime":1731307112646,"location":{"lat":0.0,"lng":0.0},"zone":{"id":-1,"name":"K11_"},"updated":true,"signature":"twicee","taskId":null,"taskStatus":null,"type":{"id":255,"name":"Emergency"}},{"id":"00000000-0000-000a-0000-01931a1cc36b","hasImage":false,"description":"130","detectionCreateTime":1731309912939,"detectionUpdateTime":null,"location":{"lat":37.754223,"lng":33.569424},"zone":{"id":-1,"name":"K11_"},"updated":false,"signature":"130","taskId":null,"taskStatus":null,"type":{"id":255,"name":"Emergency"}},{"id":"00000000-0000-000a-0000-01931a1edcfd","hasImage":false,"description":"955","detectionCreateTime":1731310050557,"detectionUpdateTime":1731310153382,"location":{"lat":0.0,"lng":0.0},"zone":{"id":-1,"name":"K11_"},"updated":true,"signature":"955","taskId":null,"taskStatus":null,"type":{"id":71,"name":"Unauthorized"}},{"id":"00000000-0000-000a-0000-01931a33b2cd","hasImage":false,"description":"jqueryy","detectionCreateTime":1731311416013,"detectionUpdateTime":1731313234581,"location":{"lat":0.0,"lng":0.0},"zone":{"id":-1,"name":"K11_"},"updated":true,"signature":"jqueryy","taskId":null,"taskStatus":null,"type":{"id":255,"name":"Emergency"}},{"id":"00000000-0000-000a-0000-01931aae317d","hasImage":false,"description":"parent","detectionCreateTime":1731319443837,"detectionUpdateTime":null,"location":{"lat":37.754223,"lng":33.569424},"zone":{"id":-1,"name":"K11_"},"updated":false,"signature":"parent","taskId":null,"taskStatus":null,"type":{"id":255,"name":"Emergency"}},{"id":"00000000-0000-000a-0000-01931ab09296","hasImage":false,"description":"parent","detectionCreateTime":1731319599766,"detectionUpdateTime":null,"location":{"lat":37.754223,"lng":33.569424},"zone":{"id":-1,"name":"K11_"},"updated":false,"signature":"parent","taskId":null,"taskStatus":null,"type":{"id":255,"name":"Emergency"}}]
2024-12-05 17:07:15.736 [main] INFO  com.apiTests.requests.serviceRequests.detection_controller.GetDetectionsTests - Status Code: 200
2024-12-05 17:07:15.750 [main] ERROR com.apiTests.requests.serviceRequests.detection_controller.GetDetectionsTests - The classification type filter does not used!
2024-12-05 17:07:15.750 [main] ERROR com.apiTests.requests.serviceRequests.detection_controller.GetDetectionsTests - The zone filter does not used!
2024-12-05 17:07:15.750 [main] INFO  com.apiTests.requests.serviceRequests.detection_controller.GetDetectionsTests - The start time and the finish time filter do not used!
]]></system-out>
  </testcase>
  <testcase name="Detection controller service, filter createdByMe #2" classname="Get Detections" time="1.279">
    <system-out><![CDATA[2024-12-05 17:07:16.255 [main] INFO  com.apiTests.requests.serviceRequests.user_controller.LoginTests - Response received: {"user":{"name":"Sistem Yöneticisi","surname":"ASELSAN","username":"aselsan","detail":{"identityNumber":null,"email":null,"phoneNumber":null,"rank":null,"profilePicture":null,"supervisor":{"name":null,"surname":null}},"pushToken":null,"userLevelId":5,"userLevelName":"Aselsan","id":10},"tokenDetails":{"accessToken":"eyJ0eXAiOiJKV1QiLCJhbGciOiJIUzUxMiJ9.eyJzdWIiOiIxOSIsImF1ZCI6ImFjY2VzcyIsInVzciI6IlNpc3RlbSBZw7ZuZXRpY2lzaSBBU0VMU0FOIiwiaXNzIjoiYXNlbHNhbi5rYXJkZWxlbiIsInJqdGkiOiI1MTdlNWI5YS1mMjA2LTRjNmYtOWY5Ny0xZWM5NDZhZWY5MzUiLCJleHAiOjE3MzM0MDgyMzUsImlhdCI6MTczMzQwNzYzNSwianRpIjoiYTU3YTU5MWYtNGZiOC00N2E2LWFhMmEtZWVlYjJlOTg1ODgzIn0.4nI9R4VZ-Bt7AgZMGj6eihMBVp4ipHa22dWIF1DUDdGEimlneCy1CMqKrNaxrasAd1fOyMWb1D1flnMcS1Q3bA","refreshToken":"eyJ0eXAiOiJKV1QiLCJhbGciOiJIUzUxMiJ9.eyJzdWIiOiIxOSIsImF1ZCI6InJlZnJlc2giLCJpc3MiOiJhc2Vsc2FuLmthcmRlbGVuIiwiZXhwIjoxNzMzNDQzNjM1LCJpYXQiOjE3MzM0MDc2MzUsImp0aSI6IjUxN2U1YjlhLWYyMDYtNGM2Zi05Zjk3LTFlYzk0NmFlZjkzNSJ9.HejJm8kTO46hs_zYlxVSxvKTIMUP2_rLhORVMeeMAgJ_8OEzAW8HDMhwBAg-HDx6CPS-3ECJSnUH9QppkyY9aA"},"authorities":["right.detection.createdetection","right.detection.map","right.detection.detail","right.detection.detail.read","right.detection.detail.update","right.detection.filter","right.detection.sort","right.detection.sosmessage","right.task.filter","right.task.sort","right.task.detail","right.task.detail.read","right.task.detail.starttask","right.sensor.list","right.sensor.map","right.sensor.filter","right.sensor.sort","right.profile.read","right.detection","right.task","right.sensor","right.profile","right.detection.incominglist","right.task.outgoinglist","right.detection.outgoinglist","right.task.incominglist","right.task.attachments.list","right.alarm","right.alarm.list","right.alarm.map","right.alarm.filter","right.profile.usermanagement","right.profile.usermanagement.groupauthorization","right.profile.usermanagement.usergroup","right.sensor.detail","right.sensor.detail.read","right.sensor.detail.livestream"]}
2024-12-05 17:07:16.255 [main] INFO  com.apiTests.requests.serviceRequests.user_controller.LoginTests - Status Code: 200
2024-12-05 17:07:16.263 [main] INFO  com.apiTests.serviceSteps.serviceTestSteps.userController.LoginSteps - The system has been logged in with a valid username and password
2024-12-05 17:07:16.264 [main] INFO  com.apiTests.serviceSteps.serviceTestSteps.userController.LoginSteps - The username in the response matches the request
2024-12-05 17:07:16.267 [main] INFO  com.apiTests.requests.HelperMethod - The content was successfully written to the file: src/test/resources/txtFiles/accessToken.txt
2024-12-05 17:07:16.267 [main] INFO  com.apiTests.serviceSteps.serviceTestSteps.userController.LoginSteps - The Access Token has been saved: eyJ0eXAiOiJKV1QiLCJhbGciOiJIUzUxMiJ9.eyJzdWIiOiIxOSIsImF1ZCI6ImFjY2VzcyIsInVzciI6IlNpc3RlbSBZw7ZuZXRpY2lzaSBBU0VMU0FOIiwiaXNzIjoiYXNlbHNhbi5rYXJkZWxlbiIsInJqdGkiOiI1MTdlNWI5YS1mMjA2LTRjNmYtOWY5Ny0xZWM5NDZhZWY5MzUiLCJleHAiOjE3MzM0MDgyMzUsImlhdCI6MTczMzQwNzYzNSwianRpIjoiYTU3YTU5MWYtNGZiOC00N2E2LWFhMmEtZWVlYjJlOTg1ODgzIn0.4nI9R4VZ-Bt7AgZMGj6eihMBVp4ipHa22dWIF1DUDdGEimlneCy1CMqKrNaxrasAd1fOyMWb1D1flnMcS1Q3bA
2024-12-05 17:07:17.013 [main] INFO  com.apiTests.requests.serviceRequests.detection_controller.GetDetectionsTests - Response received: [{"id":"00000000-0000-014e-0000-019329b4357b","hasImage":false,"description":"as1","detectionCreateTime":1731571496315,"detectionUpdateTime":1732512748171,"location":{"lat":35.27656534881209,"lng":33.75090808649716},"zone":{"id":-1,"name":"K11_"},"updated":true,"signature":"112233","taskId":null,"taskStatus":null,"username":"opName opSurname","type":{"id":6,"name":"Malfunction"}},{"id":"00000000-0000-014e-0000-019362c39596","hasImage":true,"description":"test5","detectionCreateTime":1732528805270,"detectionUpdateTime":1732529014381,"location":{"lat":39.9654588,"lng":32.766511},"zone":{"id":-1,"name":"K11_"},"updated":true,"signature":"980","taskId":null,"taskStatus":null,"username":"opName opSurname","type":{"id":6,"name":"Malfunction"}},{"id":"00000000-0000-014e-0000-019362c5044b","hasImage":false,"description":"Acil durum bildirimidir. Lütfen iletişime geçiniz.","detectionCreateTime":1732528899147,"detectionUpdateTime":null,"location":{"lat":39.9654552,"lng":32.7665132},"zone":{"id":-1,"name":"K11_"},"updated":false,"signature":null,"taskId":null,"taskStatus":null,"username":"opName opSurname","type":{"id":255,"name":"Emergency"}},{"id":"00000000-0000-014e-0000-019362e5148a","hasImage":false,"description":"tamamlandi","detectionCreateTime":1732531000458,"detectionUpdateTime":null,"location":{"lat":39.0773395455855,"lng":35.128744189245396},"zone":{"id":-1,"name":"K11_"},"updated":false,"signature":"13","taskId":"e09ff23b-0e30-4a57-bee8-ef8f592cdcd5","taskStatus":5,"username":"opName opSurname","type":{"id":193,"name":"Alarm"}},{"id":"00000000-0000-014e-0000-01936354f10f","hasImage":false,"description":"Acil durum bildirimidir. Lütfen iletişime geçiniz.","detectionCreateTime":1732538331407,"detectionUpdateTime":null,"location":{"lat":39.9654567,"lng":32.7665244},"zone":{"id":-1,"name":"K11_"},"updated":false,"signature":null,"taskId":null,"taskStatus":null,"username":"opName opSurname","type":{"id":255,"name":"Emergency"}},{"id":"00000000-0000-014e-0000-0193630252f5","hasImage":true,"description":"ubub","detectionCreateTime":1732532916981,"detectionUpdateTime":null,"location":{"lat":37.754223,"lng":33.569424},"zone":{"id":-1,"name":"K11_"},"updated":false,"signature":"tvvy","taskId":null,"taskStatus":null,"username":"opName opSurname","type":{"id":6,"name":"Malfunction"}},{"id":"00000000-0000-014e-0000-01936305326f","hasImage":false,"description":"Acil durum bildirimidir. Lütfen iletişime geçiniz.","detectionCreateTime":1732533105263,"detectionUpdateTime":null,"location":{"lat":39.9654501,"lng":32.766522},"zone":{"id":-1,"name":"K11_"},"updated":false,"signature":null,"taskId":null,"taskStatus":null,"username":"opName opSurname","type":{"id":255,"name":"Emergency"}},{"id":"00000000-0000-014e-0000-01936354b503","hasImage":false,"description":"Acil durum bildirimidir. Lütfen iletişime geçiniz.","detectionCreateTime":1732538316035,"detectionUpdateTime":null,"location":{"lat":39.9654559,"lng":32.7665223},"zone":{"id":-1,"name":"K11_"},"updated":false,"signature":null,"taskId":null,"taskStatus":null,"username":"opName opSurname","type":{"id":255,"name":"Emergency"}},{"id":"00000000-0000-014e-0000-0193635441a8","hasImage":false,"description":"Acil durum bildirimidir. Lütfen iletişime geçiniz.","detectionCreateTime":1732538286504,"detectionUpdateTime":null,"location":{"lat":39.9654572,"lng":32.7665111},"zone":{"id":-1,"name":"K11_"},"updated":false,"signature":null,"taskId":null,"taskStatus":null,"username":"opName opSurname","type":{"id":255,"name":"Emergency"}},{"id":"00000000-0000-014e-0000-01936355a40d","hasImage":false,"description":"Acil durum bildirimidir. Lütfen iletişime geçiniz.","detectionCreateTime":1732538377229,"detectionUpdateTime":null,"location":{"lat":39.96546,"lng":32.7665173},"zone":{"id":-1,"name":"K11_"},"updated":false,"signature":null,"taskId":null,"taskStatus":null,"username":"opName opSurname","type":{"id":255,"name":"Emergency"}}]
2024-12-05 17:07:17.013 [main] INFO  com.apiTests.requests.serviceRequests.detection_controller.GetDetectionsTests - Status Code: 200
2024-12-05 17:07:17.029 [main] ERROR com.apiTests.requests.serviceRequests.detection_controller.GetDetectionsTests - The classification type filter does not used!
2024-12-05 17:07:17.029 [main] ERROR com.apiTests.requests.serviceRequests.detection_controller.GetDetectionsTests - The zone filter does not used!
2024-12-05 17:07:17.029 [main] INFO  com.apiTests.requests.serviceRequests.detection_controller.GetDetectionsTests - The start time and the finish time filter do not used!
2024-12-05 17:07:17.029 [main] INFO  com.apiTests.requests.serviceRequests.detection_controller.GetDetectionsTests -  createdByMe = false and username is not null and detections created by another user
2024-12-05 17:07:17.029 [main] INFO  com.apiTests.requests.serviceRequests.detection_controller.GetDetectionsTests -  createdByMe = false and username is not null and detections created by another user
2024-12-05 17:07:17.029 [main] INFO  com.apiTests.requests.serviceRequests.detection_controller.GetDetectionsTests -  createdByMe = false and username is not null and detections created by another user
2024-12-05 17:07:17.029 [main] INFO  com.apiTests.requests.serviceRequests.detection_controller.GetDetectionsTests -  createdByMe = false and username is not null and detections created by another user
2024-12-05 17:07:17.029 [main] INFO  com.apiTests.requests.serviceRequests.detection_controller.GetDetectionsTests -  createdByMe = false and username is not null and detections created by another user
2024-12-05 17:07:17.029 [main] INFO  com.apiTests.requests.serviceRequests.detection_controller.GetDetectionsTests -  createdByMe = false and username is not null and detections created by another user
2024-12-05 17:07:17.029 [main] INFO  com.apiTests.requests.serviceRequests.detection_controller.GetDetectionsTests -  createdByMe = false and username is not null and detections created by another user
2024-12-05 17:07:17.029 [main] INFO  com.apiTests.requests.serviceRequests.detection_controller.GetDetectionsTests -  createdByMe = false and username is not null and detections created by another user
2024-12-05 17:07:17.029 [main] INFO  com.apiTests.requests.serviceRequests.detection_controller.GetDetectionsTests -  createdByMe = false and username is not null and detections created by another user
2024-12-05 17:07:17.029 [main] INFO  com.apiTests.requests.serviceRequests.detection_controller.GetDetectionsTests -  createdByMe = false and username is not null and detections created by another user
]]></system-out>
  </testcase>
</testsuite>