<?xml version="1.0" encoding="UTF-8"?>
<testsuite xmlns:xsi="http://www.w3.org/2001/XMLSchema-instance" xsi:noNamespaceSchemaLocation="https://maven.apache.org/surefire/maven-surefire-plugin/xsd/surefire-test-report-3.0.xsd" version="3.0" name="com.apiTests.runner.RunCucumberTest" time="40.474" tests="39" errors="0" skipped="0" failures="2">
  <properties>
[...]
</properties>
  <testcase name="User tries to log in with a valid username and an invalid password #1" classname="User Login" time="2.499">
    <system-out><![CDATA[2024-12-05T10:20:20.713108400Z main ERROR Policies has no parameter that matches element Delete
2024-12-05 13:20:24.256 [main] INFO  com.apiTests.requests.serviceRequests.user_controller.LoginTests - Response received: User is unauthorized
2024-12-05 13:20:24.272 [main] INFO  com.apiTests.requests.serviceRequests.user_controller.LoginTests - Status Code: 401
2024-12-05 13:20:24.272 [main] ERROR com.apiTests.requests.serviceRequests.user_controller.LoginTests - Unexpected content type: text/plain;charset=UTF-8
2024-12-05 13:20:24.272 [main] INFO  com.apiTests.serviceSteps.serviceTestSteps.userController.LoginSteps - The system has not logged in with a valid username and invalid password
]]></system-out>
  </testcase>
  <testcase name="User tries to log in with a valid username and an invalid password #2" classname="User Login" time="0.392">
    <system-out><![CDATA[2024-12-05 13:20:24.758 [main] INFO  com.apiTests.requests.serviceRequests.user_controller.LoginTests - Response received: User is unauthorized
2024-12-05 13:20:24.758 [main] INFO  com.apiTests.requests.serviceRequests.user_controller.LoginTests - Status Code: 401
2024-12-05 13:20:24.758 [main] ERROR com.apiTests.requests.serviceRequests.user_controller.LoginTests - Unexpected content type: text/plain;charset=UTF-8
2024-12-05 13:20:24.758 [main] INFO  com.apiTests.serviceSteps.serviceTestSteps.userController.LoginSteps - The system has not logged in with a valid username and invalid password
]]></system-out>
  </testcase>
  <testcase name="User tries to log in with a valid username and an invalid password #3" classname="User Login" time="0.942">
    <system-out><![CDATA[2024-12-05 13:20:25.716 [main] INFO  com.apiTests.requests.serviceRequests.user_controller.LoginTests - Response received: User is unauthorized
2024-12-05 13:20:25.716 [main] INFO  com.apiTests.requests.serviceRequests.user_controller.LoginTests - Status Code: 401
2024-12-05 13:20:25.716 [main] ERROR com.apiTests.requests.serviceRequests.user_controller.LoginTests - Unexpected content type: text/plain;charset=UTF-8
2024-12-05 13:20:25.716 [main] INFO  com.apiTests.serviceSteps.serviceTestSteps.userController.LoginSteps - The system has not logged in with a valid username and invalid password
]]></system-out>
  </testcase>
  <testcase name="User tries to log in with a valid username and an invalid password #4" classname="User Login" time="0.283">
    <system-out><![CDATA[2024-12-05 13:20:26.016 [main] INFO  com.apiTests.requests.serviceRequests.user_controller.LoginTests - Response received: User is unauthorized
2024-12-05 13:20:26.016 [main] INFO  com.apiTests.requests.serviceRequests.user_controller.LoginTests - Status Code: 401
2024-12-05 13:20:26.016 [main] ERROR com.apiTests.requests.serviceRequests.user_controller.LoginTests - Unexpected content type: text/plain;charset=UTF-8
2024-12-05 13:20:26.016 [main] INFO  com.apiTests.serviceSteps.serviceTestSteps.userController.LoginSteps - The system has not logged in with a valid username and invalid password
]]></system-out>
  </testcase>
  <testcase name="User tries to log in with a valid username and an invalid password #5" classname="User Login" time="0.251">
    <system-out><![CDATA[2024-12-05 13:20:26.267 [main] INFO  com.apiTests.requests.serviceRequests.user_controller.LoginTests - Response received: User is unauthorized
2024-12-05 13:20:26.267 [main] INFO  com.apiTests.requests.serviceRequests.user_controller.LoginTests - Status Code: 401
2024-12-05 13:20:26.267 [main] ERROR com.apiTests.requests.serviceRequests.user_controller.LoginTests - Unexpected content type: text/plain;charset=UTF-8
2024-12-05 13:20:26.267 [main] INFO  com.apiTests.serviceSteps.serviceTestSteps.userController.LoginSteps - The system has not logged in with a valid username and invalid password
]]></system-out>
  </testcase>
  <testcase name="User tries to log in with a valid username and an empty password" classname="User Login" time="0.345">
    <system-out><![CDATA[2024-12-05 13:20:26.596 [main] INFO  com.apiTests.requests.serviceRequests.user_controller.LoginTests - Response received: User is unauthorized
2024-12-05 13:20:26.596 [main] INFO  com.apiTests.requests.serviceRequests.user_controller.LoginTests - Status Code: 401
2024-12-05 13:20:26.596 [main] ERROR com.apiTests.requests.serviceRequests.user_controller.LoginTests - Unexpected content type: text/plain;charset=UTF-8
2024-12-05 13:20:26.596 [main] INFO  com.apiTests.serviceSteps.serviceTestSteps.userController.LoginSteps - The system has not logged in with a valid username and empty password
]]></system-out>
  </testcase>
  <testcase name="User tries to log in with a valid username and password" classname="User Login" time="1.394">
    <system-out><![CDATA[2024-12-05 13:20:27.415 [main] INFO  com.apiTests.requests.serviceRequests.user_controller.LoginTests - Response received: {"user":{"name":"Sistem Yöneticisi","surname":"ASELSAN","username":"aselsan","detail":{"identityNumber":null,"email":null,"phoneNumber":null,"rank":null,"profilePicture":null,"supervisor":{"name":null,"surname":null}},"pushToken":null,"userLevelId":5,"userLevelName":"Aselsan","id":10},"tokenDetails":{"accessToken":"eyJ0eXAiOiJKV1QiLCJhbGciOiJIUzUxMiJ9.eyJzdWIiOiIxOSIsImF1ZCI6ImFjY2VzcyIsInVzciI6IlNpc3RlbSBZw7ZuZXRpY2lzaSBBU0VMU0FOIiwiaXNzIjoiYXNlbHNhbi5rYXJkZWxlbiIsInJqdGkiOiJkNTBkNDRkMC01NzZiLTRhOWItODJjZS03M2IyNTM5NzdmM2QiLCJleHAiOjE3MzMzOTQ2MjUsImlhdCI6MTczMzM5NDAyNSwianRpIjoiYTVhMjY2YjEtMDMzYy00ODlkLTkyNDQtYTk1MTc1NTc3ZDI5In0.GunmyGOFXXA6Yj2BGj0yXqf8xleaeS_YclvhWLi2tIk8e1KAaM-hBJ5lg1C89EpZVJcouZmzG5qUNxBixky9mQ","refreshToken":"eyJ0eXAiOiJKV1QiLCJhbGciOiJIUzUxMiJ9.eyJzdWIiOiIxOSIsImF1ZCI6InJlZnJlc2giLCJpc3MiOiJhc2Vsc2FuLmthcmRlbGVuIiwiZXhwIjoxNzMzNDMwMDI1LCJpYXQiOjE3MzMzOTQwMjUsImp0aSI6ImQ1MGQ0NGQwLTU3NmItNGE5Yi04MmNlLTczYjI1Mzk3N2YzZCJ9.jgh6oGqSgrdgOUXZLjBt4RLid06R2g2Gs6flR_JJKGiImGwVhouL6Cq8MhTREC1t-1HBdqnwiK55GOc2Wzz4tA"},"authorities":["right.detection.createdetection","right.detection.map","right.detection.detail","right.detection.detail.read","right.detection.detail.update","right.detection.filter","right.detection.sort","right.detection.sosmessage","right.task.filter","right.task.sort","right.task.detail","right.task.detail.read","right.task.detail.starttask","right.sensor.list","right.sensor.map","right.sensor.filter","right.sensor.sort","right.profile.read","right.detection","right.task","right.sensor","right.profile","right.detection.incominglist","right.task.outgoinglist","right.detection.outgoinglist","right.task.incominglist","right.task.attachments.list","right.alarm","right.alarm.list","right.alarm.map","right.alarm.filter","right.profile.usermanagement","right.profile.usermanagement.groupauthorization","right.profile.usermanagement.usergroup","right.sensor.detail","right.sensor.detail.read","right.sensor.detail.livestream"]}
2024-12-05 13:20:27.415 [main] INFO  com.apiTests.requests.serviceRequests.user_controller.LoginTests - Status Code: 200
2024-12-05 13:20:27.989 [main] INFO  com.apiTests.serviceSteps.serviceTestSteps.userController.LoginSteps - The system has been logged in with a valid username and password
2024-12-05 13:20:27.989 [main] INFO  com.apiTests.serviceSteps.serviceTestSteps.userController.LoginSteps - The username in the response matches the request
2024-12-05 13:20:28.006 [main] INFO  com.apiTests.requests.HelperMethod - The content was successfully written to the file: src/test/resources/txtFiles/accessToken.txt
2024-12-05 13:20:28.006 [main] INFO  com.apiTests.serviceSteps.serviceTestSteps.userController.LoginSteps - The Access Token has been saved: eyJ0eXAiOiJKV1QiLCJhbGciOiJIUzUxMiJ9.eyJzdWIiOiIxOSIsImF1ZCI6ImFjY2VzcyIsInVzciI6IlNpc3RlbSBZw7ZuZXRpY2lzaSBBU0VMU0FOIiwiaXNzIjoiYXNlbHNhbi5rYXJkZWxlbiIsInJqdGkiOiJkNTBkNDRkMC01NzZiLTRhOWItODJjZS03M2IyNTM5NzdmM2QiLCJleHAiOjE3MzMzOTQ2MjUsImlhdCI6MTczMzM5NDAyNSwianRpIjoiYTVhMjY2YjEtMDMzYy00ODlkLTkyNDQtYTk1MTc1NTc3ZDI5In0.GunmyGOFXXA6Yj2BGj0yXqf8xleaeS_YclvhWLi2tIk8e1KAaM-hBJ5lg1C89EpZVJcouZmzG5qUNxBixky9mQ
]]></system-out>
  </testcase>
  <testcase name="User tries to log in with a valid username and an hashed password, and a false query" classname="User Login" time="0.401">
    <system-out><![CDATA[2024-12-05 13:20:28.360 [main] INFO  com.apiTests.requests.serviceRequests.user_controller.LoginTests - Response received: {"user":{"name":"Sistem Yöneticisi","surname":"ASELSAN","username":"aselsan","detail":{"identityNumber":null,"email":null,"phoneNumber":null,"rank":null,"profilePicture":null,"supervisor":{"name":null,"surname":null}},"pushToken":null,"userLevelId":5,"userLevelName":"Aselsan","id":10},"tokenDetails":{"accessToken":"eyJ0eXAiOiJKV1QiLCJhbGciOiJIUzUxMiJ9.eyJzdWIiOiIxOSIsImF1ZCI6ImFjY2VzcyIsInVzciI6IlNpc3RlbSBZw7ZuZXRpY2lzaSBBU0VMU0FOIiwiaXNzIjoiYXNlbHNhbi5rYXJkZWxlbiIsInJqdGkiOiI5MjkzOGE3ZC00MGIxLTQ3ZjAtOGM1Yi1lYWE0YmI1YzJlMWUiLCJleHAiOjE3MzMzOTQ2MjcsImlhdCI6MTczMzM5NDAyNywianRpIjoiMzVmY2ZiMTgtNGJhOC00ZTg1LTg0ODctYTM1NDFlNjZkZTA1In0.1vRQXvW_cnRRvdfruemwWRFGG3N9iBJ6o7GnmGDpjlSPfD3ws3_186IIW6DuKMEiPggK-jXtN_sBpF4K1tftfw","refreshToken":"eyJ0eXAiOiJKV1QiLCJhbGciOiJIUzUxMiJ9.eyJzdWIiOiIxOSIsImF1ZCI6InJlZnJlc2giLCJpc3MiOiJhc2Vsc2FuLmthcmRlbGVuIiwiZXhwIjoxNzMzNDMwMDI3LCJpYXQiOjE3MzMzOTQwMjcsImp0aSI6IjkyOTM4YTdkLTQwYjEtNDdmMC04YzViLWVhYTRiYjVjMmUxZSJ9._7d_fKrwWW2l_yKTdev2gvCkM_GGi7MyHZNE127IL0ubHVSQ4bdEyjdCprFfvZ2Rvmh5Z33MP9BEIIkDUfdLWA"},"authorities":["right.detection.createdetection","right.detection.map","right.detection.detail","right.detection.detail.read","right.detection.detail.update","right.detection.filter","right.detection.sort","right.detection.sosmessage","right.task.filter","right.task.sort","right.task.detail","right.task.detail.read","right.task.detail.starttask","right.sensor.list","right.sensor.map","right.sensor.filter","right.sensor.sort","right.profile.read","right.detection","right.task","right.sensor","right.profile","right.detection.incominglist","right.task.outgoinglist","right.detection.outgoinglist","right.task.incominglist","right.task.attachments.list","right.alarm","right.alarm.list","right.alarm.map","right.alarm.filter","right.profile.usermanagement","right.profile.usermanagement.groupauthorization","right.profile.usermanagement.usergroup","right.sensor.detail","right.sensor.detail.read","right.sensor.detail.livestream"]}
2024-12-05 13:20:28.360 [main] INFO  com.apiTests.requests.serviceRequests.user_controller.LoginTests - Status Code: 200
2024-12-05 13:20:28.391 [main] INFO  com.apiTests.serviceSteps.serviceTestSteps.userController.LoginSteps - The system has been logged in with a valid username and hashed password when query parameter is false
2024-12-05 13:20:28.391 [main] INFO  com.apiTests.serviceSteps.serviceTestSteps.userController.LoginSteps - The username in the response matches the request
2024-12-05 13:20:28.391 [main] INFO  com.apiTests.serviceSteps.serviceTestSteps.userController.LoginSteps - The Access Token has been saved: eyJ0eXAiOiJKV1QiLCJhbGciOiJIUzUxMiJ9.eyJzdWIiOiIxOSIsImF1ZCI6ImFjY2VzcyIsInVzciI6IlNpc3RlbSBZw7ZuZXRpY2lzaSBBU0VMU0FOIiwiaXNzIjoiYXNlbHNhbi5rYXJkZWxlbiIsInJqdGkiOiI5MjkzOGE3ZC00MGIxLTQ3ZjAtOGM1Yi1lYWE0YmI1YzJlMWUiLCJleHAiOjE3MzMzOTQ2MjcsImlhdCI6MTczMzM5NDAyNywianRpIjoiMzVmY2ZiMTgtNGJhOC00ZTg1LTg0ODctYTM1NDFlNjZkZTA1In0.1vRQXvW_cnRRvdfruemwWRFGG3N9iBJ6o7GnmGDpjlSPfD3ws3_186IIW6DuKMEiPggK-jXtN_sBpF4K1tftfw
]]></system-out>
  </testcase>
  <testcase name="User tries to log in with a valid username and an hashed password, and a true query" classname="User Login" time="0.281">
    <system-out><![CDATA[2024-12-05 13:20:28.688 [main] INFO  com.apiTests.requests.serviceRequests.user_controller.LoginTests - Response received: User is unauthorized
2024-12-05 13:20:28.688 [main] INFO  com.apiTests.requests.serviceRequests.user_controller.LoginTests - Status Code: 401
2024-12-05 13:20:28.688 [main] ERROR com.apiTests.requests.serviceRequests.user_controller.LoginTests - Unexpected content type: text/plain;charset=UTF-8
2024-12-05 13:20:28.688 [main] INFO  com.apiTests.serviceSteps.serviceTestSteps.userController.LoginSteps - The system has not logged in with a valid username, hashed password, and a true query
]]></system-out>
  </testcase>
  <testcase name="User logs into the system, then refresh the access token" classname="User Renew Access Token" time="0.706">
    <system-out><![CDATA[2024-12-05 13:20:29.032 [main] INFO  com.apiTests.requests.serviceRequests.user_controller.LoginTests - Response received: {"user":{"name":"Sistem Yöneticisi","surname":"ASELSAN","username":"aselsan","detail":{"identityNumber":null,"email":null,"phoneNumber":null,"rank":null,"profilePicture":null,"supervisor":{"name":null,"surname":null}},"pushToken":null,"userLevelId":5,"userLevelName":"Aselsan","id":10},"tokenDetails":{"accessToken":"eyJ0eXAiOiJKV1QiLCJhbGciOiJIUzUxMiJ9.eyJzdWIiOiIxOSIsImF1ZCI6ImFjY2VzcyIsInVzciI6IlNpc3RlbSBZw7ZuZXRpY2lzaSBBU0VMU0FOIiwiaXNzIjoiYXNlbHNhbi5rYXJkZWxlbiIsInJqdGkiOiI1NGU2NDA5Ny1mMjlmLTQyZTItOTA3NC02Y2NiOTFkMzFlNGMiLCJleHAiOjE3MzMzOTQ2MjgsImlhdCI6MTczMzM5NDAyOCwianRpIjoiOGE4YTgxNzYtNTgwNC00ZTU1LThlOWYtMDE1MmE0YjJkOWMxIn0.gcfdRY42gSScSYkLpOaghY-n2sRbRoeg4Wfp0s08Y7P0--DS2VsZxAIMRTwzEmwyvZz6fn3ElPRQsTiOJa1sTA","refreshToken":"eyJ0eXAiOiJKV1QiLCJhbGciOiJIUzUxMiJ9.eyJzdWIiOiIxOSIsImF1ZCI6InJlZnJlc2giLCJpc3MiOiJhc2Vsc2FuLmthcmRlbGVuIiwiZXhwIjoxNzMzNDMwMDI4LCJpYXQiOjE3MzMzOTQwMjgsImp0aSI6IjU0ZTY0MDk3LWYyOWYtNDJlMi05MDc0LTZjY2I5MWQzMWU0YyJ9.7QMkDq3SO9GMVpcOKiciVvLleUNqGwaKGA0gXZ1usRzrltBbUQeUcPA5CY0SDkCMfViuhPvFjDdaSKzY2tTzvQ"},"authorities":["right.detection.createdetection","right.detection.map","right.detection.detail","right.detection.detail.read","right.detection.detail.update","right.detection.filter","right.detection.sort","right.detection.sosmessage","right.task.filter","right.task.sort","right.task.detail","right.task.detail.read","right.task.detail.starttask","right.sensor.list","right.sensor.map","right.sensor.filter","right.sensor.sort","right.profile.read","right.detection","right.task","right.sensor","right.profile","right.detection.incominglist","right.task.outgoinglist","right.detection.outgoinglist","right.task.incominglist","right.task.attachments.list","right.alarm","right.alarm.list","right.alarm.map","right.alarm.filter","right.profile.usermanagement","right.profile.usermanagement.groupauthorization","right.profile.usermanagement.usergroup","right.sensor.detail","right.sensor.detail.read","right.sensor.detail.livestream"]}
2024-12-05 13:20:29.032 [main] INFO  com.apiTests.requests.serviceRequests.user_controller.LoginTests - Status Code: 200
2024-12-05 13:20:29.065 [main] INFO  com.apiTests.serviceSteps.serviceTestSteps.userController.LoginSteps - The system has been logged in with a valid username and password
2024-12-05 13:20:29.065 [main] INFO  com.apiTests.serviceSteps.serviceTestSteps.userController.LoginSteps - The username in the response matches the request
2024-12-05 13:20:29.065 [main] INFO  com.apiTests.requests.HelperMethod - The content was successfully written to the file: src/test/resources/txtFiles/accessToken.txt
2024-12-05 13:20:29.065 [main] INFO  com.apiTests.serviceSteps.serviceTestSteps.userController.LoginSteps - The Access Token has been saved: eyJ0eXAiOiJKV1QiLCJhbGciOiJIUzUxMiJ9.eyJzdWIiOiIxOSIsImF1ZCI6ImFjY2VzcyIsInVzciI6IlNpc3RlbSBZw7ZuZXRpY2lzaSBBU0VMU0FOIiwiaXNzIjoiYXNlbHNhbi5rYXJkZWxlbiIsInJqdGkiOiI1NGU2NDA5Ny1mMjlmLTQyZTItOTA3NC02Y2NiOTFkMzFlNGMiLCJleHAiOjE3MzMzOTQ2MjgsImlhdCI6MTczMzM5NDAyOCwianRpIjoiOGE4YTgxNzYtNTgwNC00ZTU1LThlOWYtMDE1MmE0YjJkOWMxIn0.gcfdRY42gSScSYkLpOaghY-n2sRbRoeg4Wfp0s08Y7P0--DS2VsZxAIMRTwzEmwyvZz6fn3ElPRQsTiOJa1sTA
2024-12-05 13:20:29.393 [main] INFO  com.apiTests.requests.serviceRequests.user_controller.RenewAccessTokenTests - Response received: {"accessToken":"eyJ0eXAiOiJKV1QiLCJhbGciOiJIUzUxMiJ9.eyJzdWIiOiIxOSIsImF1ZCI6ImFjY2VzcyIsInVzciI6IlNpc3RlbSBZw7ZuZXRpY2lzaSBBU0VMU0FOIiwiaXNzIjoiYXNlbHNhbi5rYXJkZWxlbiIsInJqdGkiOiI1NGU2NDA5Ny1mMjlmLTQyZTItOTA3NC02Y2NiOTFkMzFlNGMiLCJleHAiOjE3MzMzOTQ2MjgsImlhdCI6MTczMzM5NDAyOCwianRpIjoiMzI2NjlmNzUtMGE4Yy00OTNkLTg1ODgtMWU3YzUxZGI4MzgxIn0.UEVQ5OPVEw2G81GXsk5Qe7zFPZsfC_L8GmPY7u9HudzYORowjyg9CQF7mmBmIHiHyRBNuUkTFhATbm-5wimQOA","refreshToken":null}
2024-12-05 13:20:29.393 [main] INFO  com.apiTests.requests.serviceRequests.user_controller.RenewAccessTokenTests - Status Code: 200
2024-12-05 13:20:29.409 [main] INFO  com.apiTests.requests.HelperMethod - The content was successfully written to the file: src/test/resources/txtFiles/accessToken.txt
2024-12-05 13:20:29.409 [main] INFO  com.apiTests.serviceSteps.serviceTestSteps.userController.RenewAccessTokenSteps - The access token is refreshed and saved: eyJ0eXAiOiJKV1QiLCJhbGciOiJIUzUxMiJ9.eyJzdWIiOiIxOSIsImF1ZCI6ImFjY2VzcyIsInVzciI6IlNpc3RlbSBZw7ZuZXRpY2lzaSBBU0VMU0FOIiwiaXNzIjoiYXNlbHNhbi5rYXJkZWxlbiIsInJqdGkiOiI1NGU2NDA5Ny1mMjlmLTQyZTItOTA3NC02Y2NiOTFkMzFlNGMiLCJleHAiOjE3MzMzOTQ2MjgsImlhdCI6MTczMzM5NDAyOCwianRpIjoiMzI2NjlmNzUtMGE4Yy00OTNkLTg1ODgtMWU3YzUxZGI4MzgxIn0.UEVQ5OPVEw2G81GXsk5Qe7zFPZsfC_L8GmPY7u9HudzYORowjyg9CQF7mmBmIHiHyRBNuUkTFhATbm-5wimQOA
]]></system-out>
  </testcase>
  <testcase name="User logs into the system, then tries to refresh the access token, verifies error response #1" classname="User Renew Access Token" time="0.612">
    <system-out><![CDATA[2024-12-05 13:20:29.739 [main] INFO  com.apiTests.requests.serviceRequests.user_controller.LoginTests - Response received: {"user":{"name":"Sistem Yöneticisi","surname":"ASELSAN","username":"aselsan","detail":{"identityNumber":null,"email":null,"phoneNumber":null,"rank":null,"profilePicture":null,"supervisor":{"name":null,"surname":null}},"pushToken":null,"userLevelId":5,"userLevelName":"Aselsan","id":10},"tokenDetails":{"accessToken":"eyJ0eXAiOiJKV1QiLCJhbGciOiJIUzUxMiJ9.eyJzdWIiOiIxOSIsImF1ZCI6ImFjY2VzcyIsInVzciI6IlNpc3RlbSBZw7ZuZXRpY2lzaSBBU0VMU0FOIiwiaXNzIjoiYXNlbHNhbi5rYXJkZWxlbiIsInJqdGkiOiI5MzNhZDQwMC02ZTkxLTRmM2UtYWI5Ni1iZGMxOWY3MjgwOGMiLCJleHAiOjE3MzMzOTQ2MjgsImlhdCI6MTczMzM5NDAyOCwianRpIjoiY2E3M2IwYjItZGRhMC00NjZmLTg2OTgtNTFkNTEzNzc3ZDNhIn0.N0WEO7WIwdcG202De3w62ibzmcTvSwcsKE24y9WcbkaP3cD_Civ11GF8JkaBY4qz3Y3vbbEk4hWxHahdqQrcOA","refreshToken":"eyJ0eXAiOiJKV1QiLCJhbGciOiJIUzUxMiJ9.eyJzdWIiOiIxOSIsImF1ZCI6InJlZnJlc2giLCJpc3MiOiJhc2Vsc2FuLmthcmRlbGVuIiwiZXhwIjoxNzMzNDMwMDI4LCJpYXQiOjE3MzMzOTQwMjgsImp0aSI6IjkzM2FkNDAwLTZlOTEtNGYzZS1hYjk2LWJkYzE5ZjcyODA4YyJ9.RSZ1egdKo58FxwatRf8nu494m3DeU1go2FCjGKpE51Bkjs-lyZHu7isojJ05aqewO0RK1BepBsUd9XcjN1AdRA"},"authorities":["right.detection.createdetection","right.detection.map","right.detection.detail","right.detection.detail.read","right.detection.detail.update","right.detection.filter","right.detection.sort","right.detection.sosmessage","right.task.filter","right.task.sort","right.task.detail","right.task.detail.read","right.task.detail.starttask","right.sensor.list","right.sensor.map","right.sensor.filter","right.sensor.sort","right.profile.read","right.detection","right.task","right.sensor","right.profile","right.detection.incominglist","right.task.outgoinglist","right.detection.outgoinglist","right.task.incominglist","right.task.attachments.list","right.alarm","right.alarm.list","right.alarm.map","right.alarm.filter","right.profile.usermanagement","right.profile.usermanagement.groupauthorization","right.profile.usermanagement.usergroup","right.sensor.detail","right.sensor.detail.read","right.sensor.detail.livestream"]}
2024-12-05 13:20:29.739 [main] INFO  com.apiTests.requests.serviceRequests.user_controller.LoginTests - Status Code: 200
2024-12-05 13:20:29.754 [main] INFO  com.apiTests.serviceSteps.serviceTestSteps.userController.LoginSteps - The system has been logged in with a valid username and password
2024-12-05 13:20:29.754 [main] INFO  com.apiTests.serviceSteps.serviceTestSteps.userController.LoginSteps - The username in the response matches the request
2024-12-05 13:20:29.770 [main] INFO  com.apiTests.requests.HelperMethod - The content was successfully written to the file: src/test/resources/txtFiles/accessToken.txt
2024-12-05 13:20:29.770 [main] INFO  com.apiTests.serviceSteps.serviceTestSteps.userController.LoginSteps - The Access Token has been saved: eyJ0eXAiOiJKV1QiLCJhbGciOiJIUzUxMiJ9.eyJzdWIiOiIxOSIsImF1ZCI6ImFjY2VzcyIsInVzciI6IlNpc3RlbSBZw7ZuZXRpY2lzaSBBU0VMU0FOIiwiaXNzIjoiYXNlbHNhbi5rYXJkZWxlbiIsInJqdGkiOiI5MzNhZDQwMC02ZTkxLTRmM2UtYWI5Ni1iZGMxOWY3MjgwOGMiLCJleHAiOjE3MzMzOTQ2MjgsImlhdCI6MTczMzM5NDAyOCwianRpIjoiY2E3M2IwYjItZGRhMC00NjZmLTg2OTgtNTFkNTEzNzc3ZDNhIn0.N0WEO7WIwdcG202De3w62ibzmcTvSwcsKE24y9WcbkaP3cD_Civ11GF8JkaBY4qz3Y3vbbEk4hWxHahdqQrcOA
2024-12-05 13:20:30.005 [main] INFO  com.apiTests.requests.serviceRequests.user_controller.RenewAccessTokenTests - Response received: 
2024-12-05 13:20:30.005 [main] INFO  com.apiTests.requests.serviceRequests.user_controller.RenewAccessTokenTests - Status Code: 401
2024-12-05 13:20:30.005 [main] INFO  com.apiTests.requests.serviceRequests.user_controller.RenewAccessTokenTests - Unexpected content type: 
2024-12-05 13:20:30.005 [main] INFO  com.apiTests.serviceSteps.serviceTestSteps.userController.RenewAccessTokenSteps - The access token is not refreshed and an error message is displayed
]]></system-out>
  </testcase>
  <testcase name="User logs into the system, then tries to refresh the access token, verifies error response #2" classname="User Renew Access Token" time="0.849">
    <system-out><![CDATA[2024-12-05 13:20:30.383 [main] INFO  com.apiTests.requests.serviceRequests.user_controller.LoginTests - Response received: {"user":{"name":"Sistem Yöneticisi","surname":"ASELSAN","username":"aselsan","detail":{"identityNumber":null,"email":null,"phoneNumber":null,"rank":null,"profilePicture":null,"supervisor":{"name":null,"surname":null}},"pushToken":null,"userLevelId":5,"userLevelName":"Aselsan","id":10},"tokenDetails":{"accessToken":"eyJ0eXAiOiJKV1QiLCJhbGciOiJIUzUxMiJ9.eyJzdWIiOiIxOSIsImF1ZCI6ImFjY2VzcyIsInVzciI6IlNpc3RlbSBZw7ZuZXRpY2lzaSBBU0VMU0FOIiwiaXNzIjoiYXNlbHNhbi5rYXJkZWxlbiIsInJqdGkiOiIzZjhlMTIyOC1iZWJiLTQxZjYtODE0Ni0xMjE1MjVkYTJiMTEiLCJleHAiOjE3MzMzOTQ2MjksImlhdCI6MTczMzM5NDAyOSwianRpIjoiYmY2ZGYwYWMtNDhkNC00Mzc3LTg4ZjYtOGI0YTgyZDAxZjcyIn0.9cfmf529M5lssKJfXUOP3PFeq7htqEKDNbYSY8tXJ1jHZvTi2sKwfiaPDgForJ4H2CnO3AM15uuGpUL9X8-_Tw","refreshToken":"eyJ0eXAiOiJKV1QiLCJhbGciOiJIUzUxMiJ9.eyJzdWIiOiIxOSIsImF1ZCI6InJlZnJlc2giLCJpc3MiOiJhc2Vsc2FuLmthcmRlbGVuIiwiZXhwIjoxNzMzNDMwMDI5LCJpYXQiOjE3MzMzOTQwMjksImp0aSI6IjNmOGUxMjI4LWJlYmItNDFmNi04MTQ2LTEyMTUyNWRhMmIxMSJ9.Oswj-5pzdG1jWNBC76m1XlZRlbxMrJnAiUJ9HGtOxUXmQztlmv3rcXbU6lubkNigaLU7Y9Nh2bqQh1SXBdHPUQ"},"authorities":["right.detection.createdetection","right.detection.map","right.detection.detail","right.detection.detail.read","right.detection.detail.update","right.detection.filter","right.detection.sort","right.detection.sosmessage","right.task.filter","right.task.sort","right.task.detail","right.task.detail.read","right.task.detail.starttask","right.sensor.list","right.sensor.map","right.sensor.filter","right.sensor.sort","right.profile.read","right.detection","right.task","right.sensor","right.profile","right.detection.incominglist","right.task.outgoinglist","right.detection.outgoinglist","right.task.incominglist","right.task.attachments.list","right.alarm","right.alarm.list","right.alarm.map","right.alarm.filter","right.profile.usermanagement","right.profile.usermanagement.groupauthorization","right.profile.usermanagement.usergroup","right.sensor.detail","right.sensor.detail.read","right.sensor.detail.livestream"]}
2024-12-05 13:20:30.383 [main] INFO  com.apiTests.requests.serviceRequests.user_controller.LoginTests - Status Code: 200
2024-12-05 13:20:30.415 [main] INFO  com.apiTests.serviceSteps.serviceTestSteps.userController.LoginSteps - The system has been logged in with a valid username and password
2024-12-05 13:20:30.415 [main] INFO  com.apiTests.serviceSteps.serviceTestSteps.userController.LoginSteps - The username in the response matches the request
2024-12-05 13:20:30.415 [main] INFO  com.apiTests.requests.HelperMethod - The content was successfully written to the file: src/test/resources/txtFiles/accessToken.txt
2024-12-05 13:20:30.415 [main] INFO  com.apiTests.serviceSteps.serviceTestSteps.userController.LoginSteps - The Access Token has been saved: eyJ0eXAiOiJKV1QiLCJhbGciOiJIUzUxMiJ9.eyJzdWIiOiIxOSIsImF1ZCI6ImFjY2VzcyIsInVzciI6IlNpc3RlbSBZw7ZuZXRpY2lzaSBBU0VMU0FOIiwiaXNzIjoiYXNlbHNhbi5rYXJkZWxlbiIsInJqdGkiOiIzZjhlMTIyOC1iZWJiLTQxZjYtODE0Ni0xMjE1MjVkYTJiMTEiLCJleHAiOjE3MzMzOTQ2MjksImlhdCI6MTczMzM5NDAyOSwianRpIjoiYmY2ZGYwYWMtNDhkNC00Mzc3LTg4ZjYtOGI0YTgyZDAxZjcyIn0.9cfmf529M5lssKJfXUOP3PFeq7htqEKDNbYSY8tXJ1jHZvTi2sKwfiaPDgForJ4H2CnO3AM15uuGpUL9X8-_Tw
2024-12-05 13:20:30.870 [main] INFO  com.apiTests.requests.serviceRequests.user_controller.RenewAccessTokenTests - Response received: 
2024-12-05 13:20:30.870 [main] INFO  com.apiTests.requests.serviceRequests.user_controller.RenewAccessTokenTests - Status Code: 500
2024-12-05 13:20:30.870 [main] INFO  com.apiTests.requests.serviceRequests.user_controller.RenewAccessTokenTests - Unexpected content type: 
2024-12-05 13:20:30.870 [main] INFO  com.apiTests.serviceSteps.serviceTestSteps.userController.RenewAccessTokenSteps - The access token is not refreshed and an error message is displayed
]]></system-out>
  </testcase>
  <testcase name="User logs into the system and logs out with a valid access token" classname="User Logout" time="0.785">
    <system-out><![CDATA[2024-12-05 13:20:31.202 [main] INFO  com.apiTests.requests.serviceRequests.user_controller.LoginTests - Response received: {"user":{"name":"Sistem Yöneticisi","surname":"ASELSAN","username":"aselsan","detail":{"identityNumber":null,"email":null,"phoneNumber":null,"rank":null,"profilePicture":null,"supervisor":{"name":null,"surname":null}},"pushToken":null,"userLevelId":5,"userLevelName":"Aselsan","id":10},"tokenDetails":{"accessToken":"eyJ0eXAiOiJKV1QiLCJhbGciOiJIUzUxMiJ9.eyJzdWIiOiIxOSIsImF1ZCI6ImFjY2VzcyIsInVzciI6IlNpc3RlbSBZw7ZuZXRpY2lzaSBBU0VMU0FOIiwiaXNzIjoiYXNlbHNhbi5rYXJkZWxlbiIsInJqdGkiOiJhM2E5NWEzNi04NDIxLTQ3ZjMtOWY5YS0yYjY2YmQ2ZDI2NWIiLCJleHAiOjE3MzMzOTQ2MzAsImlhdCI6MTczMzM5NDAzMCwianRpIjoiZTY3Y2NjYjAtNjBmNi00M2Y1LThjYzktZmEyNjllMmEzOGVmIn0.H9EiRnGdCfb4OJAJsrl_i83P1XdyhROEY2NAG_HTahOu0wbmn348l5Mev-nX_WwQSObEuGSh-Srl-EdCoEeCzw","refreshToken":"eyJ0eXAiOiJKV1QiLCJhbGciOiJIUzUxMiJ9.eyJzdWIiOiIxOSIsImF1ZCI6InJlZnJlc2giLCJpc3MiOiJhc2Vsc2FuLmthcmRlbGVuIiwiZXhwIjoxNzMzNDMwMDMwLCJpYXQiOjE3MzMzOTQwMzAsImp0aSI6ImEzYTk1YTM2LTg0MjEtNDdmMy05ZjlhLTJiNjZiZDZkMjY1YiJ9.jevckrjCLErA2OC-NIPD4KVYR4D6J-TGA-Th291_DNOjIKil3ie7FRhlXjnjBpKjmKBp8R8TvfYW7hWq16e_4Q"},"authorities":["right.detection.createdetection","right.detection.map","right.detection.detail","right.detection.detail.read","right.detection.detail.update","right.detection.filter","right.detection.sort","right.detection.sosmessage","right.task.filter","right.task.sort","right.task.detail","right.task.detail.read","right.task.detail.starttask","right.sensor.list","right.sensor.map","right.sensor.filter","right.sensor.sort","right.profile.read","right.detection","right.task","right.sensor","right.profile","right.detection.incominglist","right.task.outgoinglist","right.detection.outgoinglist","right.task.incominglist","right.task.attachments.list","right.alarm","right.alarm.list","right.alarm.map","right.alarm.filter","right.profile.usermanagement","right.profile.usermanagement.groupauthorization","right.profile.usermanagement.usergroup","right.sensor.detail","right.sensor.detail.read","right.sensor.detail.livestream"]}
2024-12-05 13:20:31.202 [main] INFO  com.apiTests.requests.serviceRequests.user_controller.LoginTests - Status Code: 200
2024-12-05 13:20:31.218 [main] INFO  com.apiTests.serviceSteps.serviceTestSteps.userController.LoginSteps - The system has been logged in with a valid username and password
2024-12-05 13:20:31.218 [main] INFO  com.apiTests.serviceSteps.serviceTestSteps.userController.LoginSteps - The username in the response matches the request
2024-12-05 13:20:31.218 [main] INFO  com.apiTests.requests.HelperMethod - The content was successfully written to the file: src/test/resources/txtFiles/accessToken.txt
2024-12-05 13:20:31.233 [main] INFO  com.apiTests.serviceSteps.serviceTestSteps.userController.LoginSteps - The Access Token has been saved: eyJ0eXAiOiJKV1QiLCJhbGciOiJIUzUxMiJ9.eyJzdWIiOiIxOSIsImF1ZCI6ImFjY2VzcyIsInVzciI6IlNpc3RlbSBZw7ZuZXRpY2lzaSBBU0VMU0FOIiwiaXNzIjoiYXNlbHNhbi5rYXJkZWxlbiIsInJqdGkiOiJhM2E5NWEzNi04NDIxLTQ3ZjMtOWY5YS0yYjY2YmQ2ZDI2NWIiLCJleHAiOjE3MzMzOTQ2MzAsImlhdCI6MTczMzM5NDAzMCwianRpIjoiZTY3Y2NjYjAtNjBmNi00M2Y1LThjYzktZmEyNjllMmEzOGVmIn0.H9EiRnGdCfb4OJAJsrl_i83P1XdyhROEY2NAG_HTahOu0wbmn348l5Mev-nX_WwQSObEuGSh-Srl-EdCoEeCzw
2024-12-05 13:20:31.657 [main] INFO  com.apiTests.requests.serviceRequests.user_controller.LogoutTests - Response received: 
2024-12-05 13:20:31.657 [main] INFO  com.apiTests.requests.serviceRequests.user_controller.LogoutTests - Status Code: 200
2024-12-05 13:20:31.657 [main] INFO  com.apiTests.serviceSteps.serviceTestSteps.userController.LogoutSteps - The system has successfully logged the user out.
]]></system-out>
  </testcase>
  <testcase name="User logs into the system and tries to log out with an invalid token" classname="User Logout" time="0.593">
    <system-out><![CDATA[2024-12-05 13:20:32.002 [main] INFO  com.apiTests.requests.serviceRequests.user_controller.LoginTests - Response received: {"user":{"name":"Sistem Yöneticisi","surname":"ASELSAN","username":"aselsan","detail":{"identityNumber":null,"email":null,"phoneNumber":null,"rank":null,"profilePicture":null,"supervisor":{"name":null,"surname":null}},"pushToken":null,"userLevelId":5,"userLevelName":"Aselsan","id":10},"tokenDetails":{"accessToken":"eyJ0eXAiOiJKV1QiLCJhbGciOiJIUzUxMiJ9.eyJzdWIiOiIxOSIsImF1ZCI6ImFjY2VzcyIsInVzciI6IlNpc3RlbSBZw7ZuZXRpY2lzaSBBU0VMU0FOIiwiaXNzIjoiYXNlbHNhbi5rYXJkZWxlbiIsInJqdGkiOiJkYTdkY2VkNS04MjBlLTQyNGYtOGE1Yi1hM2NhZGVlYWMxNzYiLCJleHAiOjE3MzMzOTQ2MzAsImlhdCI6MTczMzM5NDAzMCwianRpIjoiM2YwNDVhMzMtMGY5ZC00YTE2LWJhYzAtOTA3ZmNhOGIxZDAyIn0.4Z3TDjbJSHnTYQfYzYdtrKITmdM44gdQu_aEMEDlfZToQhmigjwrNt1A4EOccXpZ2Sigm-IM72Dvmbvrj8gFKg","refreshToken":"eyJ0eXAiOiJKV1QiLCJhbGciOiJIUzUxMiJ9.eyJzdWIiOiIxOSIsImF1ZCI6InJlZnJlc2giLCJpc3MiOiJhc2Vsc2FuLmthcmRlbGVuIiwiZXhwIjoxNzMzNDMwMDMwLCJpYXQiOjE3MzMzOTQwMzAsImp0aSI6ImRhN2RjZWQ1LTgyMGUtNDI0Zi04YTViLWEzY2FkZWVhYzE3NiJ9.0wcYaXpEDYAgEMcQs5ZAt2TmbRRBMUrXQcCFfvd-OwBa7DxtKjeqm1plQkBA8jkDMMfeR68WPrSno4Vs_A9kfw"},"authorities":["right.detection.createdetection","right.detection.map","right.detection.detail","right.detection.detail.read","right.detection.detail.update","right.detection.filter","right.detection.sort","right.detection.sosmessage","right.task.filter","right.task.sort","right.task.detail","right.task.detail.read","right.task.detail.starttask","right.sensor.list","right.sensor.map","right.sensor.filter","right.sensor.sort","right.profile.read","right.detection","right.task","right.sensor","right.profile","right.detection.incominglist","right.task.outgoinglist","right.detection.outgoinglist","right.task.incominglist","right.task.attachments.list","right.alarm","right.alarm.list","right.alarm.map","right.alarm.filter","right.profile.usermanagement","right.profile.usermanagement.groupauthorization","right.profile.usermanagement.usergroup","right.sensor.detail","right.sensor.detail.read","right.sensor.detail.livestream"]}
2024-12-05 13:20:32.002 [main] INFO  com.apiTests.requests.serviceRequests.user_controller.LoginTests - Status Code: 200
2024-12-05 13:20:32.012 [main] INFO  com.apiTests.serviceSteps.serviceTestSteps.userController.LoginSteps - The system has been logged in with a valid username and password
2024-12-05 13:20:32.012 [main] INFO  com.apiTests.serviceSteps.serviceTestSteps.userController.LoginSteps - The username in the response matches the request
2024-12-05 13:20:32.027 [main] INFO  com.apiTests.requests.HelperMethod - The content was successfully written to the file: src/test/resources/txtFiles/accessToken.txt
2024-12-05 13:20:32.027 [main] INFO  com.apiTests.serviceSteps.serviceTestSteps.userController.LoginSteps - The Access Token has been saved: eyJ0eXAiOiJKV1QiLCJhbGciOiJIUzUxMiJ9.eyJzdWIiOiIxOSIsImF1ZCI6ImFjY2VzcyIsInVzciI6IlNpc3RlbSBZw7ZuZXRpY2lzaSBBU0VMU0FOIiwiaXNzIjoiYXNlbHNhbi5rYXJkZWxlbiIsInJqdGkiOiJkYTdkY2VkNS04MjBlLTQyNGYtOGE1Yi1hM2NhZGVlYWMxNzYiLCJleHAiOjE3MzMzOTQ2MzAsImlhdCI6MTczMzM5NDAzMCwianRpIjoiM2YwNDVhMzMtMGY5ZC00YTE2LWJhYzAtOTA3ZmNhOGIxZDAyIn0.4Z3TDjbJSHnTYQfYzYdtrKITmdM44gdQu_aEMEDlfZToQhmigjwrNt1A4EOccXpZ2Sigm-IM72Dvmbvrj8gFKg
2024-12-05 13:20:32.265 [main] INFO  com.apiTests.requests.serviceRequests.user_controller.LogoutTests - Response received: 
2024-12-05 13:20:32.265 [main] INFO  com.apiTests.requests.serviceRequests.user_controller.LogoutTests - Status Code: 500
2024-12-05 13:20:32.265 [main] INFO  com.apiTests.serviceSteps.serviceTestSteps.userController.LogoutSteps - The system failed to log the user out.
]]></system-out>
  </testcase>
  <testcase name="Detection controller service" classname="Get Detections" time="0.864">
    <system-out><![CDATA[2024-12-05 13:20:32.595 [main] INFO  com.apiTests.requests.serviceRequests.user_controller.LoginTests - Response received: {"user":{"name":"Sistem Yöneticisi","surname":"ASELSAN","username":"aselsan","detail":{"identityNumber":null,"email":null,"phoneNumber":null,"rank":null,"profilePicture":null,"supervisor":{"name":null,"surname":null}},"pushToken":null,"userLevelId":5,"userLevelName":"Aselsan","id":10},"tokenDetails":{"accessToken":"eyJ0eXAiOiJKV1QiLCJhbGciOiJIUzUxMiJ9.eyJzdWIiOiIxOSIsImF1ZCI6ImFjY2VzcyIsInVzciI6IlNpc3RlbSBZw7ZuZXRpY2lzaSBBU0VMU0FOIiwiaXNzIjoiYXNlbHNhbi5rYXJkZWxlbiIsInJqdGkiOiIwYjRhNmM4ZS04OTM4LTQ5ZDYtOGFjOC03ZWRmZjE0OWIxNTkiLCJleHAiOjE3MzMzOTQ2MzEsImlhdCI6MTczMzM5NDAzMSwianRpIjoiYjk0ZjIzMWYtZjQ2My00M2M5LTg3YTktZDQzYjQyNGQ0Y2IwIn0.6ISbsBGixU8Zvrj-onYt-4jtDHTE2K9qMvJPoSRCWAj8uyaifQuLC9jJvpiTi5IkhxU83jKqBSl2acd8eTrMXw","refreshToken":"eyJ0eXAiOiJKV1QiLCJhbGciOiJIUzUxMiJ9.eyJzdWIiOiIxOSIsImF1ZCI6InJlZnJlc2giLCJpc3MiOiJhc2Vsc2FuLmthcmRlbGVuIiwiZXhwIjoxNzMzNDMwMDMxLCJpYXQiOjE3MzMzOTQwMzEsImp0aSI6IjBiNGE2YzhlLTg5MzgtNDlkNi04YWM4LTdlZGZmMTQ5YjE1OSJ9.Jm6iDJlqBZn5kd-r0jcEuLNkEuzczR-OKaoMqo0CUddTbxIULqcJ8Si-q8PYESJyp9S3UhgTrSV21gcnII3ijw"},"authorities":["right.detection.createdetection","right.detection.map","right.detection.detail","right.detection.detail.read","right.detection.detail.update","right.detection.filter","right.detection.sort","right.detection.sosmessage","right.task.filter","right.task.sort","right.task.detail","right.task.detail.read","right.task.detail.starttask","right.sensor.list","right.sensor.map","right.sensor.filter","right.sensor.sort","right.profile.read","right.detection","right.task","right.sensor","right.profile","right.detection.incominglist","right.task.outgoinglist","right.detection.outgoinglist","right.task.incominglist","right.task.attachments.list","right.alarm","right.alarm.list","right.alarm.map","right.alarm.filter","right.profile.usermanagement","right.profile.usermanagement.groupauthorization","right.profile.usermanagement.usergroup","right.sensor.detail","right.sensor.detail.read","right.sensor.detail.livestream"]}
2024-12-05 13:20:32.595 [main] INFO  com.apiTests.requests.serviceRequests.user_controller.LoginTests - Status Code: 200
2024-12-05 13:20:32.610 [main] INFO  com.apiTests.serviceSteps.serviceTestSteps.userController.LoginSteps - The system has been logged in with a valid username and password
2024-12-05 13:20:32.610 [main] INFO  com.apiTests.serviceSteps.serviceTestSteps.userController.LoginSteps - The username in the response matches the request
2024-12-05 13:20:32.610 [main] INFO  com.apiTests.requests.HelperMethod - The content was successfully written to the file: src/test/resources/txtFiles/accessToken.txt
2024-12-05 13:20:32.610 [main] INFO  com.apiTests.serviceSteps.serviceTestSteps.userController.LoginSteps - The Access Token has been saved: eyJ0eXAiOiJKV1QiLCJhbGciOiJIUzUxMiJ9.eyJzdWIiOiIxOSIsImF1ZCI6ImFjY2VzcyIsInVzciI6IlNpc3RlbSBZw7ZuZXRpY2lzaSBBU0VMU0FOIiwiaXNzIjoiYXNlbHNhbi5rYXJkZWxlbiIsInJqdGkiOiIwYjRhNmM4ZS04OTM4LTQ5ZDYtOGFjOC03ZWRmZjE0OWIxNTkiLCJleHAiOjE3MzMzOTQ2MzEsImlhdCI6MTczMzM5NDAzMSwianRpIjoiYjk0ZjIzMWYtZjQ2My00M2M5LTg3YTktZDQzYjQyNGQ0Y2IwIn0.6ISbsBGixU8Zvrj-onYt-4jtDHTE2K9qMvJPoSRCWAj8uyaifQuLC9jJvpiTi5IkhxU83jKqBSl2acd8eTrMXw
2024-12-05 13:20:33.098 [main] INFO  com.apiTests.requests.serviceRequests.detection_controller.GetDetectionsTests - Response received: [{"id":"00000000-0000-000a-0000-01927a9dd092","hasImage":false,"description":"test1110","detectionCreateTime":1728634015890,"detectionUpdateTime":1731060844236,"location":{"lat":39.9647613243818,"lng":32.76964369542562},"zone":{"id":-1,"name":"K11_"},"updated":true,"signature":null,"taskId":null,"taskStatus":null,"type":{"id":2,"name":"Animal"}},{"id":"00000000-0000-000a-0000-019298dfa639","hasImage":false,"description":"GSFB","detectionCreateTime":1729141646905,"detectionUpdateTime":null,"location":{"lat":37.754223,"lng":33.569424},"zone":{"id":-1,"name":"K11_"},"updated":false,"signature":"GSFB","taskId":null,"taskStatus":null,"type":{"id":6,"name":"Malfunction"}},{"id":"00000000-0000-000a-0000-019298c4ab17","hasImage":false,"description":"descccccccc","detectionCreateTime":1729139878679,"detectionUpdateTime":null,"location":{"lat":37.754223,"lng":33.569424},"zone":{"id":-1,"name":"K11_"},"updated":false,"signature":"siggggggggg","taskId":null,"taskStatus":null,"type":{"id":255,"name":"Emergency"}},{"id":"00000000-0000-000a-0000-019298c77934","hasImage":false,"description":"descccccccc","detectionCreateTime":1729140062516,"detectionUpdateTime":null,"location":{"lat":37.754223,"lng":33.569424},"zone":{"id":-1,"name":"K11_"},"updated":false,"signature":"siggggggggg","taskId":null,"taskStatus":null,"type":{"id":6,"name":"Malfunction"}},{"id":"00000000-0000-000a-0000-019299393e29","hasImage":false,"description":"grouppp","detectionCreateTime":1729147518505,"detectionUpdateTime":null,"location":{"lat":37.754223,"lng":33.569424},"zone":{"id":-1,"name":"K11_"},"updated":false,"signature":"grouppp","taskId":null,"taskStatus":null,"type":{"id":255,"name":"Emergency"}},{"id":"00000000-0000-000a-0000-0192998c5639","hasImage":false,"description":"hakanAslan","detectionCreateTime":1729152964153,"detectionUpdateTime":null,"location":{"lat":37.754223,"lng":33.569424},"zone":{"id":-1,"name":"K11_"},"updated":false,"signature":"hakanAslan","taskId":null,"taskStatus":null,"type":{"id":255,"name":"Emergency"}},{"id":"00000000-0000-000a-0000-0192ae673531","hasImage":false,"description":"test55","detectionCreateTime":1729502852401,"detectionUpdateTime":1729502853582,"location":{"lat":39.57335835949759,"lng":32.16403650439132},"zone":{"id":-1,"name":"K11_"},"updated":true,"signature":"55sss321","taskId":null,"taskStatus":null,"type":{"id":3,"name":"Vehicle"}},{"id":"00000000-0000-000a-0000-0192ae67f0ec","hasImage":false,"description":"Acil durum bildirimidir. Lütfen iletişime geçiniz.","detectionCreateTime":1729502900460,"detectionUpdateTime":1729502901617,"location":{"lat":39.9654642,"lng":32.7665383},"zone":{"id":-1,"name":"K11_"},"updated":true,"signature":null,"taskId":null,"taskStatus":null,"type":{"id":255,"name":"Emergency"}},{"id":"00000000-0000-000a-0000-0192ae6e79f8","hasImage":false,"description":"Acil durum bildirimidir. Lütfen iletişime geçiniz.","detectionCreateTime":1729503328760,"detectionUpdateTime":1729503329926,"location":{"lat":39.9654543,"lng":32.7665293},"zone":{"id":-1,"name":"K11_"},"updated":true,"signature":null,"taskId":null,"taskStatus":null,"type":{"id":255,"name":"Emergency"}},{"id":"00000000-0000-000a-0000-0192ae682ecc","hasImage":false,"description":"Acil durum bildirimidir. Lütfen iletişime geçiniz.","detectionCreateTime":1729502916300,"detectionUpdateTime":1729502917461,"location":{"lat":39.9654559,"lng":32.76653},"zone":{"id":-1,"name":"K11_"},"updated":true,"signature":null,"taskId":null,"taskStatus":null,"type":{"id":255,"name":"Emergency"}}]
2024-12-05 13:20:33.098 [main] INFO  com.apiTests.requests.serviceRequests.detection_controller.GetDetectionsTests - Status Code: 200
2024-12-05 13:20:33.129 [main] ERROR com.apiTests.requests.serviceRequests.detection_controller.GetDetectionsTests - The classification type filter does not used!
2024-12-05 13:20:33.129 [main] ERROR com.apiTests.requests.serviceRequests.detection_controller.GetDetectionsTests - The zone filter does not used!
2024-12-05 13:20:33.129 [main] INFO  com.apiTests.requests.serviceRequests.detection_controller.GetDetectionsTests - The start time and the finish time filter do not used!
]]></system-out>
  </testcase>
  <testcase name="Detection controller service, filter classificationTyp #1" classname="Get Detections" time="1.243">
    <system-out><![CDATA[2024-12-05 13:20:33.444 [main] INFO  com.apiTests.requests.serviceRequests.user_controller.LoginTests - Response received: {"user":{"name":"Sistem Yöneticisi","surname":"ASELSAN","username":"aselsan","detail":{"identityNumber":null,"email":null,"phoneNumber":null,"rank":null,"profilePicture":null,"supervisor":{"name":null,"surname":null}},"pushToken":null,"userLevelId":5,"userLevelName":"Aselsan","id":10},"tokenDetails":{"accessToken":"eyJ0eXAiOiJKV1QiLCJhbGciOiJIUzUxMiJ9.eyJzdWIiOiIxOSIsImF1ZCI6ImFjY2VzcyIsInVzciI6IlNpc3RlbSBZw7ZuZXRpY2lzaSBBU0VMU0FOIiwiaXNzIjoiYXNlbHNhbi5rYXJkZWxlbiIsInJqdGkiOiI0NzdjNGE1Ny05YTNlLTRmYTctODhjYS1lMTA1MTdjNzA3NDMiLCJleHAiOjE3MzMzOTQ2MzIsImlhdCI6MTczMzM5NDAzMiwianRpIjoiOTUxYWE3NmEtNDlkOC00YWZjLTljNjgtN2IxNTZmMTQ2OTZlIn0.0KlJMerLAu8akh4203kh3gFybKnGaXviHtdIh3ec77L3bGlBWkcuG8uJhPvxXB7JZRu5CVkTAUwAV_7Ly7tWAg","refreshToken":"eyJ0eXAiOiJKV1QiLCJhbGciOiJIUzUxMiJ9.eyJzdWIiOiIxOSIsImF1ZCI6InJlZnJlc2giLCJpc3MiOiJhc2Vsc2FuLmthcmRlbGVuIiwiZXhwIjoxNzMzNDMwMDMyLCJpYXQiOjE3MzMzOTQwMzIsImp0aSI6IjQ3N2M0YTU3LTlhM2UtNGZhNy04OGNhLWUxMDUxN2M3MDc0MyJ9.RZH3x-e1I05vNcfbbDmSCCLE5FPI93YG58FWF3Cq6oOn8nL-L5baghL6CfY1rRLHRBGf-nUyhmXHwk7N_2QMeA"},"authorities":["right.detection.createdetection","right.detection.map","right.detection.detail","right.detection.detail.read","right.detection.detail.update","right.detection.filter","right.detection.sort","right.detection.sosmessage","right.task.filter","right.task.sort","right.task.detail","right.task.detail.read","right.task.detail.starttask","right.sensor.list","right.sensor.map","right.sensor.filter","right.sensor.sort","right.profile.read","right.detection","right.task","right.sensor","right.profile","right.detection.incominglist","right.task.outgoinglist","right.detection.outgoinglist","right.task.incominglist","right.task.attachments.list","right.alarm","right.alarm.list","right.alarm.map","right.alarm.filter","right.profile.usermanagement","right.profile.usermanagement.groupauthorization","right.profile.usermanagement.usergroup","right.sensor.detail","right.sensor.detail.read","right.sensor.detail.livestream"]}
2024-12-05 13:20:33.444 [main] INFO  com.apiTests.requests.serviceRequests.user_controller.LoginTests - Status Code: 200
2024-12-05 13:20:33.478 [main] INFO  com.apiTests.serviceSteps.serviceTestSteps.userController.LoginSteps - The system has been logged in with a valid username and password
2024-12-05 13:20:33.478 [main] INFO  com.apiTests.serviceSteps.serviceTestSteps.userController.LoginSteps - The username in the response matches the request
2024-12-05 13:20:33.478 [main] INFO  com.apiTests.requests.HelperMethod - The content was successfully written to the file: src/test/resources/txtFiles/accessToken.txt
2024-12-05 13:20:33.478 [main] INFO  com.apiTests.serviceSteps.serviceTestSteps.userController.LoginSteps - The Access Token has been saved: eyJ0eXAiOiJKV1QiLCJhbGciOiJIUzUxMiJ9.eyJzdWIiOiIxOSIsImF1ZCI6ImFjY2VzcyIsInVzciI6IlNpc3RlbSBZw7ZuZXRpY2lzaSBBU0VMU0FOIiwiaXNzIjoiYXNlbHNhbi5rYXJkZWxlbiIsInJqdGkiOiI0NzdjNGE1Ny05YTNlLTRmYTctODhjYS1lMTA1MTdjNzA3NDMiLCJleHAiOjE3MzMzOTQ2MzIsImlhdCI6MTczMzM5NDAzMiwianRpIjoiOTUxYWE3NmEtNDlkOC00YWZjLTljNjgtN2IxNTZmMTQ2OTZlIn0.0KlJMerLAu8akh4203kh3gFybKnGaXviHtdIh3ec77L3bGlBWkcuG8uJhPvxXB7JZRu5CVkTAUwAV_7Ly7tWAg
2024-12-05 13:20:33.832 [main] INFO  com.apiTests.requests.serviceRequests.detection_controller.ClassificationTypesTests - Response received: [{"id":255,"name":"ACİL DURUM"},{"id":3,"name":"ARAÇ"},{"id":6,"name":"ARIZA"},{"id":4,"name":"DİĞER"},{"id":193,"name":"DOĞRU ALARM"},{"id":2,"name":"HAYVAN"},{"id":1,"name":"İNSAN"},{"id":16,"name":"SABOTAJ"},{"id":71,"name":"YETKİSİZ"}]
2024-12-05 13:20:33.832 [main] INFO  com.apiTests.requests.serviceRequests.detection_controller.ClassificationTypesTests - Status Code: 200
2024-12-05 13:20:33.832 [main] INFO  com.apiTests.requests.serviceRequests.detection_controller.ClassificationTypesTests - 0. Classification Type: ACİL DURUM
2024-12-05 13:20:33.832 [main] INFO  com.apiTests.requests.serviceRequests.detection_controller.ClassificationTypesTests - Classification type found: ACİL DURUM
2024-12-05 13:20:34.340 [main] INFO  com.apiTests.requests.serviceRequests.detection_controller.GetDetectionsTests - Response received: [{"id":"00000000-0000-000a-0000-019298c4ab17","hasImage":false,"description":"descccccccc","detectionCreateTime":1729139878679,"detectionUpdateTime":null,"location":{"lat":37.754223,"lng":33.569424},"zone":{"id":-1,"name":"K11_"},"updated":false,"signature":"siggggggggg","taskId":null,"taskStatus":null,"type":{"id":255,"name":"Emergency"}},{"id":"00000000-0000-000a-0000-019299393e29","hasImage":false,"description":"grouppp","detectionCreateTime":1729147518505,"detectionUpdateTime":null,"location":{"lat":37.754223,"lng":33.569424},"zone":{"id":-1,"name":"K11_"},"updated":false,"signature":"grouppp","taskId":null,"taskStatus":null,"type":{"id":255,"name":"Emergency"}},{"id":"00000000-0000-000a-0000-0192998c5639","hasImage":false,"description":"hakanAslan","detectionCreateTime":1729152964153,"detectionUpdateTime":null,"location":{"lat":37.754223,"lng":33.569424},"zone":{"id":-1,"name":"K11_"},"updated":false,"signature":"hakanAslan","taskId":null,"taskStatus":null,"type":{"id":255,"name":"Emergency"}},{"id":"00000000-0000-000a-0000-0192ae67f0ec","hasImage":false,"description":"Acil durum bildirimidir. Lütfen iletişime geçiniz.","detectionCreateTime":1729502900460,"detectionUpdateTime":1729502901617,"location":{"lat":39.9654642,"lng":32.7665383},"zone":{"id":-1,"name":"K11_"},"updated":true,"signature":null,"taskId":null,"taskStatus":null,"type":{"id":255,"name":"Emergency"}},{"id":"00000000-0000-000a-0000-0192ae6e79f8","hasImage":false,"description":"Acil durum bildirimidir. Lütfen iletişime geçiniz.","detectionCreateTime":1729503328760,"detectionUpdateTime":1729503329926,"location":{"lat":39.9654543,"lng":32.7665293},"zone":{"id":-1,"name":"K11_"},"updated":true,"signature":null,"taskId":null,"taskStatus":null,"type":{"id":255,"name":"Emergency"}},{"id":"00000000-0000-000a-0000-0192ae682ecc","hasImage":false,"description":"Acil durum bildirimidir. Lütfen iletişime geçiniz.","detectionCreateTime":1729502916300,"detectionUpdateTime":1729502917461,"location":{"lat":39.9654559,"lng":32.76653},"zone":{"id":-1,"name":"K11_"},"updated":true,"signature":null,"taskId":null,"taskStatus":null,"type":{"id":255,"name":"Emergency"}},{"id":"00000000-0000-000a-0000-0192ae6897ac","hasImage":false,"description":"Acil durum bildirimidir. Lütfen iletişime geçiniz.","detectionCreateTime":1729502943148,"detectionUpdateTime":1729502944307,"location":{"lat":39.9654564,"lng":32.7665255},"zone":{"id":-1,"name":"K11_"},"updated":true,"signature":null,"taskId":null,"taskStatus":null,"type":{"id":255,"name":"Emergency"}},{"id":"00000000-0000-000a-0000-0192ae68d034","hasImage":false,"description":"Acil durum bildirimidir. Lütfen iletişime geçiniz.","detectionCreateTime":1729502957620,"detectionUpdateTime":1729502958752,"location":{"lat":39.965457,"lng":32.7665221},"zone":{"id":-1,"name":"K11_"},"updated":true,"signature":null,"taskId":null,"taskStatus":null,"type":{"id":255,"name":"Emergency"}},{"id":"00000000-0000-000a-0000-0192ae7236e2","hasImage":false,"description":"Acil durum bildirimidir. Lütfen iletişime geçiniz.","detectionCreateTime":1729503573730,"detectionUpdateTime":1729503574868,"location":{"lat":39.9654607,"lng":32.7665258},"zone":{"id":-1,"name":"K11_"},"updated":true,"signature":null,"taskId":null,"taskStatus":null,"type":{"id":255,"name":"Emergency"}},{"id":"00000000-0000-000a-0000-0192ae7179a7","hasImage":false,"description":"Acil durum bildirimidir. Lütfen iletişime geçiniz.","detectionCreateTime":1729503525287,"detectionUpdateTime":1729503526452,"location":{"lat":39.9654568,"lng":32.766523},"zone":{"id":-1,"name":"K11_"},"updated":true,"signature":null,"taskId":null,"taskStatus":null,"type":{"id":255,"name":"Emergency"}}]
2024-12-05 13:20:34.340 [main] INFO  com.apiTests.requests.serviceRequests.detection_controller.GetDetectionsTests - Status Code: 200
2024-12-05 13:20:34.356 [main] INFO  com.apiTests.requests.serviceRequests.detection_controller.GetDetectionsTests - 0. Detection: 00000000-0000-000a-0000-019298c4ab17 , Emergency
2024-12-05 13:20:34.356 [main] INFO  com.apiTests.requests.serviceRequests.detection_controller.GetDetectionsTests - 1. Detection: 00000000-0000-000a-0000-019299393e29 , Emergency
2024-12-05 13:20:34.356 [main] INFO  com.apiTests.requests.serviceRequests.detection_controller.GetDetectionsTests - 2. Detection: 00000000-0000-000a-0000-0192998c5639 , Emergency
2024-12-05 13:20:34.356 [main] INFO  com.apiTests.requests.serviceRequests.detection_controller.GetDetectionsTests - 3. Detection: 00000000-0000-000a-0000-0192ae67f0ec , Emergency
2024-12-05 13:20:34.356 [main] INFO  com.apiTests.requests.serviceRequests.detection_controller.GetDetectionsTests - 4. Detection: 00000000-0000-000a-0000-0192ae6e79f8 , Emergency
2024-12-05 13:20:34.356 [main] INFO  com.apiTests.requests.serviceRequests.detection_controller.GetDetectionsTests - 5. Detection: 00000000-0000-000a-0000-0192ae682ecc , Emergency
2024-12-05 13:20:34.356 [main] INFO  com.apiTests.requests.serviceRequests.detection_controller.GetDetectionsTests - 6. Detection: 00000000-0000-000a-0000-0192ae6897ac , Emergency
2024-12-05 13:20:34.356 [main] INFO  com.apiTests.requests.serviceRequests.detection_controller.GetDetectionsTests - 7. Detection: 00000000-0000-000a-0000-0192ae68d034 , Emergency
2024-12-05 13:20:34.356 [main] INFO  com.apiTests.requests.serviceRequests.detection_controller.GetDetectionsTests - 8. Detection: 00000000-0000-000a-0000-0192ae7236e2 , Emergency
2024-12-05 13:20:34.356 [main] INFO  com.apiTests.requests.serviceRequests.detection_controller.GetDetectionsTests - 9. Detection: 00000000-0000-000a-0000-0192ae7179a7 , Emergency
2024-12-05 13:20:34.372 [main] ERROR com.apiTests.requests.serviceRequests.detection_controller.GetDetectionsTests - The zone filter does not used!
2024-12-05 13:20:34.372 [main] INFO  com.apiTests.requests.serviceRequests.detection_controller.GetDetectionsTests - The start time and the finish time filter do not used!
]]></system-out>
  </testcase>
  <testcase name="Detection controller service, filter classificationTyp #2" classname="Get Detections" time="1.016">
    <system-out><![CDATA[2024-12-05 13:20:34.667 [main] INFO  com.apiTests.requests.serviceRequests.user_controller.LoginTests - Response received: {"user":{"name":"Sistem Yöneticisi","surname":"ASELSAN","username":"aselsan","detail":{"identityNumber":null,"email":null,"phoneNumber":null,"rank":null,"profilePicture":null,"supervisor":{"name":null,"surname":null}},"pushToken":null,"userLevelId":5,"userLevelName":"Aselsan","id":10},"tokenDetails":{"accessToken":"eyJ0eXAiOiJKV1QiLCJhbGciOiJIUzUxMiJ9.eyJzdWIiOiIxOSIsImF1ZCI6ImFjY2VzcyIsInVzciI6IlNpc3RlbSBZw7ZuZXRpY2lzaSBBU0VMU0FOIiwiaXNzIjoiYXNlbHNhbi5rYXJkZWxlbiIsInJqdGkiOiI0N2EzMmMwNC0zOWZmLTRiN2QtYTE0OS0xMjVmMjhiZTA5MGQiLCJleHAiOjE3MzMzOTQ2MzMsImlhdCI6MTczMzM5NDAzMywianRpIjoiZmExYjRiODktN2M4OC00Nzk0LWI1YjUtYmFhYjE2ZWUzZGZiIn0.SosGuBYrfbQJV_MPpPC1TgynmNq4S46EfvKgRcCudP0RT1J0CIG8jajgGp9qy4ycS6bNp-b5lm5biukWX0zgLA","refreshToken":"eyJ0eXAiOiJKV1QiLCJhbGciOiJIUzUxMiJ9.eyJzdWIiOiIxOSIsImF1ZCI6InJlZnJlc2giLCJpc3MiOiJhc2Vsc2FuLmthcmRlbGVuIiwiZXhwIjoxNzMzNDMwMDMzLCJpYXQiOjE3MzMzOTQwMzMsImp0aSI6IjQ3YTMyYzA0LTM5ZmYtNGI3ZC1hMTQ5LTEyNWYyOGJlMDkwZCJ9.wQ1T0zX_hg9mmZ2yWdI-oQn_RlkJZM9UAo8wi6w1ieVuHtxk1GLf9BIJTZN4B3X64NAiTEPdbuKZKmCoVB3hEQ"},"authorities":["right.detection.createdetection","right.detection.map","right.detection.detail","right.detection.detail.read","right.detection.detail.update","right.detection.filter","right.detection.sort","right.detection.sosmessage","right.task.filter","right.task.sort","right.task.detail","right.task.detail.read","right.task.detail.starttask","right.sensor.list","right.sensor.map","right.sensor.filter","right.sensor.sort","right.profile.read","right.detection","right.task","right.sensor","right.profile","right.detection.incominglist","right.task.outgoinglist","right.detection.outgoinglist","right.task.incominglist","right.task.attachments.list","right.alarm","right.alarm.list","right.alarm.map","right.alarm.filter","right.profile.usermanagement","right.profile.usermanagement.groupauthorization","right.profile.usermanagement.usergroup","right.sensor.detail","right.sensor.detail.read","right.sensor.detail.livestream"]}
2024-12-05 13:20:34.667 [main] INFO  com.apiTests.requests.serviceRequests.user_controller.LoginTests - Status Code: 200
2024-12-05 13:20:34.682 [main] INFO  com.apiTests.serviceSteps.serviceTestSteps.userController.LoginSteps - The system has been logged in with a valid username and password
2024-12-05 13:20:34.682 [main] INFO  com.apiTests.serviceSteps.serviceTestSteps.userController.LoginSteps - The username in the response matches the request
2024-12-05 13:20:34.682 [main] INFO  com.apiTests.requests.HelperMethod - The content was successfully written to the file: src/test/resources/txtFiles/accessToken.txt
2024-12-05 13:20:34.682 [main] INFO  com.apiTests.serviceSteps.serviceTestSteps.userController.LoginSteps - The Access Token has been saved: eyJ0eXAiOiJKV1QiLCJhbGciOiJIUzUxMiJ9.eyJzdWIiOiIxOSIsImF1ZCI6ImFjY2VzcyIsInVzciI6IlNpc3RlbSBZw7ZuZXRpY2lzaSBBU0VMU0FOIiwiaXNzIjoiYXNlbHNhbi5rYXJkZWxlbiIsInJqdGkiOiI0N2EzMmMwNC0zOWZmLTRiN2QtYTE0OS0xMjVmMjhiZTA5MGQiLCJleHAiOjE3MzMzOTQ2MzMsImlhdCI6MTczMzM5NDAzMywianRpIjoiZmExYjRiODktN2M4OC00Nzk0LWI1YjUtYmFhYjE2ZWUzZGZiIn0.SosGuBYrfbQJV_MPpPC1TgynmNq4S46EfvKgRcCudP0RT1J0CIG8jajgGp9qy4ycS6bNp-b5lm5biukWX0zgLA
2024-12-05 13:20:34.980 [main] INFO  com.apiTests.requests.serviceRequests.detection_controller.ClassificationTypesTests - Response received: [{"id":255,"name":"ACİL DURUM"},{"id":3,"name":"ARAÇ"},{"id":6,"name":"ARIZA"},{"id":4,"name":"DİĞER"},{"id":193,"name":"DOĞRU ALARM"},{"id":2,"name":"HAYVAN"},{"id":1,"name":"İNSAN"},{"id":16,"name":"SABOTAJ"},{"id":71,"name":"YETKİSİZ"}]
2024-12-05 13:20:34.980 [main] INFO  com.apiTests.requests.serviceRequests.detection_controller.ClassificationTypesTests - Status Code: 200
2024-12-05 13:20:34.980 [main] INFO  com.apiTests.requests.serviceRequests.detection_controller.ClassificationTypesTests - 0. Classification Type: ACİL DURUM
2024-12-05 13:20:34.980 [main] INFO  com.apiTests.requests.serviceRequests.detection_controller.ClassificationTypesTests - 1. Classification Type: ARAÇ
2024-12-05 13:20:34.980 [main] INFO  com.apiTests.requests.serviceRequests.detection_controller.ClassificationTypesTests - Classification type found: ARAÇ
2024-12-05 13:20:35.372 [main] INFO  com.apiTests.requests.serviceRequests.detection_controller.GetDetectionsTests - Response received: [{"id":"00000000-0000-000a-0000-0193244b444c","hasImage":false,"description":"a12","detectionCreateTime":1731480732748,"detectionUpdateTime":1731480933232,"location":{"lat":39.031,"lng":35.252},"zone":{"id":-1,"name":"K11_"},"updated":true,"signature":"a1","taskId":null,"taskStatus":null,"type":{"id":3,"name":"Vehicle"}},{"id":"00000000-0000-000a-0000-0193495fbcce","hasImage":true,"description":"test99","detectionCreateTime":1732102831310,"detectionUpdateTime":1732107511335,"location":{"lat":36.905217757446,"lng":30.71423458363418},"zone":{"id":-1,"name":"K11_"},"updated":true,"signature":"55sss321","taskId":null,"taskStatus":null,"type":{"id":3,"name":"Vehicle"}},{"id":"00000000-0000-000a-0000-01922831a6cc","hasImage":true,"description":"25.09yvyvcuyfycyc444","detectionCreateTime":1727251195596,"detectionUpdateTime":1727251311845,"location":{"lat":37.890741763098944,"lng":32.50682470993759},"zone":{"id":-1,"name":"K11_"},"updated":true,"signature":"44eee32144","taskId":null,"taskStatus":null,"type":{"id":3,"name":"Vehicle"}},{"id":"00000000-0000-000a-0000-0192ae673531","hasImage":false,"description":"test55","detectionCreateTime":1729502852401,"detectionUpdateTime":1729502853582,"location":{"lat":39.57335835949759,"lng":32.16403650439132},"zone":{"id":-1,"name":"K11_"},"updated":true,"signature":"55sss321","taskId":null,"taskStatus":null,"type":{"id":3,"name":"Vehicle"}},{"id":"00000000-0000-000a-0000-0192ae74be63","hasImage":false,"description":"kib","detectionCreateTime":1729503739491,"detectionUpdateTime":1729503740669,"location":{"lat":35.268917427926674,"lng":33.85390382433425},"zone":{"id":-1,"name":"K11_"},"updated":true,"signature":"44eee321","taskId":null,"taskStatus":null,"type":{"id":3,"name":"Vehicle"}},{"id":"00000000-0000-000a-0000-0192c3c926c7","hasImage":false,"description":"asdasd","detectionCreateTime":1729861592775,"detectionUpdateTime":1731060706014,"location":{"lat":0.0,"lng":0.0},"zone":{"id":-1,"name":"K11_"},"updated":true,"signature":"asdas","taskId":null,"taskStatus":null,"type":{"id":3,"name":"Vehicle"}},{"id":"00000000-0000-000a-0000-0192b45e1551","hasImage":true,"description":"car58","detectionCreateTime":1729602917713,"detectionUpdateTime":1731060347446,"location":{"lat":44.62059838491688,"lng":33.761569193133305},"zone":{"id":-1,"name":"K11_"},"updated":true,"signature":"06uu321","taskId":null,"taskStatus":null,"type":{"id":3,"name":"Vehicle"}}]
2024-12-05 13:20:35.372 [main] INFO  com.apiTests.requests.serviceRequests.detection_controller.GetDetectionsTests - Status Code: 200
2024-12-05 13:20:35.388 [main] INFO  com.apiTests.requests.serviceRequests.detection_controller.GetDetectionsTests - 0. Detection: 00000000-0000-000a-0000-0193244b444c , Vehicle
2024-12-05 13:20:35.388 [main] INFO  com.apiTests.requests.serviceRequests.detection_controller.GetDetectionsTests - 1. Detection: 00000000-0000-000a-0000-0193495fbcce , Vehicle
2024-12-05 13:20:35.388 [main] INFO  com.apiTests.requests.serviceRequests.detection_controller.GetDetectionsTests - 2. Detection: 00000000-0000-000a-0000-01922831a6cc , Vehicle
2024-12-05 13:20:35.388 [main] INFO  com.apiTests.requests.serviceRequests.detection_controller.GetDetectionsTests - 3. Detection: 00000000-0000-000a-0000-0192ae673531 , Vehicle
2024-12-05 13:20:35.388 [main] INFO  com.apiTests.requests.serviceRequests.detection_controller.GetDetectionsTests - 4. Detection: 00000000-0000-000a-0000-0192ae74be63 , Vehicle
2024-12-05 13:20:35.388 [main] INFO  com.apiTests.requests.serviceRequests.detection_controller.GetDetectionsTests - 5. Detection: 00000000-0000-000a-0000-0192c3c926c7 , Vehicle
2024-12-05 13:20:35.388 [main] INFO  com.apiTests.requests.serviceRequests.detection_controller.GetDetectionsTests - 6. Detection: 00000000-0000-000a-0000-0192b45e1551 , Vehicle
2024-12-05 13:20:35.388 [main] ERROR com.apiTests.requests.serviceRequests.detection_controller.GetDetectionsTests - The zone filter does not used!
2024-12-05 13:20:35.388 [main] INFO  com.apiTests.requests.serviceRequests.detection_controller.GetDetectionsTests - The start time and the finish time filter do not used!
]]></system-out>
  </testcase>
  <testcase name="Detection controller service, filter classificationTyp #3" classname="Get Detections" time="2.085">
    <system-out><![CDATA[2024-12-05 13:20:35.875 [main] INFO  com.apiTests.requests.serviceRequests.user_controller.LoginTests - Response received: {"user":{"name":"Sistem Yöneticisi","surname":"ASELSAN","username":"aselsan","detail":{"identityNumber":null,"email":null,"phoneNumber":null,"rank":null,"profilePicture":null,"supervisor":{"name":null,"surname":null}},"pushToken":null,"userLevelId":5,"userLevelName":"Aselsan","id":10},"tokenDetails":{"accessToken":"eyJ0eXAiOiJKV1QiLCJhbGciOiJIUzUxMiJ9.eyJzdWIiOiIxOSIsImF1ZCI6ImFjY2VzcyIsInVzciI6IlNpc3RlbSBZw7ZuZXRpY2lzaSBBU0VMU0FOIiwiaXNzIjoiYXNlbHNhbi5rYXJkZWxlbiIsInJqdGkiOiI3YzgzYTkwMC1lNWYxLTRlNWUtYjgwOC0wYjg2NjlhNDMyZDgiLCJleHAiOjE3MzMzOTQ2MzQsImlhdCI6MTczMzM5NDAzNCwianRpIjoiMjAwZDUyMDItMmM1MC00MGNmLTkwNzgtYjZiMDE0MzEyNjc0In0.22O0IF6Oqnlz82rfj4XJWh4IqxAepdpDAEtFsPrM__nedEgtP1Gb0qrZ-Dq30UfeyShKJz5nifU3pgQhirfTRw","refreshToken":"eyJ0eXAiOiJKV1QiLCJhbGciOiJIUzUxMiJ9.eyJzdWIiOiIxOSIsImF1ZCI6InJlZnJlc2giLCJpc3MiOiJhc2Vsc2FuLmthcmRlbGVuIiwiZXhwIjoxNzMzNDMwMDM0LCJpYXQiOjE3MzMzOTQwMzQsImp0aSI6IjdjODNhOTAwLWU1ZjEtNGU1ZS1iODA4LTBiODY2OWE0MzJkOCJ9.1TIq_poUxBPy8GiNT3DUX6IoVZQQLHA-76g570xesRnXT-EesjlcWmMD41Q_8vMhcg5hBkaiZUcCmd8wHLY8TQ"},"authorities":["right.detection.createdetection","right.detection.map","right.detection.detail","right.detection.detail.read","right.detection.detail.update","right.detection.filter","right.detection.sort","right.detection.sosmessage","right.task.filter","right.task.sort","right.task.detail","right.task.detail.read","right.task.detail.starttask","right.sensor.list","right.sensor.map","right.sensor.filter","right.sensor.sort","right.profile.read","right.detection","right.task","right.sensor","right.profile","right.detection.incominglist","right.task.outgoinglist","right.detection.outgoinglist","right.task.incominglist","right.task.attachments.list","right.alarm","right.alarm.list","right.alarm.map","right.alarm.filter","right.profile.usermanagement","right.profile.usermanagement.groupauthorization","right.profile.usermanagement.usergroup","right.sensor.detail","right.sensor.detail.read","right.sensor.detail.livestream"]}
2024-12-05 13:20:35.875 [main] INFO  com.apiTests.requests.serviceRequests.user_controller.LoginTests - Status Code: 200
2024-12-05 13:20:35.891 [main] INFO  com.apiTests.serviceSteps.serviceTestSteps.userController.LoginSteps - The system has been logged in with a valid username and password
2024-12-05 13:20:35.891 [main] INFO  com.apiTests.serviceSteps.serviceTestSteps.userController.LoginSteps - The username in the response matches the request
2024-12-05 13:20:35.891 [main] INFO  com.apiTests.requests.HelperMethod - The content was successfully written to the file: src/test/resources/txtFiles/accessToken.txt
2024-12-05 13:20:35.891 [main] INFO  com.apiTests.serviceSteps.serviceTestSteps.userController.LoginSteps - The Access Token has been saved: eyJ0eXAiOiJKV1QiLCJhbGciOiJIUzUxMiJ9.eyJzdWIiOiIxOSIsImF1ZCI6ImFjY2VzcyIsInVzciI6IlNpc3RlbSBZw7ZuZXRpY2lzaSBBU0VMU0FOIiwiaXNzIjoiYXNlbHNhbi5rYXJkZWxlbiIsInJqdGkiOiI3YzgzYTkwMC1lNWYxLTRlNWUtYjgwOC0wYjg2NjlhNDMyZDgiLCJleHAiOjE3MzMzOTQ2MzQsImlhdCI6MTczMzM5NDAzNCwianRpIjoiMjAwZDUyMDItMmM1MC00MGNmLTkwNzgtYjZiMDE0MzEyNjc0In0.22O0IF6Oqnlz82rfj4XJWh4IqxAepdpDAEtFsPrM__nedEgtP1Gb0qrZ-Dq30UfeyShKJz5nifU3pgQhirfTRw
2024-12-05 13:20:36.675 [main] INFO  com.apiTests.requests.serviceRequests.detection_controller.ClassificationTypesTests - Response received: [{"id":255,"name":"ACİL DURUM"},{"id":3,"name":"ARAÇ"},{"id":6,"name":"ARIZA"},{"id":4,"name":"DİĞER"},{"id":193,"name":"DOĞRU ALARM"},{"id":2,"name":"HAYVAN"},{"id":1,"name":"İNSAN"},{"id":16,"name":"SABOTAJ"},{"id":71,"name":"YETKİSİZ"}]
2024-12-05 13:20:36.675 [main] INFO  com.apiTests.requests.serviceRequests.detection_controller.ClassificationTypesTests - Status Code: 200
2024-12-05 13:20:36.690 [main] INFO  com.apiTests.requests.serviceRequests.detection_controller.ClassificationTypesTests - 0. Classification Type: ACİL DURUM
2024-12-05 13:20:36.690 [main] INFO  com.apiTests.requests.serviceRequests.detection_controller.ClassificationTypesTests - 1. Classification Type: ARAÇ
2024-12-05 13:20:36.690 [main] INFO  com.apiTests.requests.serviceRequests.detection_controller.ClassificationTypesTests - 2. Classification Type: ARIZA
2024-12-05 13:20:36.690 [main] INFO  com.apiTests.requests.serviceRequests.detection_controller.ClassificationTypesTests - Classification type found: ARIZA
2024-12-05 13:20:37.456 [main] INFO  com.apiTests.requests.serviceRequests.detection_controller.GetDetectionsTests - Response received: [{"id":"00000000-0000-000a-0000-019228acfc4f","hasImage":false,"description":"uvuguvugug","detectionCreateTime":1727259278415,"detectionUpdateTime":null,"location":{"lat":39.031,"lng":35.252},"zone":{"id":-1,"name":"K11_"},"updated":false,"signature":"hccuycyf","taskId":null,"taskStatus":null,"type":{"id":6,"name":"Malfunction"}},{"id":"00000000-0000-000a-0000-019298dfa639","hasImage":false,"description":"GSFB","detectionCreateTime":1729141646905,"detectionUpdateTime":null,"location":{"lat":37.754223,"lng":33.569424},"zone":{"id":-1,"name":"K11_"},"updated":false,"signature":"GSFB","taskId":null,"taskStatus":null,"type":{"id":6,"name":"Malfunction"}},{"id":"00000000-0000-000a-0000-019298c77934","hasImage":false,"description":"descccccccc","detectionCreateTime":1729140062516,"detectionUpdateTime":null,"location":{"lat":37.754223,"lng":33.569424},"zone":{"id":-1,"name":"K11_"},"updated":false,"signature":"siggggggggg","taskId":null,"taskStatus":null,"type":{"id":6,"name":"Malfunction"}},{"id":"00000000-0000-000a-0000-0192ae75e7b5","hasImage":false,"description":"84","detectionCreateTime":1729503815605,"detectionUpdateTime":1729503816809,"location":{"lat":36.92503693657357,"lng":37.55276414688582},"zone":{"id":-1,"name":"K11_"},"updated":true,"signature":"88uuu432","taskId":null,"taskStatus":null,"type":{"id":6,"name":"Malfunction"}}]
2024-12-05 13:20:37.456 [main] INFO  com.apiTests.requests.serviceRequests.detection_controller.GetDetectionsTests - Status Code: 200
2024-12-05 13:20:37.456 [main] INFO  com.apiTests.requests.serviceRequests.detection_controller.GetDetectionsTests - 0. Detection: 00000000-0000-000a-0000-019228acfc4f , Malfunction
2024-12-05 13:20:37.456 [main] INFO  com.apiTests.requests.serviceRequests.detection_controller.GetDetectionsTests - 1. Detection: 00000000-0000-000a-0000-019298dfa639 , Malfunction
2024-12-05 13:20:37.456 [main] INFO  com.apiTests.requests.serviceRequests.detection_controller.GetDetectionsTests - 2. Detection: 00000000-0000-000a-0000-019298c77934 , Malfunction
2024-12-05 13:20:37.456 [main] INFO  com.apiTests.requests.serviceRequests.detection_controller.GetDetectionsTests - 3. Detection: 00000000-0000-000a-0000-0192ae75e7b5 , Malfunction
2024-12-05 13:20:37.456 [main] ERROR com.apiTests.requests.serviceRequests.detection_controller.GetDetectionsTests - The zone filter does not used!
2024-12-05 13:20:37.456 [main] INFO  com.apiTests.requests.serviceRequests.detection_controller.GetDetectionsTests - The start time and the finish time filter do not used!
]]></system-out>
  </testcase>
  <testcase name="Detection controller service, filter classificationTyp #4" classname="Get Detections" time="1.099">
    <system-out><![CDATA[2024-12-05 13:20:37.755 [main] INFO  com.apiTests.requests.serviceRequests.user_controller.LoginTests - Response received: {"user":{"name":"Sistem Yöneticisi","surname":"ASELSAN","username":"aselsan","detail":{"identityNumber":null,"email":null,"phoneNumber":null,"rank":null,"profilePicture":null,"supervisor":{"name":null,"surname":null}},"pushToken":null,"userLevelId":5,"userLevelName":"Aselsan","id":10},"tokenDetails":{"accessToken":"eyJ0eXAiOiJKV1QiLCJhbGciOiJIUzUxMiJ9.eyJzdWIiOiIxOSIsImF1ZCI6ImFjY2VzcyIsInVzciI6IlNpc3RlbSBZw7ZuZXRpY2lzaSBBU0VMU0FOIiwiaXNzIjoiYXNlbHNhbi5rYXJkZWxlbiIsInJqdGkiOiI0MWZmN2ZmNC1kZjcwLTRlNzEtOGE1Yy1jOWVhYzVmMGY2YzciLCJleHAiOjE3MzMzOTQ2MzYsImlhdCI6MTczMzM5NDAzNiwianRpIjoiNzljMmM4NTctMzU4Zi00YmNiLThmOGYtZWM0ZmIwZDVlZjM2In0.oY3gGpT72T6c1i1ziPPlJi1ZTqa5-5aTMIS8W4yiv6aETyIqe8VCeZr6DBzOwlMaXJJXfJXBEzSHDHsUkUdVUA","refreshToken":"eyJ0eXAiOiJKV1QiLCJhbGciOiJIUzUxMiJ9.eyJzdWIiOiIxOSIsImF1ZCI6InJlZnJlc2giLCJpc3MiOiJhc2Vsc2FuLmthcmRlbGVuIiwiZXhwIjoxNzMzNDMwMDM2LCJpYXQiOjE3MzMzOTQwMzYsImp0aSI6IjQxZmY3ZmY0LWRmNzAtNGU3MS04YTVjLWM5ZWFjNWYwZjZjNyJ9.Z1Di0MrNLRG1feoEk8fMvzdo4V_DmxjYdipOXZ8fdnO9zvOyCgv_KeuBMXY30gKfnmKAnE03HI8wRKZLE7edZw"},"authorities":["right.detection.createdetection","right.detection.map","right.detection.detail","right.detection.detail.read","right.detection.detail.update","right.detection.filter","right.detection.sort","right.detection.sosmessage","right.task.filter","right.task.sort","right.task.detail","right.task.detail.read","right.task.detail.starttask","right.sensor.list","right.sensor.map","right.sensor.filter","right.sensor.sort","right.profile.read","right.detection","right.task","right.sensor","right.profile","right.detection.incominglist","right.task.outgoinglist","right.detection.outgoinglist","right.task.incominglist","right.task.attachments.list","right.alarm","right.alarm.list","right.alarm.map","right.alarm.filter","right.profile.usermanagement","right.profile.usermanagement.groupauthorization","right.profile.usermanagement.usergroup","right.sensor.detail","right.sensor.detail.read","right.sensor.detail.livestream"]}
2024-12-05 13:20:37.771 [main] INFO  com.apiTests.requests.serviceRequests.user_controller.LoginTests - Status Code: 200
2024-12-05 13:20:37.788 [main] INFO  com.apiTests.serviceSteps.serviceTestSteps.userController.LoginSteps - The system has been logged in with a valid username and password
2024-12-05 13:20:37.788 [main] INFO  com.apiTests.serviceSteps.serviceTestSteps.userController.LoginSteps - The username in the response matches the request
2024-12-05 13:20:37.788 [main] INFO  com.apiTests.requests.HelperMethod - The content was successfully written to the file: src/test/resources/txtFiles/accessToken.txt
2024-12-05 13:20:37.788 [main] INFO  com.apiTests.serviceSteps.serviceTestSteps.userController.LoginSteps - The Access Token has been saved: eyJ0eXAiOiJKV1QiLCJhbGciOiJIUzUxMiJ9.eyJzdWIiOiIxOSIsImF1ZCI6ImFjY2VzcyIsInVzciI6IlNpc3RlbSBZw7ZuZXRpY2lzaSBBU0VMU0FOIiwiaXNzIjoiYXNlbHNhbi5rYXJkZWxlbiIsInJqdGkiOiI0MWZmN2ZmNC1kZjcwLTRlNzEtOGE1Yy1jOWVhYzVmMGY2YzciLCJleHAiOjE3MzMzOTQ2MzYsImlhdCI6MTczMzM5NDAzNiwianRpIjoiNzljMmM4NTctMzU4Zi00YmNiLThmOGYtZWM0ZmIwZDVlZjM2In0.oY3gGpT72T6c1i1ziPPlJi1ZTqa5-5aTMIS8W4yiv6aETyIqe8VCeZr6DBzOwlMaXJJXfJXBEzSHDHsUkUdVUA
2024-12-05 13:20:38.102 [main] INFO  com.apiTests.requests.serviceRequests.detection_controller.ClassificationTypesTests - Response received: [{"id":255,"name":"ACİL DURUM"},{"id":3,"name":"ARAÇ"},{"id":6,"name":"ARIZA"},{"id":4,"name":"DİĞER"},{"id":193,"name":"DOĞRU ALARM"},{"id":2,"name":"HAYVAN"},{"id":1,"name":"İNSAN"},{"id":16,"name":"SABOTAJ"},{"id":71,"name":"YETKİSİZ"}]
2024-12-05 13:20:38.102 [main] INFO  com.apiTests.requests.serviceRequests.detection_controller.ClassificationTypesTests - Status Code: 200
2024-12-05 13:20:38.102 [main] INFO  com.apiTests.requests.serviceRequests.detection_controller.ClassificationTypesTests - 0. Classification Type: ACİL DURUM
2024-12-05 13:20:38.102 [main] INFO  com.apiTests.requests.serviceRequests.detection_controller.ClassificationTypesTests - 1. Classification Type: ARAÇ
2024-12-05 13:20:38.102 [main] INFO  com.apiTests.requests.serviceRequests.detection_controller.ClassificationTypesTests - 2. Classification Type: ARIZA
2024-12-05 13:20:38.102 [main] INFO  com.apiTests.requests.serviceRequests.detection_controller.ClassificationTypesTests - 3. Classification Type: DİĞER
2024-12-05 13:20:38.102 [main] INFO  com.apiTests.requests.serviceRequests.detection_controller.ClassificationTypesTests - Classification type found: DİĞER
2024-12-05 13:20:38.557 [main] INFO  com.apiTests.requests.serviceRequests.detection_controller.GetDetectionsTests - Response received: []
2024-12-05 13:20:38.557 [main] INFO  com.apiTests.requests.serviceRequests.detection_controller.GetDetectionsTests - Status Code: 200
2024-12-05 13:20:38.572 [main] ERROR com.apiTests.requests.serviceRequests.detection_controller.GetDetectionsTests - Detection List is empty!
]]></system-out>
  </testcase>
  <testcase name="Detection controller service, filter classificationTyp #5" classname="Get Detections" time="1.317">
    <system-out><![CDATA[2024-12-05 13:20:39.153 [main] INFO  com.apiTests.requests.serviceRequests.user_controller.LoginTests - Response received: {"user":{"name":"Sistem Yöneticisi","surname":"ASELSAN","username":"aselsan","detail":{"identityNumber":null,"email":null,"phoneNumber":null,"rank":null,"profilePicture":null,"supervisor":{"name":null,"surname":null}},"pushToken":null,"userLevelId":5,"userLevelName":"Aselsan","id":10},"tokenDetails":{"accessToken":"eyJ0eXAiOiJKV1QiLCJhbGciOiJIUzUxMiJ9.eyJzdWIiOiIxOSIsImF1ZCI6ImFjY2VzcyIsInVzciI6IlNpc3RlbSBZw7ZuZXRpY2lzaSBBU0VMU0FOIiwiaXNzIjoiYXNlbHNhbi5rYXJkZWxlbiIsInJqdGkiOiJmZDdmODZjYS1kNDFjLTQyMjAtODY4NS01OTJiOTBkMmYzZGMiLCJleHAiOjE3MzMzOTQ2MzgsImlhdCI6MTczMzM5NDAzOCwianRpIjoiNTA4NmZjZGUtMWNiOS00ZWZiLWE5NmItY2IxMzE2ZTY3NDUyIn0.ycTbdR3-LOUFZsdtl5ApxfYYru6dPcJkjJp2dUHrr1Tk-m-aEsmhjuUlVX8mMQ5t9xs3f9GwHGoCDav8FIVGsg","refreshToken":"eyJ0eXAiOiJKV1QiLCJhbGciOiJIUzUxMiJ9.eyJzdWIiOiIxOSIsImF1ZCI6InJlZnJlc2giLCJpc3MiOiJhc2Vsc2FuLmthcmRlbGVuIiwiZXhwIjoxNzMzNDMwMDM4LCJpYXQiOjE3MzMzOTQwMzgsImp0aSI6ImZkN2Y4NmNhLWQ0MWMtNDIyMC04Njg1LTU5MmI5MGQyZjNkYyJ9.eM6gnaC8bhbn5Dm7J-JYtQeNgAhF3QoShCMCaJCpmlNsa1cvYk6vy6Lh3u1dDlRYtrPKQF66ZJYiWP0rFlWQ7g"},"authorities":["right.detection.createdetection","right.detection.map","right.detection.detail","right.detection.detail.read","right.detection.detail.update","right.detection.filter","right.detection.sort","right.detection.sosmessage","right.task.filter","right.task.sort","right.task.detail","right.task.detail.read","right.task.detail.starttask","right.sensor.list","right.sensor.map","right.sensor.filter","right.sensor.sort","right.profile.read","right.detection","right.task","right.sensor","right.profile","right.detection.incominglist","right.task.outgoinglist","right.detection.outgoinglist","right.task.incominglist","right.task.attachments.list","right.alarm","right.alarm.list","right.alarm.map","right.alarm.filter","right.profile.usermanagement","right.profile.usermanagement.groupauthorization","right.profile.usermanagement.usergroup","right.sensor.detail","right.sensor.detail.read","right.sensor.detail.livestream"]}
2024-12-05 13:20:39.153 [main] INFO  com.apiTests.requests.serviceRequests.user_controller.LoginTests - Status Code: 200
2024-12-05 13:20:39.168 [main] INFO  com.apiTests.serviceSteps.serviceTestSteps.userController.LoginSteps - The system has been logged in with a valid username and password
2024-12-05 13:20:39.168 [main] INFO  com.apiTests.serviceSteps.serviceTestSteps.userController.LoginSteps - The username in the response matches the request
2024-12-05 13:20:39.168 [main] INFO  com.apiTests.requests.HelperMethod - The content was successfully written to the file: src/test/resources/txtFiles/accessToken.txt
2024-12-05 13:20:39.168 [main] INFO  com.apiTests.serviceSteps.serviceTestSteps.userController.LoginSteps - The Access Token has been saved: eyJ0eXAiOiJKV1QiLCJhbGciOiJIUzUxMiJ9.eyJzdWIiOiIxOSIsImF1ZCI6ImFjY2VzcyIsInVzciI6IlNpc3RlbSBZw7ZuZXRpY2lzaSBBU0VMU0FOIiwiaXNzIjoiYXNlbHNhbi5rYXJkZWxlbiIsInJqdGkiOiJmZDdmODZjYS1kNDFjLTQyMjAtODY4NS01OTJiOTBkMmYzZGMiLCJleHAiOjE3MzMzOTQ2MzgsImlhdCI6MTczMzM5NDAzOCwianRpIjoiNTA4NmZjZGUtMWNiOS00ZWZiLWE5NmItY2IxMzE2ZTY3NDUyIn0.ycTbdR3-LOUFZsdtl5ApxfYYru6dPcJkjJp2dUHrr1Tk-m-aEsmhjuUlVX8mMQ5t9xs3f9GwHGoCDav8FIVGsg
2024-12-05 13:20:39.514 [main] INFO  com.apiTests.requests.serviceRequests.detection_controller.ClassificationTypesTests - Response received: [{"id":255,"name":"ACİL DURUM"},{"id":3,"name":"ARAÇ"},{"id":6,"name":"ARIZA"},{"id":4,"name":"DİĞER"},{"id":193,"name":"DOĞRU ALARM"},{"id":2,"name":"HAYVAN"},{"id":1,"name":"İNSAN"},{"id":16,"name":"SABOTAJ"},{"id":71,"name":"YETKİSİZ"}]
2024-12-05 13:20:39.514 [main] INFO  com.apiTests.requests.serviceRequests.detection_controller.ClassificationTypesTests - Status Code: 200
2024-12-05 13:20:39.514 [main] INFO  com.apiTests.requests.serviceRequests.detection_controller.ClassificationTypesTests - 0. Classification Type: ACİL DURUM
2024-12-05 13:20:39.514 [main] INFO  com.apiTests.requests.serviceRequests.detection_controller.ClassificationTypesTests - 1. Classification Type: ARAÇ
2024-12-05 13:20:39.514 [main] INFO  com.apiTests.requests.serviceRequests.detection_controller.ClassificationTypesTests - 2. Classification Type: ARIZA
2024-12-05 13:20:39.514 [main] INFO  com.apiTests.requests.serviceRequests.detection_controller.ClassificationTypesTests - 3. Classification Type: DİĞER
2024-12-05 13:20:39.514 [main] INFO  com.apiTests.requests.serviceRequests.detection_controller.ClassificationTypesTests - 4. Classification Type: DOĞRU ALARM
2024-12-05 13:20:39.514 [main] INFO  com.apiTests.requests.serviceRequests.detection_controller.ClassificationTypesTests - Classification type found: DOĞRU ALARM
2024-12-05 13:20:39.874 [main] INFO  com.apiTests.requests.serviceRequests.detection_controller.GetDetectionsTests - Response received: [{"id":"00000000-0000-000a-0000-01930b45f2a9","hasImage":false,"description":"da","detectionCreateTime":1731060953769,"detectionUpdateTime":1731060954753,"location":{"lat":39.96669068994513,"lng":32.76807441194585},"zone":{"id":-1,"name":"K11_"},"updated":true,"signature":"da","taskId":null,"taskStatus":null,"type":{"id":193,"name":"Alarm"}},{"id":"00000000-0000-000a-0000-01930b55fece","hasImage":false,"description":"y","detectionCreateTime":1731062005454,"detectionUpdateTime":null,"location":{"lat":39.031,"lng":35.252},"zone":{"id":-1,"name":"K11_"},"updated":false,"signature":"x","taskId":"957aa425-34a7-4889-8f01-37065a60a7fb","taskStatus":6,"type":{"id":193,"name":"Alarm"}}]
2024-12-05 13:20:39.874 [main] INFO  com.apiTests.requests.serviceRequests.detection_controller.GetDetectionsTests - Status Code: 200
2024-12-05 13:20:39.889 [main] INFO  com.apiTests.requests.serviceRequests.detection_controller.GetDetectionsTests - 0. Detection: 00000000-0000-000a-0000-01930b45f2a9 , Alarm
2024-12-05 13:20:39.889 [main] INFO  com.apiTests.requests.serviceRequests.detection_controller.GetDetectionsTests - 1. Detection: 00000000-0000-000a-0000-01930b55fece , Alarm
2024-12-05 13:20:39.889 [main] ERROR com.apiTests.requests.serviceRequests.detection_controller.GetDetectionsTests - The zone filter does not used!
2024-12-05 13:20:39.889 [main] INFO  com.apiTests.requests.serviceRequests.detection_controller.GetDetectionsTests - The start time and the finish time filter do not used!
]]></system-out>
  </testcase>
  <testcase name="Detection controller service, filter classificationTyp #6" classname="Get Detections" time="1.263">
[...]
2024-12-05 13:21:00.416 [main] INFO  com.apiTests.requests.serviceRequests.detection_controller.GetDetectionsTests - Status Code: 200
2024-12-05 13:21:00.416 [main] ERROR com.apiTests.requests.serviceRequests.detection_controller.GetDetectionsTests - The classification type filter does not used!
2024-12-05 13:21:00.416 [main] ERROR com.apiTests.requests.serviceRequests.detection_controller.GetDetectionsTests - The zone filter does not used!
2024-12-05 13:21:00.416 [main] ERROR com.apiTests.requests.serviceRequests.detection_controller.GetDetectionsTests - The start time is null but the finish time is not null: This situation is not possible!
]]></system-out>
  </testcase>
  <testcase name="Detection controller service, filter createdByMe #1" classname="Get Detections" time="0.721">
    <system-out><![CDATA[2024-12-05 13:21:00.683 [main] INFO  com.apiTests.requests.serviceRequests.user_controller.LoginTests - Response received: {"user":{"name":"Sistem Yöneticisi","surname":"ASELSAN","username":"aselsan","detail":{"identityNumber":null,"email":null,"phoneNumber":null,"rank":null,"profilePicture":null,"supervisor":{"name":null,"surname":null}},"pushToken":null,"userLevelId":5,"userLevelName":"Aselsan","id":10},"tokenDetails":{"accessToken":"eyJ0eXAiOiJKV1QiLCJhbGciOiJIUzUxMiJ9.eyJzdWIiOiIxOSIsImF1ZCI6ImFjY2VzcyIsInVzciI6IlNpc3RlbSBZw7ZuZXRpY2lzaSBBU0VMU0FOIiwiaXNzIjoiYXNlbHNhbi5rYXJkZWxlbiIsInJqdGkiOiJiOTYwNDM5ZS0wMGU1LTQ0YzAtYWQ3Yy03M2EwMGE5YWRhMTYiLCJleHAiOjE3MzMzOTQ2NTksImlhdCI6MTczMzM5NDA1OSwianRpIjoiZWM1NjM4ZGItYWI3Yi00YzM5LWIzY2MtMTJjMDAwYzZjYTBlIn0.OOsY0eOrrTgOMBUjIOxDsydR2FtU_TzWodtxXQuMrIw9mQCXSTeDj0ml9CYPDVrcqGDTRIonZ66dfLFVQyp_5A","refreshToken":"eyJ0eXAiOiJKV1QiLCJhbGciOiJIUzUxMiJ9.eyJzdWIiOiIxOSIsImF1ZCI6InJlZnJlc2giLCJpc3MiOiJhc2Vsc2FuLmthcmRlbGVuIiwiZXhwIjoxNzMzNDMwMDU5LCJpYXQiOjE3MzMzOTQwNTksImp0aSI6ImI5NjA0MzllLTAwZTUtNDRjMC1hZDdjLTczYTAwYTlhZGExNiJ9.MCHE0bcXGlUhprpo8HG8BKXAW5gB1lmFt4tVEiVzsouN2_l4bF71QK6klLIa5WAXGdL6fezVFPTej1P156-YzA"},"authorities":["right.detection.createdetection","right.detection.map","right.detection.detail","right.detection.detail.read","right.detection.detail.update","right.detection.filter","right.detection.sort","right.detection.sosmessage","right.task.filter","right.task.sort","right.task.detail","right.task.detail.read","right.task.detail.starttask","right.sensor.list","right.sensor.map","right.sensor.filter","right.sensor.sort","right.profile.read","right.detection","right.task","right.sensor","right.profile","right.detection.incominglist","right.task.outgoinglist","right.detection.outgoinglist","right.task.incominglist","right.task.attachments.list","right.alarm","right.alarm.list","right.alarm.map","right.alarm.filter","right.profile.usermanagement","right.profile.usermanagement.groupauthorization","right.profile.usermanagement.usergroup","right.sensor.detail","right.sensor.detail.read","right.sensor.detail.livestream"]}
2024-12-05 13:21:00.683 [main] INFO  com.apiTests.requests.serviceRequests.user_controller.LoginTests - Status Code: 200
2024-12-05 13:21:00.699 [main] INFO  com.apiTests.serviceSteps.serviceTestSteps.userController.LoginSteps - The system has been logged in with a valid username and password
2024-12-05 13:21:00.714 [main] INFO  com.apiTests.serviceSteps.serviceTestSteps.userController.LoginSteps - The username in the response matches the request
2024-12-05 13:21:00.714 [main] INFO  com.apiTests.requests.HelperMethod - The content was successfully written to the file: src/test/resources/txtFiles/accessToken.txt
2024-12-05 13:21:00.714 [main] INFO  com.apiTests.serviceSteps.serviceTestSteps.userController.LoginSteps - The Access Token has been saved: eyJ0eXAiOiJKV1QiLCJhbGciOiJIUzUxMiJ9.eyJzdWIiOiIxOSIsImF1ZCI6ImFjY2VzcyIsInVzciI6IlNpc3RlbSBZw7ZuZXRpY2lzaSBBU0VMU0FOIiwiaXNzIjoiYXNlbHNhbi5rYXJkZWxlbiIsInJqdGkiOiJiOTYwNDM5ZS0wMGU1LTQ0YzAtYWQ3Yy03M2EwMGE5YWRhMTYiLCJleHAiOjE3MzMzOTQ2NTksImlhdCI6MTczMzM5NDA1OSwianRpIjoiZWM1NjM4ZGItYWI3Yi00YzM5LWIzY2MtMTJjMDAwYzZjYTBlIn0.OOsY0eOrrTgOMBUjIOxDsydR2FtU_TzWodtxXQuMrIw9mQCXSTeDj0ml9CYPDVrcqGDTRIonZ66dfLFVQyp_5A
2024-12-05 13:21:01.153 [main] INFO  com.apiTests.requests.serviceRequests.detection_controller.GetDetectionsTests - Response received: [{"id":"00000000-0000-000a-0000-0192f605e9db","hasImage":false,"description":"upp","detectionCreateTime":1730704435675,"detectionUpdateTime":1730804907029,"location":{"lat":0.0,"lng":0.0},"zone":{"id":-1,"name":"K11_"},"updated":true,"signature":"upp","taskId":null,"taskStatus":null,"type":{"id":71,"name":"Unauthorized"}},{"id":"00000000-0000-000a-0000-0192b45e1551","hasImage":true,"description":"car58","detectionCreateTime":1729602917713,"detectionUpdateTime":1731060347446,"location":{"lat":44.62059838491688,"lng":33.761569193133305},"zone":{"id":-1,"name":"K11_"},"updated":true,"signature":"06uu321","taskId":null,"taskStatus":null,"type":{"id":3,"name":"Vehicle"}},{"id":"00000000-0000-000a-0000-01930b45f2a9","hasImage":false,"description":"da","detectionCreateTime":1731060953769,"detectionUpdateTime":1731060954753,"location":{"lat":39.96669068994513,"lng":32.76807441194585},"zone":{"id":-1,"name":"K11_"},"updated":true,"signature":"da","taskId":null,"taskStatus":null,"type":{"id":193,"name":"Alarm"}},{"id":"00000000-0000-000a-0000-01930b55fece","hasImage":false,"description":"y","detectionCreateTime":1731062005454,"detectionUpdateTime":null,"location":{"lat":39.031,"lng":35.252},"zone":{"id":-1,"name":"K11_"},"updated":false,"signature":"x","taskId":"957aa425-34a7-4889-8f01-37065a60a7fb","taskStatus":6,"type":{"id":193,"name":"Alarm"}},{"id":"00000000-0000-000a-0000-019319efe98b","hasImage":false,"description":"twicee","detectionCreateTime":1731306973579,"detectionUpdateTime":1731307112646,"location":{"lat":0.0,"lng":0.0},"zone":{"id":-1,"name":"K11_"},"updated":true,"signature":"twicee","taskId":null,"taskStatus":null,"type":{"id":255,"name":"Emergency"}},{"id":"00000000-0000-000a-0000-01931a1cc36b","hasImage":false,"description":"130","detectionCreateTime":1731309912939,"detectionUpdateTime":null,"location":{"lat":37.754223,"lng":33.569424},"zone":{"id":-1,"name":"K11_"},"updated":false,"signature":"130","taskId":null,"taskStatus":null,"type":{"id":255,"name":"Emergency"}},{"id":"00000000-0000-000a-0000-01931a1edcfd","hasImage":false,"description":"955","detectionCreateTime":1731310050557,"detectionUpdateTime":1731310153382,"location":{"lat":0.0,"lng":0.0},"zone":{"id":-1,"name":"K11_"},"updated":true,"signature":"955","taskId":null,"taskStatus":null,"type":{"id":71,"name":"Unauthorized"}},{"id":"00000000-0000-000a-0000-01931a33b2cd","hasImage":false,"description":"jqueryy","detectionCreateTime":1731311416013,"detectionUpdateTime":1731313234581,"location":{"lat":0.0,"lng":0.0},"zone":{"id":-1,"name":"K11_"},"updated":true,"signature":"jqueryy","taskId":null,"taskStatus":null,"type":{"id":255,"name":"Emergency"}},{"id":"00000000-0000-000a-0000-01931aae317d","hasImage":false,"description":"parent","detectionCreateTime":1731319443837,"detectionUpdateTime":null,"location":{"lat":37.754223,"lng":33.569424},"zone":{"id":-1,"name":"K11_"},"updated":false,"signature":"parent","taskId":null,"taskStatus":null,"type":{"id":255,"name":"Emergency"}},{"id":"00000000-0000-000a-0000-01931ab09296","hasImage":false,"description":"parent","detectionCreateTime":1731319599766,"detectionUpdateTime":null,"location":{"lat":37.754223,"lng":33.569424},"zone":{"id":-1,"name":"K11_"},"updated":false,"signature":"parent","taskId":null,"taskStatus":null,"type":{"id":255,"name":"Emergency"}}]
2024-12-05 13:21:01.153 [main] INFO  com.apiTests.requests.serviceRequests.detection_controller.GetDetectionsTests - Status Code: 200
2024-12-05 13:21:01.153 [main] ERROR com.apiTests.requests.serviceRequests.detection_controller.GetDetectionsTests - The classification type filter does not used!
2024-12-05 13:21:01.153 [main] ERROR com.apiTests.requests.serviceRequests.detection_controller.GetDetectionsTests - The zone filter does not used!
2024-12-05 13:21:01.153 [main] INFO  com.apiTests.requests.serviceRequests.detection_controller.GetDetectionsTests - The start time and the finish time filter do not used!
]]></system-out>
  </testcase>
  <testcase name="Detection controller service, filter createdByMe #2" classname="Get Detections" time="1.078">
    <system-out><![CDATA[2024-12-05 13:21:01.482 [main] INFO  com.apiTests.requests.serviceRequests.user_controller.LoginTests - Response received: {"user":{"name":"Sistem Yöneticisi","surname":"ASELSAN","username":"aselsan","detail":{"identityNumber":null,"email":null,"phoneNumber":null,"rank":null,"profilePicture":null,"supervisor":{"name":null,"surname":null}},"pushToken":null,"userLevelId":5,"userLevelName":"Aselsan","id":10},"tokenDetails":{"accessToken":"eyJ0eXAiOiJKV1QiLCJhbGciOiJIUzUxMiJ9.eyJzdWIiOiIxOSIsImF1ZCI6ImFjY2VzcyIsInVzciI6IlNpc3RlbSBZw7ZuZXRpY2lzaSBBU0VMU0FOIiwiaXNzIjoiYXNlbHNhbi5rYXJkZWxlbiIsInJqdGkiOiJhN2EyZmU3Yi05MDczLTQ4NDUtYjQ2My05MmYyZGU1YWRkYmUiLCJleHAiOjE3MzMzOTQ2NjAsImlhdCI6MTczMzM5NDA2MCwianRpIjoiYzI5ZTY0YTAtNTkzNC00ZmZkLWI3MTMtYzZkOTg5Y2IwNWUzIn0.bTs1lunIIkY-GMDx06vB-A971WqUbHbbuHZGryyU7ZITI8Gx3pZcLCpRPWqBv0_LRchSL_PHWjae1Kse4xGwEw","refreshToken":"eyJ0eXAiOiJKV1QiLCJhbGciOiJIUzUxMiJ9.eyJzdWIiOiIxOSIsImF1ZCI6InJlZnJlc2giLCJpc3MiOiJhc2Vsc2FuLmthcmRlbGVuIiwiZXhwIjoxNzMzNDMwMDYwLCJpYXQiOjE3MzMzOTQwNjAsImp0aSI6ImE3YTJmZTdiLTkwNzMtNDg0NS1iNDYzLTkyZjJkZTVhZGRiZSJ9.rlXNiB2F3XtnJDb7glq6gI2NTVajuO72MupC0ouK2FIOk739-RXXA03YgfYbV031AnF3HWV5raaGE75ICFSySA"},"authorities":["right.detection.createdetection","right.detection.map","right.detection.detail","right.detection.detail.read","right.detection.detail.update","right.detection.filter","right.detection.sort","right.detection.sosmessage","right.task.filter","right.task.sort","right.task.detail","right.task.detail.read","right.task.detail.starttask","right.sensor.list","right.sensor.map","right.sensor.filter","right.sensor.sort","right.profile.read","right.detection","right.task","right.sensor","right.profile","right.detection.incominglist","right.task.outgoinglist","right.detection.outgoinglist","right.task.incominglist","right.task.attachments.list","right.alarm","right.alarm.list","right.alarm.map","right.alarm.filter","right.profile.usermanagement","right.profile.usermanagement.groupauthorization","right.profile.usermanagement.usergroup","right.sensor.detail","right.sensor.detail.read","right.sensor.detail.livestream"]}
2024-12-05 13:21:01.482 [main] INFO  com.apiTests.requests.serviceRequests.user_controller.LoginTests - Status Code: 200
2024-12-05 13:21:01.499 [main] INFO  com.apiTests.serviceSteps.serviceTestSteps.userController.LoginSteps - The system has been logged in with a valid username and password
2024-12-05 13:21:01.499 [main] INFO  com.apiTests.serviceSteps.serviceTestSteps.userController.LoginSteps - The username in the response matches the request
2024-12-05 13:21:01.499 [main] INFO  com.apiTests.requests.HelperMethod - The content was successfully written to the file: src/test/resources/txtFiles/accessToken.txt
2024-12-05 13:21:01.499 [main] INFO  com.apiTests.serviceSteps.serviceTestSteps.userController.LoginSteps - The Access Token has been saved: eyJ0eXAiOiJKV1QiLCJhbGciOiJIUzUxMiJ9.eyJzdWIiOiIxOSIsImF1ZCI6ImFjY2VzcyIsInVzciI6IlNpc3RlbSBZw7ZuZXRpY2lzaSBBU0VMU0FOIiwiaXNzIjoiYXNlbHNhbi5rYXJkZWxlbiIsInJqdGkiOiJhN2EyZmU3Yi05MDczLTQ4NDUtYjQ2My05MmYyZGU1YWRkYmUiLCJleHAiOjE3MzMzOTQ2NjAsImlhdCI6MTczMzM5NDA2MCwianRpIjoiYzI5ZTY0YTAtNTkzNC00ZmZkLWI3MTMtYzZkOTg5Y2IwNWUzIn0.bTs1lunIIkY-GMDx06vB-A971WqUbHbbuHZGryyU7ZITI8Gx3pZcLCpRPWqBv0_LRchSL_PHWjae1Kse4xGwEw
2024-12-05 13:21:02.216 [main] INFO  com.apiTests.requests.serviceRequests.detection_controller.GetDetectionsTests - Response received: [{"id":"00000000-0000-014e-0000-01931eb0c389","hasImage":false,"description":"Acil durum bildirimidir. Lütfen iletişime geçiniz.","detectionCreateTime":1731386721161,"detectionUpdateTime":null,"location":{"lat":39.9656028,"lng":32.7661838},"zone":{"id":-1,"name":"K11_"},"updated":false,"signature":null,"taskId":null,"taskStatus":null,"username":"opName opSurname","type":{"id":255,"name":"Emergency"}},{"id":"00000000-0000-014e-0000-019329949731","hasImage":false,"description":"Acil durum bildirimidir. Lütfen iletişime geçiniz.","detectionCreateTime":1731569424177,"detectionUpdateTime":null,"location":{"lat":39.9654509,"lng":32.7665138},"zone":{"id":-1,"name":"K11_"},"updated":false,"signature":null,"taskId":null,"taskStatus":null,"username":"opName opSurname","type":{"id":255,"name":"Emergency"}},{"id":"00000000-0000-014e-0000-01932a3f7a69","hasImage":false,"description":"Acil durum bildirimidir. Lütfen iletişime geçiniz.","detectionCreateTime":1731580623465,"detectionUpdateTime":null,"location":{"lat":39.9654645,"lng":32.7664817},"zone":{"id":-1,"name":"K11_"},"updated":false,"signature":null,"taskId":null,"taskStatus":null,"username":"opName opSurname","type":{"id":255,"name":"Emergency"}},{"id":"00000000-0000-014e-0000-01932a4137bf","hasImage":false,"description":"rrr99","detectionCreateTime":1731580737471,"detectionUpdateTime":1731580773259,"location":{"lat":36.96503044737777,"lng":36.43311282152444},"zone":{"id":-1,"name":"K11_"},"updated":true,"signature":"rrr","taskId":null,"taskStatus":null,"username":"opName opSurname","type":{"id":3,"name":"Vehicle"}},{"id":"00000000-0000-014e-0000-01932a443ab6","hasImage":false,"description":"33339999","detectionCreateTime":1731580934838,"detectionUpdateTime":1731580952742,"location":{"lat":35.19063428016642,"lng":33.64827645919931},"zone":{"id":-1,"name":"K11_"},"updated":true,"signature":"44","taskId":null,"taskStatus":null,"username":"opName opSurname","type":{"id":71,"name":"Unauthorized"}},{"id":"00000000-0000-014e-0000-01932a46dcf5","hasImage":false,"description":"Acil durum bildirimidir. Lütfen iletişime geçiniz.11","detectionCreateTime":1731581107445,"detectionUpdateTime":1731581119550,"location":{"lat":39.9654611,"lng":32.7664854},"zone":{"id":-1,"name":"K11_"},"updated":true,"signature":null,"taskId":null,"taskStatus":null,"username":"opName opSurname","type":{"id":255,"name":"Emergency"}},{"id":"00000000-0000-014e-0000-01932a4e66c3","hasImage":false,"description":"Acil durum bildirimidir. Lütfen iletişime geçiniz.","detectionCreateTime":1731581601475,"detectionUpdateTime":null,"location":{"lat":39.9654516,"lng":32.7665003},"zone":{"id":-1,"name":"K11_"},"updated":false,"signature":null,"taskId":null,"taskStatus":null,"username":"opName opSurname","type":{"id":255,"name":"Emergency"}},{"id":"00000000-0000-014e-0000-01932a4f3bf9","hasImage":false,"description":"Acil durum bildirimidir. Lütfen iletişime geçiniz.","detectionCreateTime":1731581656057,"detectionUpdateTime":null,"location":{"lat":39.965454,"lng":32.7664934},"zone":{"id":-1,"name":"K11_"},"updated":false,"signature":null,"taskId":null,"taskStatus":null,"username":"opName opSurname","type":{"id":255,"name":"Emergency"}},{"id":"00000000-0000-014e-0000-01932a50bb89","hasImage":false,"description":"kib","detectionCreateTime":1731581754249,"detectionUpdateTime":null,"location":{"lat":35.147754495863744,"lng":33.7687495970165},"zone":{"id":-1,"name":"K11_"},"updated":false,"signature":"kib","taskId":null,"taskStatus":null,"username":"opName opSurname","type":{"id":16,"name":"Sabotage"}},{"id":"00000000-0000-014e-0000-01932a50d25f","hasImage":false,"description":"Acil durum bildirimidir. Lütfen iletişime geçiniz.","detectionCreateTime":1731581760095,"detectionUpdateTime":null,"location":{"lat":39.9654587,"lng":32.7664888},"zone":{"id":-1,"name":"K11_"},"updated":false,"signature":null,"taskId":null,"taskStatus":null,"username":"opName opSurname","type":{"id":255,"name":"Emergency"}}]
2024-12-05 13:21:02.216 [main] INFO  com.apiTests.requests.serviceRequests.detection_controller.GetDetectionsTests - Status Code: 200
2024-12-05 13:21:02.231 [main] ERROR com.apiTests.requests.serviceRequests.detection_controller.GetDetectionsTests - The classification type filter does not used!
2024-12-05 13:21:02.231 [main] ERROR com.apiTests.requests.serviceRequests.detection_controller.GetDetectionsTests - The zone filter does not used!
2024-12-05 13:21:02.231 [main] INFO  com.apiTests.requests.serviceRequests.detection_controller.GetDetectionsTests - The start time and the finish time filter do not used!
2024-12-05 13:21:02.231 [main] INFO  com.apiTests.requests.serviceRequests.detection_controller.GetDetectionsTests -  createdByMe = false and username is not null and detections created by another user
2024-12-05 13:21:02.231 [main] INFO  com.apiTests.requests.serviceRequests.detection_controller.GetDetectionsTests -  createdByMe = false and username is not null and detections created by another user
2024-12-05 13:21:02.231 [main] INFO  com.apiTests.requests.serviceRequests.detection_controller.GetDetectionsTests -  createdByMe = false and username is not null and detections created by another user
2024-12-05 13:21:02.231 [main] INFO  com.apiTests.requests.serviceRequests.detection_controller.GetDetectionsTests -  createdByMe = false and username is not null and detections created by another user
2024-12-05 13:21:02.231 [main] INFO  com.apiTests.requests.serviceRequests.detection_controller.GetDetectionsTests -  createdByMe = false and username is not null and detections created by another user
2024-12-05 13:21:02.231 [main] INFO  com.apiTests.requests.serviceRequests.detection_controller.GetDetectionsTests -  createdByMe = false and username is not null and detections created by another user
2024-12-05 13:21:02.231 [main] INFO  com.apiTests.requests.serviceRequests.detection_controller.GetDetectionsTests -  createdByMe = false and username is not null and detections created by another user
2024-12-05 13:21:02.231 [main] INFO  com.apiTests.requests.serviceRequests.detection_controller.GetDetectionsTests -  createdByMe = false and username is not null and detections created by another user
2024-12-05 13:21:02.231 [main] INFO  com.apiTests.requests.serviceRequests.detection_controller.GetDetectionsTests -  createdByMe = false and username is not null and detections created by another user
2024-12-05 13:21:02.231 [main] INFO  com.apiTests.requests.serviceRequests.detection_controller.GetDetectionsTests -  createdByMe = false and username is not null and detections created by another user
]]></system-out>
  </testcase>
</testsuite>